{"/Users/haroldv/Projects/erp-ari-hv/erp-backend/src/app.module.ts": {"path":"/Users/haroldv/Projects/erp-ari-hv/erp-backend/src/app.module.ts","statementMap":{"0":{"start":{"line":1,"column":0},"end":{"line":1,"column":54}},"1":{"start":{"line":2,"column":0},"end":{"line":2,"column":25}},"2":{"start":{"line":3,"column":0},"end":{"line":3,"column":29}},"3":{"start":{"line":4,"column":0},"end":{"line":4,"column":40}},"4":{"start":{"line":5,"column":0},"end":{"line":5,"column":68}},"5":{"start":{"line":6,"column":0},"end":{"line":6,"column":61}},"6":{"start":{"line":7,"column":0},"end":{"line":7,"column":48}},"7":{"start":{"line":8,"column":0},"end":{"line":8,"column":37}},"8":{"start":{"line":9,"column":0},"end":{"line":9,"column":41}},"9":{"start":{"line":10,"column":0},"end":{"line":10,"column":90}},"10":{"start":{"line":11,"column":0},"end":{"line":11,"column":80}},"11":{"start":{"line":12,"column":0},"end":{"line":12,"column":82}},"12":{"start":{"line":13,"column":0},"end":{"line":13,"column":93}},"13":{"start":{"line":14,"column":0},"end":{"line":14,"column":108}},"14":{"start":{"line":15,"column":0},"end":{"line":15,"column":103}},"15":{"start":{"line":16,"column":0},"end":{"line":16,"column":97}},"16":{"start":{"line":17,"column":0},"end":{"line":17,"column":97}},"17":{"start":{"line":18,"column":0},"end":{"line":18,"column":114}},"18":{"start":{"line":19,"column":0},"end":{"line":19,"column":85}},"19":{"start":{"line":20,"column":0},"end":{"line":20,"column":83}},"20":{"start":{"line":21,"column":0},"end":{"line":21,"column":94}},"21":{"start":{"line":22,"column":0},"end":{"line":22,"column":85}},"22":{"start":{"line":23,"column":0},"end":{"line":23,"column":89}},"23":{"start":{"line":24,"column":0},"end":{"line":24,"column":92}},"24":{"start":{"line":25,"column":0},"end":{"line":25,"column":112}},"25":{"start":{"line":26,"column":0},"end":{"line":26,"column":75}},"26":{"start":{"line":27,"column":0},"end":{"line":27,"column":96}},"27":{"start":{"line":28,"column":0},"end":{"line":28,"column":105}},"28":{"start":{"line":29,"column":0},"end":{"line":29,"column":110}},"29":{"start":{"line":30,"column":0},"end":{"line":30,"column":99}},"30":{"start":{"line":31,"column":0},"end":{"line":31,"column":103}},"31":{"start":{"line":32,"column":0},"end":{"line":32,"column":122}},"32":{"start":{"line":33,"column":0},"end":{"line":33,"column":99}},"33":{"start":{"line":34,"column":0},"end":{"line":34,"column":114}},"34":{"start":{"line":35,"column":0},"end":{"line":35,"column":110}},"35":{"start":{"line":36,"column":0},"end":{"line":36,"column":72}},"36":{"start":{"line":37,"column":0},"end":{"line":37,"column":97}},"37":{"start":{"line":38,"column":0},"end":{"line":38,"column":99}},"38":{"start":{"line":39,"column":0},"end":{"line":39,"column":109}},"39":{"start":{"line":40,"column":0},"end":{"line":40,"column":53}},"40":{"start":{"line":41,"column":0},"end":{"line":41,"column":99}},"41":{"start":{"line":42,"column":0},"end":{"line":42,"column":103}},"42":{"start":{"line":43,"column":0},"end":{"line":43,"column":109}},"43":{"start":{"line":44,"column":0},"end":{"line":44,"column":57}},"44":{"start":{"line":45,"column":0},"end":{"line":45,"column":59}},"45":{"start":{"line":46,"column":0},"end":{"line":46,"column":64}},"46":{"start":{"line":47,"column":0},"end":{"line":47,"column":76}},"47":{"start":{"line":48,"column":0},"end":{"line":48,"column":70}},"48":{"start":{"line":49,"column":0},"end":{"line":49,"column":53}},"49":{"start":{"line":50,"column":0},"end":{"line":50,"column":62}},"50":{"start":{"line":51,"column":0},"end":{"line":51,"column":94}},"51":{"start":{"line":52,"column":0},"end":{"line":52,"column":92}},"52":{"start":{"line":53,"column":0},"end":{"line":53,"column":129}},"53":{"start":{"line":54,"column":0},"end":{"line":54,"column":83}},"54":{"start":{"line":55,"column":0},"end":{"line":55,"column":70}},"55":{"start":{"line":56,"column":0},"end":{"line":56,"column":116}},"56":{"start":{"line":57,"column":0},"end":{"line":57,"column":90}},"57":{"start":{"line":58,"column":0},"end":{"line":58,"column":77}},"58":{"start":{"line":59,"column":0},"end":{"line":59,"column":76}},"59":{"start":{"line":60,"column":0},"end":{"line":60,"column":75}},"60":{"start":{"line":61,"column":0},"end":{"line":61,"column":61}},"61":{"start":{"line":62,"column":0},"end":{"line":62,"column":57}},"62":{"start":{"line":63,"column":0},"end":{"line":63,"column":107}},"63":{"start":{"line":64,"column":0},"end":{"line":64,"column":103}},"64":{"start":{"line":65,"column":0},"end":{"line":65,"column":90}},"65":{"start":{"line":66,"column":0},"end":{"line":66,"column":86}},"66":{"start":{"line":67,"column":0},"end":{"line":67,"column":68}},"67":{"start":{"line":68,"column":0},"end":{"line":68,"column":70}},"68":{"start":{"line":69,"column":0},"end":{"line":69,"column":114}},"69":{"start":{"line":70,"column":0},"end":{"line":70,"column":97}},"70":{"start":{"line":71,"column":0},"end":{"line":71,"column":61}},"71":{"start":{"line":72,"column":0},"end":{"line":72,"column":107}},"72":{"start":{"line":73,"column":0},"end":{"line":73,"column":92}},"73":{"start":{"line":74,"column":0},"end":{"line":74,"column":80}},"74":{"start":{"line":75,"column":0},"end":{"line":75,"column":109}},"75":{"start":{"line":76,"column":0},"end":{"line":76,"column":70}},"76":{"start":{"line":77,"column":0},"end":{"line":77,"column":70}},"77":{"start":{"line":78,"column":0},"end":{"line":78,"column":81}},"78":{"start":{"line":79,"column":0},"end":{"line":79,"column":77}},"79":{"start":{"line":80,"column":0},"end":{"line":80,"column":86}},"80":{"start":{"line":81,"column":0},"end":{"line":81,"column":83}},"81":{"start":{"line":82,"column":0},"end":{"line":82,"column":92}},"82":{"start":{"line":83,"column":0},"end":{"line":83,"column":75}},"83":{"start":{"line":85,"column":0},"end":{"line":85,"column":127}},"84":{"start":{"line":86,"column":0},"end":{"line":86,"column":123}},"85":{"start":{"line":87,"column":0},"end":{"line":87,"column":129}},"86":{"start":{"line":89,"column":0},"end":{"line":89,"column":82}},"87":{"start":{"line":90,"column":0},"end":{"line":90,"column":86}},"88":{"start":{"line":91,"column":0},"end":{"line":91,"column":84}},"89":{"start":{"line":92,"column":0},"end":{"line":92,"column":86}},"90":{"start":{"line":94,"column":0},"end":{"line":94,"column":53}},"91":{"start":{"line":95,"column":0},"end":{"line":95,"column":82}},"92":{"start":{"line":96,"column":0},"end":{"line":96,"column":86}},"93":{"start":{"line":97,"column":0},"end":{"line":97,"column":84}},"94":{"start":{"line":98,"column":0},"end":{"line":98,"column":99}},"95":{"start":{"line":100,"column":0},"end":{"line":100,"column":95}},"96":{"start":{"line":101,"column":0},"end":{"line":101,"column":80}},"97":{"start":{"line":102,"column":0},"end":{"line":102,"column":74}},"98":{"start":{"line":103,"column":0},"end":{"line":103,"column":74}},"99":{"start":{"line":104,"column":0},"end":{"line":104,"column":141}},"100":{"start":{"line":105,"column":0},"end":{"line":105,"column":126}},"101":{"start":{"line":106,"column":0},"end":{"line":106,"column":120}},"102":{"start":{"line":107,"column":0},"end":{"line":107,"column":88}},"103":{"start":{"line":108,"column":0},"end":{"line":108,"column":95}},"104":{"start":{"line":109,"column":0},"end":{"line":109,"column":99}},"105":{"start":{"line":110,"column":0},"end":{"line":110,"column":106}},"106":{"start":{"line":112,"column":0},"end":{"line":112,"column":72}},"107":{"start":{"line":113,"column":0},"end":{"line":113,"column":118}},"108":{"start":{"line":114,"column":0},"end":{"line":114,"column":85}},"109":{"start":{"line":116,"column":0},"end":{"line":116,"column":82}},"110":{"start":{"line":117,"column":0},"end":{"line":117,"column":91}},"111":{"start":{"line":118,"column":0},"end":{"line":118,"column":128}},"112":{"start":{"line":119,"column":0},"end":{"line":119,"column":116}},"113":{"start":{"line":120,"column":0},"end":{"line":120,"column":118}},"114":{"start":{"line":121,"column":0},"end":{"line":121,"column":111}},"115":{"start":{"line":123,"column":0},"end":{"line":123,"column":91}},"116":{"start":{"line":124,"column":0},"end":{"line":124,"column":136}},"117":{"start":{"line":125,"column":0},"end":{"line":125,"column":83}},"118":{"start":{"line":126,"column":0},"end":{"line":126,"column":68}},"119":{"start":{"line":127,"column":0},"end":{"line":127,"column":64}},"120":{"start":{"line":128,"column":0},"end":{"line":128,"column":110}},"121":{"start":{"line":129,"column":0},"end":{"line":129,"column":118}},"122":{"start":{"line":130,"column":0},"end":{"line":130,"column":132}},"123":{"start":{"line":131,"column":0},"end":{"line":131,"column":104}},"124":{"start":{"line":132,"column":0},"end":{"line":132,"column":90}},"125":{"start":{"line":133,"column":0},"end":{"line":133,"column":93}},"126":{"start":{"line":134,"column":0},"end":{"line":134,"column":62}},"127":{"start":{"line":135,"column":0},"end":{"line":135,"column":85}},"128":{"start":{"line":136,"column":0},"end":{"line":136,"column":104}},"129":{"start":{"line":139,"column":0},"end":{"line":139,"column":96}},"130":{"start":{"line":140,"column":0},"end":{"line":140,"column":129}},"131":{"start":{"line":141,"column":0},"end":{"line":141,"column":120}},"132":{"start":{"line":262,"column":7},"end":{"line":289,"column":null}},"133":{"start":{"line":263,"column":31},"end":{"line":263,"column":43}},"134":{"start":{"line":266,"column":4},"end":{"line":287,"column":5}},"135":{"start":{"line":267,"column":28},"end":{"line":267,"column":117}},"136":{"start":{"line":268,"column":6},"end":{"line":284,"column":7}},"137":{"start":{"line":269,"column":22},"end":{"line":271,"column":96}},"138":{"start":{"line":270,"column":23},"end":{"line":270,"column":41}},"139":{"start":{"line":271,"column":26},"end":{"line":271,"column":95}},"140":{"start":{"line":273,"column":8},"end":{"line":283,"column":9}},"141":{"start":{"line":274,"column":27},"end":{"line":274,"column":57}},"142":{"start":{"line":275,"column":22},"end":{"line":275,"column":55}},"143":{"start":{"line":276,"column":10},"end":{"line":282,"column":11}},"144":{"start":{"line":277,"column":12},"end":{"line":281,"column":13}},"145":{"start":{"line":278,"column":14},"end":{"line":278,"column":47}},"146":{"start":{"line":286,"column":6},"end":{"line":286,"column":69}},"147":{"start":{"line":262,"column":13},"end":{"line":262,"column":22}},"148":{"start":{"line":262,"column":13},"end":{"line":289,"column":null}},"149":{"start":{"line":151,"column":53},"end":{"line":160,"column":8}},"150":{"start":{"line":166,"column":53},"end":{"line":169,"column":8}}},"fnMap":{"0":{"name":"(anonymous_11)","decl":{"start":{"line":263,"column":2},"end":{"line":263,"column":31}},"loc":{"start":{"line":263,"column":53},"end":{"line":263,"column":57}}},"1":{"name":"(anonymous_12)","decl":{"start":{"line":265,"column":2},"end":{"line":265,"column":7}},"loc":{"start":{"line":265,"column":20},"end":{"line":288,"column":3}}},"2":{"name":"(anonymous_13)","decl":{"start":{"line":270,"column":18},"end":{"line":270,"column":19}},"loc":{"start":{"line":270,"column":23},"end":{"line":270,"column":41}}},"3":{"name":"(anonymous_14)","decl":{"start":{"line":271,"column":16},"end":{"line":271,"column":17}},"loc":{"start":{"line":271,"column":26},"end":{"line":271,"column":95}}},"4":{"name":"(anonymous_15)","decl":{"start":{"line":151,"column":18},"end":{"line":151,"column":19}},"loc":{"start":{"line":151,"column":53},"end":{"line":160,"column":8}}},"5":{"name":"(anonymous_16)","decl":{"start":{"line":166,"column":18},"end":{"line":166,"column":19}},"loc":{"start":{"line":166,"column":53},"end":{"line":169,"column":8}}}},"branchMap":{"0":{"loc":{"start":{"line":268,"column":6},"end":{"line":284,"column":7}},"type":"if","locations":[{"start":{"line":268,"column":6},"end":{"line":284,"column":7}}]},"1":{"loc":{"start":{"line":276,"column":10},"end":{"line":282,"column":11}},"type":"if","locations":[{"start":{"line":276,"column":10},"end":{"line":282,"column":11}}]},"2":{"loc":{"start":{"line":276,"column":14},"end":{"line":276,"column":42}},"type":"binary-expr","locations":[{"start":{"line":276,"column":14},"end":{"line":276,"column":17}},{"start":{"line":276,"column":21},"end":{"line":276,"column":42}}]}},"s":{"0":0,"1":0,"2":0,"3":0,"4":0,"5":0,"6":0,"7":0,"8":0,"9":0,"10":0,"11":0,"12":0,"13":0,"14":0,"15":0,"16":0,"17":0,"18":0,"19":0,"20":0,"21":0,"22":0,"23":0,"24":0,"25":0,"26":0,"27":0,"28":0,"29":0,"30":0,"31":0,"32":0,"33":0,"34":0,"35":0,"36":0,"37":0,"38":0,"39":0,"40":0,"41":0,"42":0,"43":0,"44":0,"45":0,"46":0,"47":0,"48":0,"49":0,"50":0,"51":0,"52":0,"53":0,"54":0,"55":0,"56":0,"57":0,"58":0,"59":0,"60":0,"61":0,"62":0,"63":0,"64":0,"65":0,"66":0,"67":0,"68":0,"69":0,"70":0,"71":0,"72":0,"73":0,"74":0,"75":0,"76":0,"77":0,"78":0,"79":0,"80":0,"81":0,"82":0,"83":0,"84":0,"85":0,"86":0,"87":0,"88":0,"89":0,"90":0,"91":0,"92":0,"93":0,"94":0,"95":0,"96":0,"97":0,"98":0,"99":0,"100":0,"101":0,"102":0,"103":0,"104":0,"105":0,"106":0,"107":0,"108":0,"109":0,"110":0,"111":0,"112":0,"113":0,"114":0,"115":0,"116":0,"117":0,"118":0,"119":0,"120":0,"121":0,"122":0,"123":0,"124":0,"125":0,"126":0,"127":0,"128":0,"129":0,"130":0,"131":0,"132":0,"133":0,"134":0,"135":0,"136":0,"137":0,"138":0,"139":0,"140":0,"141":0,"142":0,"143":0,"144":0,"145":0,"146":0,"147":0,"148":0,"149":0,"150":0},"f":{"0":0,"1":0,"2":0,"3":0,"4":0,"5":0},"b":{"0":[0],"1":[0],"2":[0,0]}}
,"/Users/haroldv/Projects/erp-ari-hv/erp-backend/src/main.ts": {"path":"/Users/haroldv/Projects/erp-ari-hv/erp-backend/src/main.ts","statementMap":{"0":{"start":{"line":1,"column":0},"end":{"line":1,"column":26}},"1":{"start":{"line":2,"column":0},"end":{"line":2,"column":43}},"2":{"start":{"line":3,"column":0},"end":{"line":3,"column":41}},"3":{"start":{"line":4,"column":0},"end":{"line":4,"column":48}},"4":{"start":{"line":6,"column":0},"end":{"line":6,"column":28}},"5":{"start":{"line":7,"column":0},"end":{"line":7,"column":43}},"6":{"start":{"line":8,"column":0},"end":{"line":8,"column":78}},"7":{"start":{"line":11,"column":14},"end":{"line":11,"column":73}},"8":{"start":{"line":14,"column":2},"end":{"line":14,"column":35}},"9":{"start":{"line":15,"column":2},"end":{"line":15,"column":57}},"10":{"start":{"line":18,"column":2},"end":{"line":20,"column":5}},"11":{"start":{"line":23,"column":2},"end":{"line":28,"column":5}},"12":{"start":{"line":31,"column":2},"end":{"line":31,"column":43}},"13":{"start":{"line":34,"column":2},"end":{"line":34,"column":20}},"14":{"start":{"line":36,"column":15},"end":{"line":36,"column":19}},"15":{"start":{"line":37,"column":2},"end":{"line":37,"column":25}},"16":{"start":{"line":38,"column":2},"end":{"line":38,"column":69}},"17":{"start":{"line":39,"column":2},"end":{"line":39,"column":72}},"18":{"start":{"line":41,"column":0},"end":{"line":41,"column":12}}},"fnMap":{"0":{"name":"bootstrap","decl":{"start":{"line":10,"column":15},"end":{"line":10,"column":24}},"loc":{"start":{"line":10,"column":24},"end":{"line":40,"column":1}}}},"branchMap":{},"s":{"0":0,"1":0,"2":0,"3":0,"4":0,"5":0,"6":0,"7":0,"8":0,"9":0,"10":0,"11":0,"12":0,"13":0,"14":0,"15":0,"16":0,"17":0,"18":0},"f":{"0":0},"b":{}}
,"/Users/haroldv/Projects/erp-ari-hv/erp-backend/src/seed.ts": {"path":"/Users/haroldv/Projects/erp-ari-hv/erp-backend/src/seed.ts","statementMap":{"0":{"start":{"line":1,"column":0},"end":{"line":1,"column":28}},"1":{"start":{"line":2,"column":0},"end":{"line":2,"column":33}},"2":{"start":{"line":5,"column":17},"end":{"line":7,"column":4}},"3":{"start":{"line":9,"column":2},"end":{"line":180,"column":3}},"4":{"start":{"line":10,"column":4},"end":{"line":10,"column":27}},"5":{"start":{"line":11,"column":4},"end":{"line":11,"column":54}},"6":{"start":{"line":14,"column":4},"end":{"line":14,"column":44}},"7":{"start":{"line":15,"column":4},"end":{"line":15,"column":137}},"8":{"start":{"line":18,"column":25},"end":{"line":18,"column":61}},"9":{"start":{"line":21,"column":21},"end":{"line":21,"column":59}},"10":{"start":{"line":22,"column":4},"end":{"line":22,"column":40}},"11":{"start":{"line":23,"column":4},"end":{"line":34,"column":7}},"12":{"start":{"line":37,"column":20},"end":{"line":37,"column":58}},"13":{"start":{"line":38,"column":22},"end":{"line":38,"column":60}},"14":{"start":{"line":39,"column":4},"end":{"line":39,"column":39}},"15":{"start":{"line":40,"column":4},"end":{"line":43,"column":88}},"16":{"start":{"line":45,"column":4},"end":{"line":48,"column":92}},"17":{"start":{"line":50,"column":25},"end":{"line":50,"column":63}},"18":{"start":{"line":51,"column":4},"end":{"line":54,"column":105}},"19":{"start":{"line":57,"column":20},"end":{"line":57,"column":58}},"20":{"start":{"line":58,"column":20},"end":{"line":58,"column":58}},"21":{"start":{"line":59,"column":20},"end":{"line":59,"column":58}},"22":{"start":{"line":60,"column":4},"end":{"line":60,"column":42}},"23":{"start":{"line":61,"column":4},"end":{"line":64,"column":109}},"24":{"start":{"line":66,"column":4},"end":{"line":69,"column":104}},"25":{"start":{"line":71,"column":4},"end":{"line":74,"column":98}},"26":{"start":{"line":77,"column":4},"end":{"line":77,"column":55}},"27":{"start":{"line":78,"column":4},"end":{"line":81,"column":64}},"28":{"start":{"line":83,"column":4},"end":{"line":86,"column":63}},"29":{"start":{"line":88,"column":4},"end":{"line":91,"column":63}},"30":{"start":{"line":94,"column":23},"end":{"line":94,"column":61}},"31":{"start":{"line":95,"column":4},"end":{"line":95,"column":61}},"32":{"start":{"line":96,"column":4},"end":{"line":107,"column":7}},"33":{"start":{"line":109,"column":4},"end":{"line":117,"column":7}},"34":{"start":{"line":120,"column":4},"end":{"line":132,"column":7}},"35":{"start":{"line":135,"column":19},"end":{"line":135,"column":57}},"36":{"start":{"line":136,"column":4},"end":{"line":136,"column":54}},"37":{"start":{"line":137,"column":4},"end":{"line":147,"column":7}},"38":{"start":{"line":149,"column":4},"end":{"line":157,"column":7}},"39":{"start":{"line":160,"column":4},"end":{"line":173,"column":7}},"40":{"start":{"line":175,"column":4},"end":{"line":175,"column":63}},"41":{"start":{"line":177,"column":4},"end":{"line":177,"column":52}},"42":{"start":{"line":179,"column":4},"end":{"line":179,"column":23}},"43":{"start":{"line":183,"column":0},"end":{"line":183,"column":7}}},"fnMap":{"0":{"name":"seed","decl":{"start":{"line":4,"column":15},"end":{"line":4,"column":19}},"loc":{"start":{"line":4,"column":19},"end":{"line":181,"column":1}}}},"branchMap":{},"s":{"0":0,"1":0,"2":0,"3":0,"4":0,"5":0,"6":0,"7":0,"8":0,"9":0,"10":0,"11":0,"12":0,"13":0,"14":0,"15":0,"16":0,"17":0,"18":0,"19":0,"20":0,"21":0,"22":0,"23":0,"24":0,"25":0,"26":0,"27":0,"28":0,"29":0,"30":0,"31":0,"32":0,"33":0,"34":0,"35":0,"36":0,"37":0,"38":0,"39":0,"40":0,"41":0,"42":0,"43":0},"f":{"0":0},"b":{}}
,"/Users/haroldv/Projects/erp-ari-hv/erp-backend/src/application/services/payroll-calculator.service.ts": {"path":"/Users/haroldv/Projects/erp-ari-hv/erp-backend/src/application/services/payroll-calculator.service.ts","statementMap":{"0":{"start":{"line":1,"column":0},"end":{"line":1,"column":33}},"1":{"start":{"line":17,"column":19},"end":{"line":17,"column":46}},"2":{"start":{"line":18,"column":18},"end":{"line":18,"column":38}},"3":{"start":{"line":19,"column":17},"end":{"line":19,"column":29}},"4":{"start":{"line":22,"column":21},"end":{"line":22,"column":52}},"5":{"start":{"line":23,"column":17},"end":{"line":23,"column":52}},"6":{"start":{"line":26,"column":17},"end":{"line":26,"column":50}},"7":{"start":{"line":29,"column":20},"end":{"line":29,"column":51}},"8":{"start":{"line":30,"column":16},"end":{"line":30,"column":49}},"9":{"start":{"line":32,"column":4},"end":{"line":37,"column":6}},"10":{"start":{"line":15,"column":0},"end":{"line":15,"column":13}}},"fnMap":{"0":{"name":"(anonymous_1)","decl":{"start":{"line":16,"column":2},"end":{"line":16,"column":26}},"loc":{"start":{"line":16,"column":89},"end":{"line":38,"column":3}}}},"branchMap":{"0":{"loc":{"start":{"line":22,"column":21},"end":{"line":22,"column":52}},"type":"cond-expr","locations":[{"start":{"line":22,"column":39},"end":{"line":22,"column":43}},{"start":{"line":22,"column":46},"end":{"line":22,"column":52}}]},"1":{"loc":{"start":{"line":29,"column":20},"end":{"line":29,"column":51}},"type":"cond-expr","locations":[{"start":{"line":29,"column":38},"end":{"line":29,"column":42}},{"start":{"line":29,"column":45},"end":{"line":29,"column":51}}]}},"s":{"0":1,"1":2,"2":2,"3":2,"4":2,"5":2,"6":2,"7":2,"8":2,"9":2,"10":1},"f":{"0":2},"b":{"0":[1,1],"1":[1,1]}}
,"/Users/haroldv/Projects/erp-ari-hv/erp-backend/src/application/services/pos-calculator.service.ts": {"path":"/Users/haroldv/Projects/erp-ari-hv/erp-backend/src/application/services/pos-calculator.service.ts","statementMap":{"0":{"start":{"line":1,"column":0},"end":{"line":1,"column":33}},"1":{"start":{"line":10,"column":22},"end":{"line":10,"column":36}},"2":{"start":{"line":11,"column":22},"end":{"line":11,"column":36}},"3":{"start":{"line":13,"column":4},"end":{"line":19,"column":7}},"4":{"start":{"line":14,"column":27},"end":{"line":14,"column":73}},"5":{"start":{"line":15,"column":22},"end":{"line":15,"column":75}},"6":{"start":{"line":17,"column":6},"end":{"line":17,"column":51}},"7":{"start":{"line":18,"column":6},"end":{"line":18,"column":46}},"8":{"start":{"line":21,"column":21},"end":{"line":21,"column":50}},"9":{"start":{"line":24,"column":24},"end":{"line":24,"column":53}},"10":{"start":{"line":25,"column":24},"end":{"line":25,"column":53}},"11":{"start":{"line":26,"column":21},"end":{"line":26,"column":47}},"12":{"start":{"line":28,"column":4},"end":{"line":39,"column":6}},"13":{"start":{"line":8,"column":0},"end":{"line":8,"column":13}}},"fnMap":{"0":{"name":"(anonymous_1)","decl":{"start":{"line":9,"column":2},"end":{"line":9,"column":17}},"loc":{"start":{"line":9,"column":52},"end":{"line":40,"column":3}}},"1":{"name":"(anonymous_2)","decl":{"start":{"line":13,"column":18},"end":{"line":13,"column":19}},"loc":{"start":{"line":13,"column":27},"end":{"line":19,"column":5}}}},"branchMap":{},"s":{"0":1,"1":2,"2":2,"3":2,"4":3,"5":3,"6":3,"7":3,"8":2,"9":2,"10":2,"11":2,"12":2,"13":1},"f":{"0":2,"1":3},"b":{}}
,"/Users/haroldv/Projects/erp-ari-hv/erp-backend/src/application/services/stock-snapshot.service.ts": {"path":"/Users/haroldv/Projects/erp-ari-hv/erp-backend/src/application/services/stock-snapshot.service.ts","statementMap":{"0":{"start":{"line":1,"column":0},"end":{"line":1,"column":44}},"1":{"start":{"line":2,"column":0},"end":{"line":2,"column":51}},"2":{"start":{"line":3,"column":0},"end":{"line":3,"column":37}},"3":{"start":{"line":4,"column":0},"end":{"line":4,"column":63}},"4":{"start":{"line":5,"column":0},"end":{"line":5,"column":88}},"5":{"start":{"line":6,"column":0},"end":{"line":6,"column":122}},"6":{"start":{"line":9,"column":7},"end":{"line":156,"column":null}},"7":{"start":{"line":11,"column":21},"end":{"line":11,"column":41}},"8":{"start":{"line":13,"column":21},"end":{"line":13,"column":40}},"9":{"start":{"line":21,"column":21},"end":{"line":23,"column":6}},"10":{"start":{"line":25,"column":21},"end":{"line":25,"column":59}},"11":{"start":{"line":26,"column":39},"end":{"line":26,"column":41}},"12":{"start":{"line":28,"column":4},"end":{"line":58,"column":5}},"13":{"start":{"line":29,"column":18},"end":{"line":29,"column":46}},"14":{"start":{"line":30,"column":22},"end":{"line":30,"column":58}},"15":{"start":{"line":31,"column":23},"end":{"line":31,"column":61}},"16":{"start":{"line":32,"column":19},"end":{"line":32,"column":44}},"17":{"start":{"line":34,"column":27},"end":{"line":34,"column":61}},"18":{"start":{"line":35,"column":26},"end":{"line":35,"column":66}},"19":{"start":{"line":36,"column":28},"end":{"line":36,"column":63}},"20":{"start":{"line":37,"column":27},"end":{"line":37,"column":68}},"21":{"start":{"line":39,"column":23},"end":{"line":39,"column":42}},"22":{"start":{"line":40,"column":6},"end":{"line":40,"column":36}},"23":{"start":{"line":41,"column":6},"end":{"line":41,"column":40}},"24":{"start":{"line":42,"column":6},"end":{"line":42,"column":46}},"25":{"start":{"line":43,"column":6},"end":{"line":43,"column":33}},"26":{"start":{"line":44,"column":6},"end":{"line":44,"column":37}},"27":{"start":{"line":45,"column":6},"end":{"line":45,"column":27}},"28":{"start":{"line":46,"column":6},"end":{"line":46,"column":61}},"29":{"start":{"line":47,"column":6},"end":{"line":47,"column":38}},"30":{"start":{"line":48,"column":6},"end":{"line":48,"column":39}},"31":{"start":{"line":49,"column":6},"end":{"line":49,"column":41}},"32":{"start":{"line":50,"column":6},"end":{"line":50,"column":36}},"33":{"start":{"line":51,"column":6},"end":{"line":51,"column":45}},"34":{"start":{"line":52,"column":6},"end":{"line":52,"column":43}},"35":{"start":{"line":53,"column":6},"end":{"line":53,"column":47}},"36":{"start":{"line":54,"column":6},"end":{"line":54,"column":45}},"37":{"start":{"line":55,"column":6},"end":{"line":55,"column":47}},"38":{"start":{"line":57,"column":6},"end":{"line":57,"column":31}},"39":{"start":{"line":60,"column":4},"end":{"line":60,"column":56}},"40":{"start":{"line":70,"column":20},"end":{"line":70,"column":101}},"41":{"start":{"line":73,"column":4},"end":{"line":133,"column":5}},"42":{"start":{"line":74,"column":23},"end":{"line":76,"column":8}},"43":{"start":{"line":77,"column":19},"end":{"line":77,"column":46}},"44":{"start":{"line":78,"column":23},"end":{"line":78,"column":61}},"45":{"start":{"line":80,"column":6},"end":{"line":109,"column":9}},"46":{"start":{"line":81,"column":20},"end":{"line":81,"column":48}},"47":{"start":{"line":82,"column":24},"end":{"line":82,"column":60}},"48":{"start":{"line":83,"column":25},"end":{"line":83,"column":63}},"49":{"start":{"line":85,"column":29},"end":{"line":85,"column":63}},"50":{"start":{"line":86,"column":28},"end":{"line":86,"column":68}},"51":{"start":{"line":87,"column":30},"end":{"line":87,"column":65}},"52":{"start":{"line":88,"column":29},"end":{"line":88,"column":70}},"53":{"start":{"line":90,"column":21},"end":{"line":90,"column":40}},"54":{"start":{"line":91,"column":8},"end":{"line":91,"column":23}},"55":{"start":{"line":92,"column":8},"end":{"line":92,"column":34}},"56":{"start":{"line":93,"column":8},"end":{"line":93,"column":38}},"57":{"start":{"line":94,"column":8},"end":{"line":94,"column":44}},"58":{"start":{"line":95,"column":8},"end":{"line":95,"column":31}},"59":{"start":{"line":96,"column":8},"end":{"line":96,"column":35}},"60":{"start":{"line":97,"column":8},"end":{"line":97,"column":25}},"61":{"start":{"line":98,"column":8},"end":{"line":98,"column":59}},"62":{"start":{"line":99,"column":8},"end":{"line":99,"column":36}},"63":{"start":{"line":100,"column":8},"end":{"line":100,"column":37}},"64":{"start":{"line":101,"column":8},"end":{"line":101,"column":39}},"65":{"start":{"line":102,"column":8},"end":{"line":102,"column":34}},"66":{"start":{"line":103,"column":8},"end":{"line":103,"column":43}},"67":{"start":{"line":104,"column":8},"end":{"line":104,"column":41}},"68":{"start":{"line":105,"column":8},"end":{"line":105,"column":45}},"69":{"start":{"line":106,"column":8},"end":{"line":106,"column":43}},"70":{"start":{"line":107,"column":8},"end":{"line":107,"column":58}},"71":{"start":{"line":108,"column":8},"end":{"line":108,"column":20}},"72":{"start":{"line":111,"column":6},"end":{"line":119,"column":7}},"73":{"start":{"line":112,"column":21},"end":{"line":112,"column":41}},"74":{"start":{"line":113,"column":8},"end":{"line":118,"column":10}},"75":{"start":{"line":115,"column":12},"end":{"line":117,"column":77}},"76":{"start":{"line":120,"column":11},"end":{"line":133,"column":5}},"77":{"start":{"line":122,"column":19},"end":{"line":122,"column":45}},"78":{"start":{"line":123,"column":6},"end":{"line":132,"column":9}},"79":{"start":{"line":124,"column":28},"end":{"line":124,"column":80}},"80":{"start":{"line":125,"column":29},"end":{"line":125,"column":82}},"81":{"start":{"line":126,"column":8},"end":{"line":131,"column":10}},"82":{"start":{"line":136,"column":23},"end":{"line":136,"column":88}},"83":{"start":{"line":136,"column":52},"end":{"line":136,"column":84}},"84":{"start":{"line":137,"column":25},"end":{"line":137,"column":88}},"85":{"start":{"line":137,"column":54},"end":{"line":137,"column":84}},"86":{"start":{"line":138,"column":24},"end":{"line":138,"column":86}},"87":{"start":{"line":138,"column":53},"end":{"line":138,"column":82}},"88":{"start":{"line":139,"column":26},"end":{"line":139,"column":90}},"89":{"start":{"line":139,"column":55},"end":{"line":139,"column":86}},"90":{"start":{"line":140,"column":25},"end":{"line":140,"column":88}},"91":{"start":{"line":140,"column":54},"end":{"line":140,"column":84}},"92":{"start":{"line":141,"column":31},"end":{"line":141,"column":59}},"93":{"start":{"line":143,"column":4},"end":{"line":154,"column":6}},"94":{"start":{"line":9,"column":13},"end":{"line":9,"column":33}},"95":{"start":{"line":9,"column":13},"end":{"line":156,"column":null}}},"fnMap":{"0":{"name":"(anonymous_4)","decl":{"start":{"line":10,"column":2},"end":{"line":10,"column":null}},"loc":{"start":{"line":13,"column":59},"end":{"line":14,"column":6}}},"1":{"name":"(anonymous_5)","decl":{"start":{"line":16,"column":2},"end":{"line":16,"column":7}},"loc":{"start":{"line":19,"column":32},"end":{"line":61,"column":3}}},"2":{"name":"(anonymous_6)","decl":{"start":{"line":63,"column":2},"end":{"line":63,"column":7}},"loc":{"start":{"line":68,"column":19},"end":{"line":155,"column":3}}},"3":{"name":"(anonymous_7)","decl":{"start":{"line":80,"column":31},"end":{"line":80,"column":32}},"loc":{"start":{"line":80,"column":37},"end":{"line":109,"column":7}}},"4":{"name":"(anonymous_8)","decl":{"start":{"line":114,"column":10},"end":{"line":114,"column":11}},"loc":{"start":{"line":115,"column":12},"end":{"line":117,"column":77}}},"5":{"name":"(anonymous_9)","decl":{"start":{"line":123,"column":32},"end":{"line":123,"column":33}},"loc":{"start":{"line":123,"column":38},"end":{"line":132,"column":7}}},"6":{"name":"(anonymous_10)","decl":{"start":{"line":136,"column":40},"end":{"line":136,"column":41}},"loc":{"start":{"line":136,"column":52},"end":{"line":136,"column":84}}},"7":{"name":"(anonymous_11)","decl":{"start":{"line":137,"column":42},"end":{"line":137,"column":43}},"loc":{"start":{"line":137,"column":54},"end":{"line":137,"column":84}}},"8":{"name":"(anonymous_12)","decl":{"start":{"line":138,"column":41},"end":{"line":138,"column":42}},"loc":{"start":{"line":138,"column":53},"end":{"line":138,"column":82}}},"9":{"name":"(anonymous_13)","decl":{"start":{"line":139,"column":43},"end":{"line":139,"column":44}},"loc":{"start":{"line":139,"column":55},"end":{"line":139,"column":86}}},"10":{"name":"(anonymous_14)","decl":{"start":{"line":140,"column":42},"end":{"line":140,"column":43}},"loc":{"start":{"line":140,"column":54},"end":{"line":140,"column":84}}}},"branchMap":{"0":{"loc":{"start":{"line":18,"column":4},"end":{"line":18,"column":32}},"type":"default-arg","locations":[{"start":{"line":18,"column":27},"end":{"line":18,"column":32}}]},"1":{"loc":{"start":{"line":19,"column":4},"end":{"line":19,"column":32}},"type":"default-arg","locations":[{"start":{"line":19,"column":23},"end":{"line":19,"column":32}}]},"2":{"loc":{"start":{"line":29,"column":25},"end":{"line":29,"column":45}},"type":"binary-expr","locations":[{"start":{"line":29,"column":25},"end":{"line":29,"column":40}},{"start":{"line":29,"column":44},"end":{"line":29,"column":45}}]},"3":{"loc":{"start":{"line":30,"column":29},"end":{"line":30,"column":57}},"type":"binary-expr","locations":[{"start":{"line":30,"column":29},"end":{"line":30,"column":39}},{"start":{"line":30,"column":43},"end":{"line":30,"column":52}},{"start":{"line":30,"column":56},"end":{"line":30,"column":57}}]},"4":{"loc":{"start":{"line":31,"column":30},"end":{"line":31,"column":60}},"type":"binary-expr","locations":[{"start":{"line":31,"column":30},"end":{"line":31,"column":41}},{"start":{"line":31,"column":45},"end":{"line":31,"column":55}},{"start":{"line":31,"column":59},"end":{"line":31,"column":60}}]},"5":{"loc":{"start":{"line":32,"column":26},"end":{"line":32,"column":43}},"type":"binary-expr","locations":[{"start":{"line":32,"column":26},"end":{"line":32,"column":38}},{"start":{"line":32,"column":42},"end":{"line":32,"column":43}}]},"6":{"loc":{"start":{"line":46,"column":31},"end":{"line":46,"column":60}},"type":"binary-expr","locations":[{"start":{"line":46,"column":31},"end":{"line":46,"column":47}},{"start":{"line":46,"column":51},"end":{"line":46,"column":60}}]},"7":{"loc":{"start":{"line":73,"column":4},"end":{"line":133,"column":5}},"type":"if","locations":[{"start":{"line":73,"column":4},"end":{"line":133,"column":5}},{"start":{"line":120,"column":11},"end":{"line":133,"column":5}}]},"8":{"loc":{"start":{"line":73,"column":8},"end":{"line":73,"column":44}},"type":"binary-expr","locations":[{"start":{"line":73,"column":8},"end":{"line":73,"column":18}},{"start":{"line":73,"column":22},"end":{"line":73,"column":44}}]},"9":{"loc":{"start":{"line":77,"column":19},"end":{"line":77,"column":46}},"type":"binary-expr","locations":[{"start":{"line":77,"column":19},"end":{"line":77,"column":37}},{"start":{"line":77,"column":41},"end":{"line":77,"column":46}}]},"10":{"loc":{"start":{"line":81,"column":27},"end":{"line":81,"column":47}},"type":"binary-expr","locations":[{"start":{"line":81,"column":27},"end":{"line":81,"column":42}},{"start":{"line":81,"column":46},"end":{"line":81,"column":47}}]},"11":{"loc":{"start":{"line":82,"column":31},"end":{"line":82,"column":59}},"type":"binary-expr","locations":[{"start":{"line":82,"column":31},"end":{"line":82,"column":41}},{"start":{"line":82,"column":45},"end":{"line":82,"column":54}},{"start":{"line":82,"column":58},"end":{"line":82,"column":59}}]},"12":{"loc":{"start":{"line":83,"column":32},"end":{"line":83,"column":62}},"type":"binary-expr","locations":[{"start":{"line":83,"column":32},"end":{"line":83,"column":43}},{"start":{"line":83,"column":47},"end":{"line":83,"column":57}},{"start":{"line":83,"column":61},"end":{"line":83,"column":62}}]},"13":{"loc":{"start":{"line":98,"column":29},"end":{"line":98,"column":58}},"type":"binary-expr","locations":[{"start":{"line":98,"column":29},"end":{"line":98,"column":45}},{"start":{"line":98,"column":49},"end":{"line":98,"column":58}}]},"14":{"loc":{"start":{"line":111,"column":6},"end":{"line":119,"column":7}},"type":"if","locations":[{"start":{"line":111,"column":6},"end":{"line":119,"column":7}}]},"15":{"loc":{"start":{"line":115,"column":12},"end":{"line":117,"column":77}},"type":"binary-expr","locations":[{"start":{"line":115,"column":12},"end":{"line":115,"column":55}},{"start":{"line":116,"column":13},"end":{"line":116,"column":18}},{"start":{"line":116,"column":22},"end":{"line":116,"column":56}},{"start":{"line":117,"column":13},"end":{"line":117,"column":28}},{"start":{"line":117,"column":32},"end":{"line":117,"column":76}}]},"16":{"loc":{"start":{"line":120,"column":11},"end":{"line":133,"column":5}},"type":"if","locations":[{"start":{"line":120,"column":11},"end":{"line":133,"column":5}}]},"17":{"loc":{"start":{"line":151,"column":31},"end":{"line":151,"column":89}},"type":"binary-expr","locations":[{"start":{"line":151,"column":31},"end":{"line":151,"column":49}},{"start":{"line":151,"column":53},"end":{"line":151,"column":80}},{"start":{"line":151,"column":84},"end":{"line":151,"column":89}}]}},"s":{"0":1,"1":1,"2":1,"3":1,"4":1,"5":1,"6":1,"7":0,"8":0,"9":0,"10":0,"11":0,"12":0,"13":0,"14":0,"15":0,"16":0,"17":0,"18":0,"19":0,"20":0,"21":0,"22":0,"23":0,"24":0,"25":0,"26":0,"27":0,"28":0,"29":0,"30":0,"31":0,"32":0,"33":0,"34":0,"35":0,"36":0,"37":0,"38":0,"39":0,"40":0,"41":0,"42":0,"43":0,"44":0,"45":0,"46":0,"47":0,"48":0,"49":0,"50":0,"51":0,"52":0,"53":0,"54":0,"55":0,"56":0,"57":0,"58":0,"59":0,"60":0,"61":0,"62":0,"63":0,"64":0,"65":0,"66":0,"67":0,"68":0,"69":0,"70":0,"71":0,"72":0,"73":0,"74":0,"75":0,"76":0,"77":0,"78":0,"79":0,"80":0,"81":0,"82":0,"83":0,"84":0,"85":0,"86":0,"87":0,"88":0,"89":0,"90":0,"91":0,"92":0,"93":0,"94":1,"95":1},"f":{"0":0,"1":0,"2":0,"3":0,"4":0,"5":0,"6":0,"7":0,"8":0,"9":0,"10":0},"b":{"0":[0],"1":[0],"2":[0,0],"3":[0,0,0],"4":[0,0,0],"5":[0,0],"6":[0,0],"7":[0,0],"8":[0,0],"9":[0,0],"10":[0,0],"11":[0,0,0],"12":[0,0,0],"13":[0,0],"14":[0],"15":[0,0,0,0,0],"16":[0],"17":[0,0,0]}}
,"/Users/haroldv/Projects/erp-ari-hv/erp-backend/src/application/services/warehouse-occupancy.service.ts": {"path":"/Users/haroldv/Projects/erp-ari-hv/erp-backend/src/application/services/warehouse-occupancy.service.ts","statementMap":{"0":{"start":{"line":1,"column":0},"end":{"line":1,"column":44}},"1":{"start":{"line":8,"column":7},"end":{"line":21,"column":null}},"2":{"start":{"line":10,"column":4},"end":{"line":10,"column":56}},"3":{"start":{"line":10,"column":47},"end":{"line":10,"column":56}},"4":{"start":{"line":12,"column":23},"end":{"line":12,"column":59}},"5":{"start":{"line":13,"column":4},"end":{"line":13,"column":49}},"6":{"start":{"line":17,"column":4},"end":{"line":17,"column":40}},"7":{"start":{"line":17,"column":25},"end":{"line":17,"column":40}},"8":{"start":{"line":18,"column":4},"end":{"line":18,"column":41}},"9":{"start":{"line":18,"column":25},"end":{"line":18,"column":41}},"10":{"start":{"line":19,"column":4},"end":{"line":19,"column":17}},"11":{"start":{"line":8,"column":13},"end":{"line":8,"column":38}},"12":{"start":{"line":8,"column":13},"end":{"line":21,"column":null}}},"fnMap":{"0":{"name":"(anonymous_1)","decl":{"start":{"line":9,"column":2},"end":{"line":9,"column":20}},"loc":{"start":{"line":9,"column":64},"end":{"line":14,"column":3}}},"1":{"name":"(anonymous_2)","decl":{"start":{"line":16,"column":2},"end":{"line":16,"column":19}},"loc":{"start":{"line":16,"column":38},"end":{"line":20,"column":3}}}},"branchMap":{"0":{"loc":{"start":{"line":10,"column":4},"end":{"line":10,"column":56}},"type":"if","locations":[{"start":{"line":10,"column":4},"end":{"line":10,"column":56}}]},"1":{"loc":{"start":{"line":10,"column":8},"end":{"line":10,"column":45}},"type":"binary-expr","locations":[{"start":{"line":10,"column":8},"end":{"line":10,"column":22}},{"start":{"line":10,"column":26},"end":{"line":10,"column":45}}]},"2":{"loc":{"start":{"line":17,"column":4},"end":{"line":17,"column":40}},"type":"if","locations":[{"start":{"line":17,"column":4},"end":{"line":17,"column":40}}]},"3":{"loc":{"start":{"line":18,"column":4},"end":{"line":18,"column":41}},"type":"if","locations":[{"start":{"line":18,"column":4},"end":{"line":18,"column":41}}]}},"s":{"0":0,"1":0,"2":0,"3":0,"4":0,"5":0,"6":0,"7":0,"8":0,"9":0,"10":0,"11":0,"12":0},"f":{"0":0,"1":0},"b":{"0":[0],"1":[0,0],"2":[0],"3":[0]}}
,"/Users/haroldv/Projects/erp-ari-hv/erp-backend/src/application/use-cases/account/bulk-import-accounts.use-case.ts": {"path":"/Users/haroldv/Projects/erp-ari-hv/erp-backend/src/application/use-cases/account/bulk-import-accounts.use-case.ts","statementMap":{"0":{"start":{"line":1,"column":0},"end":{"line":1,"column":44}},"1":{"start":{"line":3,"column":0},"end":{"line":3,"column":65}},"2":{"start":{"line":8,"column":7},"end":{"line":30,"column":null}},"3":{"start":{"line":10,"column":21},"end":{"line":10,"column":43}},"4":{"start":{"line":17,"column":57},"end":{"line":17,"column":59}},"5":{"start":{"line":19,"column":4},"end":{"line":23,"column":5}},"6":{"start":{"line":20,"column":6},"end":{"line":20,"column":27}},"7":{"start":{"line":21,"column":22},"end":{"line":21,"column":77}},"8":{"start":{"line":22,"column":6},"end":{"line":22,"column":37}},"9":{"start":{"line":25,"column":4},"end":{"line":28,"column":6}},"10":{"start":{"line":8,"column":13},"end":{"line":8,"column":38}},"11":{"start":{"line":8,"column":13},"end":{"line":30,"column":null}}},"fnMap":{"0":{"name":"(anonymous_2)","decl":{"start":{"line":9,"column":2},"end":{"line":9,"column":null}},"loc":{"start":{"line":10,"column":63},"end":{"line":11,"column":6}}},"1":{"name":"(anonymous_3)","decl":{"start":{"line":13,"column":2},"end":{"line":13,"column":7}},"loc":{"start":{"line":13,"column":60},"end":{"line":29,"column":3}}}},"branchMap":{},"s":{"0":0,"1":0,"2":0,"3":0,"4":0,"5":0,"6":0,"7":0,"8":0,"9":0,"10":0,"11":0},"f":{"0":0,"1":0},"b":{}}
,"/Users/haroldv/Projects/erp-ari-hv/erp-backend/src/application/use-cases/account/create-account.use-case.ts": {"path":"/Users/haroldv/Projects/erp-ari-hv/erp-backend/src/application/use-cases/account/create-account.use-case.ts","statementMap":{"0":{"start":{"line":1,"column":0},"end":{"line":1,"column":44}},"1":{"start":{"line":2,"column":0},"end":{"line":2,"column":148}},"2":{"start":{"line":4,"column":0},"end":{"line":4,"column":117}},"3":{"start":{"line":5,"column":0},"end":{"line":5,"column":80}},"4":{"start":{"line":8,"column":7},"end":{"line":88,"column":null}},"5":{"start":{"line":10,"column":21},"end":{"line":10,"column":40}},"6":{"start":{"line":18,"column":28},"end":{"line":18,"column":53}},"7":{"start":{"line":19,"column":25},"end":{"line":19,"column":47}},"8":{"start":{"line":22,"column":19},"end":{"line":22,"column":35}},"9":{"start":{"line":23,"column":20},"end":{"line":23,"column":37}},"10":{"start":{"line":24,"column":20},"end":{"line":24,"column":37}},"11":{"start":{"line":26,"column":22},"end":{"line":26,"column":48}},"12":{"start":{"line":27,"column":22},"end":{"line":27,"column":52}},"13":{"start":{"line":28,"column":23},"end":{"line":28,"column":57}},"14":{"start":{"line":30,"column":17},"end":{"line":30,"column":38}},"15":{"start":{"line":31,"column":4},"end":{"line":35,"column":5}},"16":{"start":{"line":32,"column":6},"end":{"line":32,"column":34}},"17":{"start":{"line":33,"column":11},"end":{"line":35,"column":5}},"18":{"start":{"line":34,"column":6},"end":{"line":34,"column":37}},"19":{"start":{"line":37,"column":28},"end":{"line":37,"column":30}},"20":{"start":{"line":38,"column":4},"end":{"line":47,"column":5}},"21":{"start":{"line":39,"column":6},"end":{"line":46,"column":9}},"22":{"start":{"line":48,"column":4},"end":{"line":57,"column":5}},"23":{"start":{"line":49,"column":6},"end":{"line":56,"column":9}},"24":{"start":{"line":58,"column":4},"end":{"line":67,"column":5}},"25":{"start":{"line":59,"column":6},"end":{"line":66,"column":9}},"26":{"start":{"line":69,"column":20},"end":{"line":69,"column":50}},"27":{"start":{"line":70,"column":4},"end":{"line":70,"column":33}},"28":{"start":{"line":71,"column":4},"end":{"line":71,"column":28}},"29":{"start":{"line":72,"column":4},"end":{"line":72,"column":42}},"30":{"start":{"line":73,"column":4},"end":{"line":73,"column":38}},"31":{"start":{"line":74,"column":4},"end":{"line":74,"column":42}},"32":{"start":{"line":75,"column":4},"end":{"line":75,"column":90}},"33":{"start":{"line":76,"column":4},"end":{"line":76,"column":30}},"34":{"start":{"line":77,"column":4},"end":{"line":77,"column":47}},"35":{"start":{"line":78,"column":4},"end":{"line":78,"column":41}},"36":{"start":{"line":79,"column":4},"end":{"line":79,"column":35}},"37":{"start":{"line":80,"column":4},"end":{"line":80,"column":37}},"38":{"start":{"line":81,"column":4},"end":{"line":81,"column":28}},"39":{"start":{"line":82,"column":4},"end":{"line":82,"column":42}},"40":{"start":{"line":83,"column":4},"end":{"line":83,"column":46}},"41":{"start":{"line":84,"column":4},"end":{"line":84,"column":32}},"42":{"start":{"line":86,"column":4},"end":{"line":86,"column":48}},"43":{"start":{"line":8,"column":13},"end":{"line":8,"column":33}},"44":{"start":{"line":8,"column":13},"end":{"line":88,"column":null}}},"fnMap":{"0":{"name":"(anonymous_2)","decl":{"start":{"line":9,"column":2},"end":{"line":9,"column":null}},"loc":{"start":{"line":10,"column":74},"end":{"line":11,"column":6}}},"1":{"name":"(anonymous_3)","decl":{"start":{"line":13,"column":2},"end":{"line":13,"column":7}},"loc":{"start":{"line":16,"column":40},"end":{"line":87,"column":3}}}},"branchMap":{"0":{"loc":{"start":{"line":18,"column":28},"end":{"line":18,"column":53}},"type":"binary-expr","locations":[{"start":{"line":18,"column":28},"end":{"line":18,"column":48}},{"start":{"line":18,"column":52},"end":{"line":18,"column":53}}]},"1":{"loc":{"start":{"line":19,"column":25},"end":{"line":19,"column":47}},"type":"binary-expr","locations":[{"start":{"line":19,"column":25},"end":{"line":19,"column":42}},{"start":{"line":19,"column":46},"end":{"line":19,"column":47}}]},"2":{"loc":{"start":{"line":22,"column":19},"end":{"line":22,"column":35}},"type":"binary-expr","locations":[{"start":{"line":22,"column":19},"end":{"line":22,"column":30}},{"start":{"line":22,"column":34},"end":{"line":22,"column":35}}]},"3":{"loc":{"start":{"line":23,"column":20},"end":{"line":23,"column":37}},"type":"binary-expr","locations":[{"start":{"line":23,"column":20},"end":{"line":23,"column":32}},{"start":{"line":23,"column":36},"end":{"line":23,"column":37}}]},"4":{"loc":{"start":{"line":24,"column":20},"end":{"line":24,"column":37}},"type":"binary-expr","locations":[{"start":{"line":24,"column":20},"end":{"line":24,"column":32}},{"start":{"line":24,"column":36},"end":{"line":24,"column":37}}]},"5":{"loc":{"start":{"line":31,"column":4},"end":{"line":35,"column":5}},"type":"if","locations":[{"start":{"line":31,"column":4},"end":{"line":35,"column":5}},{"start":{"line":33,"column":11},"end":{"line":35,"column":5}}]},"6":{"loc":{"start":{"line":31,"column":8},"end":{"line":31,"column":40}},"type":"binary-expr","locations":[{"start":{"line":31,"column":8},"end":{"line":31,"column":23}},{"start":{"line":31,"column":27},"end":{"line":31,"column":40}}]},"7":{"loc":{"start":{"line":33,"column":11},"end":{"line":35,"column":5}},"type":"if","locations":[{"start":{"line":33,"column":11},"end":{"line":35,"column":5}}]},"8":{"loc":{"start":{"line":38,"column":4},"end":{"line":47,"column":5}},"type":"if","locations":[{"start":{"line":38,"column":4},"end":{"line":47,"column":5}}]},"9":{"loc":{"start":{"line":48,"column":4},"end":{"line":57,"column":5}},"type":"if","locations":[{"start":{"line":48,"column":4},"end":{"line":57,"column":5}}]},"10":{"loc":{"start":{"line":58,"column":4},"end":{"line":67,"column":5}},"type":"if","locations":[{"start":{"line":58,"column":4},"end":{"line":67,"column":5}}]},"11":{"loc":{"start":{"line":75,"column":29},"end":{"line":75,"column":89}},"type":"binary-expr","locations":[{"start":{"line":75,"column":29},"end":{"line":75,"column":47}},{"start":{"line":75,"column":51},"end":{"line":75,"column":89}}]}},"s":{"0":2,"1":2,"2":2,"3":2,"4":2,"5":6,"6":2,"7":2,"8":2,"9":2,"10":2,"11":2,"12":2,"13":2,"14":2,"15":2,"16":0,"17":2,"18":1,"19":2,"20":2,"21":0,"22":2,"23":0,"24":2,"25":1,"26":2,"27":2,"28":2,"29":2,"30":2,"31":2,"32":2,"33":2,"34":2,"35":2,"36":2,"37":2,"38":2,"39":2,"40":2,"41":2,"42":2,"43":2,"44":2},"f":{"0":6,"1":2},"b":{"0":[2,1],"1":[2,0],"2":[2,2],"3":[2,2],"4":[2,1],"5":[0,2],"6":[2,0],"7":[1],"8":[0],"9":[0],"10":[1],"11":[2,1]}}
,"/Users/haroldv/Projects/erp-ari-hv/erp-backend/src/application/use-cases/account/register-payment.use-case.ts": {"path":"/Users/haroldv/Projects/erp-ari-hv/erp-backend/src/application/use-cases/account/register-payment.use-case.ts","statementMap":{"0":{"start":{"line":1,"column":0},"end":{"line":1,"column":63}},"1":{"start":{"line":2,"column":0},"end":{"line":2,"column":148}},"2":{"start":{"line":4,"column":0},"end":{"line":4,"column":117}},"3":{"start":{"line":5,"column":0},"end":{"line":5,"column":81}},"4":{"start":{"line":6,"column":0},"end":{"line":6,"column":51}},"5":{"start":{"line":7,"column":0},"end":{"line":7,"column":37}},"6":{"start":{"line":10,"column":7},"end":{"line":65,"column":null}},"7":{"start":{"line":12,"column":21},"end":{"line":12,"column":40}},"8":{"start":{"line":14,"column":21},"end":{"line":14,"column":40}},"9":{"start":{"line":23,"column":20},"end":{"line":23,"column":68}},"10":{"start":{"line":24,"column":4},"end":{"line":26,"column":5}},"11":{"start":{"line":25,"column":6},"end":{"line":25,"column":62}},"12":{"start":{"line":28,"column":25},"end":{"line":28,"column":47}},"13":{"start":{"line":29,"column":17},"end":{"line":29,"column":50}},"14":{"start":{"line":30,"column":21},"end":{"line":30,"column":40}},"15":{"start":{"line":33,"column":19},"end":{"line":33,"column":79}},"16":{"start":{"line":34,"column":22},"end":{"line":34,"column":47}},"17":{"start":{"line":36,"column":20},"end":{"line":36,"column":40}},"18":{"start":{"line":37,"column":4},"end":{"line":37,"column":35}},"19":{"start":{"line":38,"column":4},"end":{"line":38,"column":48}},"20":{"start":{"line":39,"column":4},"end":{"line":39,"column":32}},"21":{"start":{"line":40,"column":4},"end":{"line":40,"column":32}},"22":{"start":{"line":41,"column":4},"end":{"line":41,"column":41}},"23":{"start":{"line":42,"column":4},"end":{"line":42,"column":35}},"24":{"start":{"line":43,"column":4},"end":{"line":43,"column":52}},"25":{"start":{"line":44,"column":4},"end":{"line":44,"column":42}},"26":{"start":{"line":45,"column":4},"end":{"line":45,"column":46}},"27":{"start":{"line":47,"column":4},"end":{"line":47,"column":47}},"28":{"start":{"line":50,"column":25},"end":{"line":50,"column":84}},"29":{"start":{"line":51,"column":22},"end":{"line":51,"column":107}},"30":{"start":{"line":52,"column":26},"end":{"line":52,"column":82}},"31":{"start":{"line":54,"column":17},"end":{"line":54,"column":38}},"32":{"start":{"line":55,"column":4},"end":{"line":57,"column":5}},"33":{"start":{"line":56,"column":6},"end":{"line":56,"column":34}},"34":{"start":{"line":59,"column":4},"end":{"line":59,"column":38}},"35":{"start":{"line":60,"column":4},"end":{"line":60,"column":40}},"36":{"start":{"line":61,"column":4},"end":{"line":61,"column":28}},"37":{"start":{"line":63,"column":4},"end":{"line":63,"column":48}},"38":{"start":{"line":10,"column":13},"end":{"line":10,"column":35}},"39":{"start":{"line":10,"column":13},"end":{"line":65,"column":null}}},"fnMap":{"0":{"name":"(anonymous_4)","decl":{"start":{"line":11,"column":2},"end":{"line":11,"column":null}},"loc":{"start":{"line":14,"column":66},"end":{"line":15,"column":6}}},"1":{"name":"(anonymous_5)","decl":{"start":{"line":17,"column":2},"end":{"line":17,"column":7}},"loc":{"start":{"line":21,"column":40},"end":{"line":64,"column":3}}}},"branchMap":{"0":{"loc":{"start":{"line":24,"column":4},"end":{"line":26,"column":5}},"type":"if","locations":[{"start":{"line":24,"column":4},"end":{"line":26,"column":5}}]},"1":{"loc":{"start":{"line":24,"column":8},"end":{"line":24,"column":50}},"type":"binary-expr","locations":[{"start":{"line":24,"column":8},"end":{"line":24,"column":16}},{"start":{"line":24,"column":20},"end":{"line":24,"column":50}}]},"2":{"loc":{"start":{"line":28,"column":25},"end":{"line":28,"column":47}},"type":"binary-expr","locations":[{"start":{"line":28,"column":25},"end":{"line":28,"column":42}},{"start":{"line":28,"column":46},"end":{"line":28,"column":47}}]},"3":{"loc":{"start":{"line":30,"column":21},"end":{"line":30,"column":40}},"type":"cond-expr","locations":[{"start":{"line":30,"column":28},"end":{"line":30,"column":32}},{"start":{"line":30,"column":35},"end":{"line":30,"column":40}}]},"4":{"loc":{"start":{"line":33,"column":19},"end":{"line":33,"column":79}},"type":"cond-expr","locations":[{"start":{"line":33,"column":40},"end":{"line":33,"column":65}},{"start":{"line":33,"column":69},"end":{"line":33,"column":79}}]},"5":{"loc":{"start":{"line":55,"column":4},"end":{"line":57,"column":5}},"type":"if","locations":[{"start":{"line":55,"column":4},"end":{"line":57,"column":5}}]}},"s":{"0":1,"1":1,"2":1,"3":1,"4":1,"5":1,"6":1,"7":2,"8":2,"9":1,"10":1,"11":0,"12":1,"13":1,"14":1,"15":1,"16":1,"17":1,"18":1,"19":1,"20":1,"21":1,"22":1,"23":1,"24":1,"25":1,"26":1,"27":1,"28":1,"29":1,"30":1,"31":1,"32":1,"33":1,"34":1,"35":1,"36":1,"37":1,"38":1,"39":1},"f":{"0":2,"1":1},"b":{"0":[0],"1":[1,1],"2":[1,1],"3":[0,1],"4":[0,1],"5":[1]}}
,"/Users/haroldv/Projects/erp-ari-hv/erp-backend/src/application/use-cases/account/dto/bulk-import-accounts.dto.ts": {"path":"/Users/haroldv/Projects/erp-ari-hv/erp-backend/src/application/use-cases/account/dto/bulk-import-accounts.dto.ts","statementMap":{"0":{"start":{"line":1,"column":0},"end":{"line":1,"column":101}},"1":{"start":{"line":2,"column":0},"end":{"line":2,"column":41}},"2":{"start":{"line":3,"column":0},"end":{"line":3,"column":92}},"3":{"start":{"line":4,"column":0},"end":{"line":4,"column":56}},"4":{"start":{"line":6,"column":0},"end":{"line":6,"column":13}},"5":{"start":{"line":9,"column":2},"end":{"line":9,"column":null}},"6":{"start":{"line":13,"column":2},"end":{"line":13,"column":null}},"7":{"start":{"line":18,"column":2},"end":{"line":18,"column":null}},"8":{"start":{"line":17,"column":14},"end":{"line":17,"column":30}}},"fnMap":{"0":{"name":"(anonymous_2)","decl":{"start":{"line":17,"column":8},"end":{"line":17,"column":11}},"loc":{"start":{"line":17,"column":14},"end":{"line":17,"column":30}}}},"branchMap":{},"s":{"0":0,"1":0,"2":0,"3":0,"4":0,"5":0,"6":0,"7":0,"8":0},"f":{"0":0},"b":{}}
,"/Users/haroldv/Projects/erp-ari-hv/erp-backend/src/application/use-cases/account/dto/create-account.dto.ts": {"path":"/Users/haroldv/Projects/erp-ari-hv/erp-backend/src/application/use-cases/account/dto/create-account.dto.ts","statementMap":{"0":{"start":{"line":1,"column":0},"end":{"line":1,"column":90}},"1":{"start":{"line":2,"column":0},"end":{"line":2,"column":104}},"2":{"start":{"line":4,"column":0},"end":{"line":4,"column":13}},"3":{"start":{"line":7,"column":2},"end":{"line":7,"column":null}},"4":{"start":{"line":11,"column":2},"end":{"line":11,"column":null}},"5":{"start":{"line":15,"column":2},"end":{"line":15,"column":null}},"6":{"start":{"line":19,"column":2},"end":{"line":19,"column":null}},"7":{"start":{"line":23,"column":2},"end":{"line":23,"column":null}},"8":{"start":{"line":27,"column":2},"end":{"line":27,"column":null}},"9":{"start":{"line":32,"column":2},"end":{"line":32,"column":null}},"10":{"start":{"line":37,"column":2},"end":{"line":37,"column":null}},"11":{"start":{"line":42,"column":2},"end":{"line":42,"column":null}},"12":{"start":{"line":47,"column":2},"end":{"line":47,"column":null}},"13":{"start":{"line":52,"column":2},"end":{"line":52,"column":null}}},"fnMap":{},"branchMap":{},"s":{"0":1,"1":1,"2":1,"3":1,"4":1,"5":1,"6":1,"7":1,"8":1,"9":1,"10":1,"11":1,"12":1,"13":1},"f":{},"b":{}}
,"/Users/haroldv/Projects/erp-ari-hv/erp-backend/src/application/use-cases/account/dto/register-payment.dto.ts": {"path":"/Users/haroldv/Projects/erp-ari-hv/erp-backend/src/application/use-cases/account/dto/register-payment.dto.ts","statementMap":{"0":{"start":{"line":1,"column":0},"end":{"line":1,"column":90}},"1":{"start":{"line":2,"column":0},"end":{"line":2,"column":83}},"2":{"start":{"line":4,"column":0},"end":{"line":4,"column":13}},"3":{"start":{"line":7,"column":2},"end":{"line":7,"column":null}},"4":{"start":{"line":12,"column":2},"end":{"line":12,"column":null}},"5":{"start":{"line":17,"column":2},"end":{"line":17,"column":null}},"6":{"start":{"line":21,"column":2},"end":{"line":21,"column":null}}},"fnMap":{},"branchMap":{},"s":{"0":0,"1":0,"2":0,"3":0,"4":0,"5":0,"6":0},"f":{},"b":{}}
,"/Users/haroldv/Projects/erp-ari-hv/erp-backend/src/application/use-cases/admin/approve-subscription-payment.use-case.ts": {"path":"/Users/haroldv/Projects/erp-ari-hv/erp-backend/src/application/use-cases/admin/approve-subscription-payment.use-case.ts","statementMap":{"0":{"start":{"line":1,"column":0},"end":{"line":1,"column":84}},"1":{"start":{"line":2,"column":0},"end":{"line":2,"column":37}},"2":{"start":{"line":3,"column":0},"end":{"line":3,"column":137}},"3":{"start":{"line":4,"column":0},"end":{"line":4,"column":64}},"4":{"start":{"line":5,"column":0},"end":{"line":5,"column":60}},"5":{"start":{"line":6,"column":0},"end":{"line":6,"column":86}},"6":{"start":{"line":9,"column":7},"end":{"line":71,"column":null}},"7":{"start":{"line":10,"column":31},"end":{"line":10,"column":43}},"8":{"start":{"line":13,"column":24},"end":{"line":13,"column":81}},"9":{"start":{"line":14,"column":23},"end":{"line":14,"column":60}},"10":{"start":{"line":15,"column":21},"end":{"line":15,"column":56}},"11":{"start":{"line":17,"column":20},"end":{"line":17,"column":75}},"12":{"start":{"line":18,"column":4},"end":{"line":20,"column":5}},"13":{"start":{"line":19,"column":6},"end":{"line":19,"column":72}},"14":{"start":{"line":22,"column":4},"end":{"line":24,"column":5}},"15":{"start":{"line":23,"column":6},"end":{"line":23,"column":82}},"16":{"start":{"line":26,"column":19},"end":{"line":26,"column":81}},"17":{"start":{"line":27,"column":4},"end":{"line":29,"column":5}},"18":{"start":{"line":28,"column":6},"end":{"line":28,"column":89}},"19":{"start":{"line":32,"column":4},"end":{"line":32,"column":60}},"20":{"start":{"line":33,"column":4},"end":{"line":33,"column":37}},"21":{"start":{"line":34,"column":4},"end":{"line":34,"column":46}},"22":{"start":{"line":35,"column":25},"end":{"line":35,"column":56}},"23":{"start":{"line":38,"column":4},"end":{"line":38,"column":28}},"24":{"start":{"line":39,"column":4},"end":{"line":39,"column":33}},"25":{"start":{"line":40,"column":4},"end":{"line":40,"column":61}},"26":{"start":{"line":42,"column":22},"end":{"line":44,"column":58}},"27":{"start":{"line":46,"column":22},"end":{"line":46,"column":32}},"28":{"start":{"line":47,"column":4},"end":{"line":47,"column":55}},"29":{"start":{"line":48,"column":4},"end":{"line":48,"column":40}},"30":{"start":{"line":50,"column":24},"end":{"line":50,"column":53}},"31":{"start":{"line":53,"column":23},"end":{"line":55,"column":6}},"32":{"start":{"line":57,"column":4},"end":{"line":63,"column":5}},"33":{"start":{"line":58,"column":6},"end":{"line":62,"column":7}},"34":{"start":{"line":59,"column":8},"end":{"line":59,"column":30}},"35":{"start":{"line":60,"column":8},"end":{"line":60,"column":39}},"36":{"start":{"line":61,"column":8},"end":{"line":61,"column":34}},"37":{"start":{"line":65,"column":4},"end":{"line":69,"column":6}},"38":{"start":{"line":9,"column":13},"end":{"line":9,"column":46}},"39":{"start":{"line":9,"column":13},"end":{"line":71,"column":null}}},"fnMap":{"0":{"name":"(anonymous_2)","decl":{"start":{"line":10,"column":2},"end":{"line":10,"column":31}},"loc":{"start":{"line":10,"column":53},"end":{"line":10,"column":57}}},"1":{"name":"(anonymous_3)","decl":{"start":{"line":12,"column":2},"end":{"line":12,"column":7}},"loc":{"start":{"line":12,"column":54},"end":{"line":70,"column":3}}}},"branchMap":{"0":{"loc":{"start":{"line":18,"column":4},"end":{"line":20,"column":5}},"type":"if","locations":[{"start":{"line":18,"column":4},"end":{"line":20,"column":5}}]},"1":{"loc":{"start":{"line":22,"column":4},"end":{"line":24,"column":5}},"type":"if","locations":[{"start":{"line":22,"column":4},"end":{"line":24,"column":5}}]},"2":{"loc":{"start":{"line":27,"column":4},"end":{"line":29,"column":5}},"type":"if","locations":[{"start":{"line":27,"column":4},"end":{"line":29,"column":5}}]},"3":{"loc":{"start":{"line":40,"column":23},"end":{"line":40,"column":60}},"type":"binary-expr","locations":[{"start":{"line":40,"column":23},"end":{"line":40,"column":40}},{"start":{"line":40,"column":44},"end":{"line":40,"column":60}}]},"4":{"loc":{"start":{"line":42,"column":22},"end":{"line":44,"column":58}},"type":"cond-expr","locations":[{"start":{"line":43,"column":8},"end":{"line":43,"column":53}},{"start":{"line":44,"column":8},"end":{"line":44,"column":58}}]},"5":{"loc":{"start":{"line":57,"column":4},"end":{"line":63,"column":5}},"type":"if","locations":[{"start":{"line":57,"column":4},"end":{"line":63,"column":5}}]},"6":{"loc":{"start":{"line":57,"column":8},"end":{"line":57,"column":43}},"type":"binary-expr","locations":[{"start":{"line":57,"column":8},"end":{"line":57,"column":18}},{"start":{"line":57,"column":22},"end":{"line":57,"column":43}}]}},"s":{"0":2,"1":2,"2":2,"3":2,"4":2,"5":2,"6":2,"7":2,"8":2,"9":2,"10":2,"11":2,"12":2,"13":1,"14":1,"15":0,"16":1,"17":1,"18":0,"19":1,"20":1,"21":1,"22":1,"23":1,"24":1,"25":1,"26":1,"27":1,"28":1,"29":1,"30":1,"31":1,"32":1,"33":1,"34":1,"35":1,"36":1,"37":1,"38":2,"39":2},"f":{"0":2,"1":2},"b":{"0":[1],"1":[0],"2":[0],"3":[1,0],"4":[0,1],"5":[1],"6":[1,1]}}
,"/Users/haroldv/Projects/erp-ari-hv/erp-backend/src/application/use-cases/admin/saas-plan-management.use-case.ts": {"path":"/Users/haroldv/Projects/erp-ari-hv/erp-backend/src/application/use-cases/admin/saas-plan-management.use-case.ts","statementMap":{"0":{"start":{"line":1,"column":0},"end":{"line":1,"column":103}},"1":{"start":{"line":2,"column":0},"end":{"line":2,"column":37}},"2":{"start":{"line":3,"column":0},"end":{"line":3,"column":69}},"3":{"start":{"line":40,"column":7},"end":{"line":216,"column":null}},"4":{"start":{"line":41,"column":31},"end":{"line":41,"column":43}},"5":{"start":{"line":44,"column":21},"end":{"line":44,"column":60}},"6":{"start":{"line":45,"column":16},"end":{"line":45,"column":74}},"7":{"start":{"line":47,"column":4},"end":{"line":136,"column":5}},"8":{"start":{"line":48,"column":27},"end":{"line":134,"column":8}},"9":{"start":{"line":135,"column":6},"end":{"line":135,"column":48}},"10":{"start":{"line":138,"column":4},"end":{"line":138,"column":17}},"11":{"start":{"line":142,"column":21},"end":{"line":142,"column":60}},"12":{"start":{"line":143,"column":213},"end":{"line":143,"column":216}},"13":{"start":{"line":145,"column":4},"end":{"line":147,"column":5}},"14":{"start":{"line":146,"column":6},"end":{"line":146,"column":76}},"15":{"start":{"line":149,"column":22},"end":{"line":149,"column":75}},"16":{"start":{"line":150,"column":21},"end":{"line":150,"column":75}},"17":{"start":{"line":151,"column":4},"end":{"line":153,"column":5}},"18":{"start":{"line":152,"column":6},"end":{"line":152,"column":93}},"19":{"start":{"line":155,"column":17},"end":{"line":171,"column":6}},"20":{"start":{"line":173,"column":22},"end":{"line":173,"column":47}},"21":{"start":{"line":174,"column":4},"end":{"line":174,"column":77}},"22":{"start":{"line":178,"column":21},"end":{"line":178,"column":60}},"23":{"start":{"line":179,"column":17},"end":{"line":179,"column":58}},"24":{"start":{"line":180,"column":4},"end":{"line":182,"column":5}},"25":{"start":{"line":181,"column":6},"end":{"line":181,"column":56}},"26":{"start":{"line":184,"column":218},"end":{"line":184,"column":221}},"27":{"start":{"line":186,"column":4},"end":{"line":186,"column":34}},"28":{"start":{"line":187,"column":4},"end":{"line":187,"column":82}},"29":{"start":{"line":188,"column":4},"end":{"line":188,"column":106}},"30":{"start":{"line":189,"column":4},"end":{"line":189,"column":102}},"31":{"start":{"line":190,"column":4},"end":{"line":190,"column":82}},"32":{"start":{"line":191,"column":4},"end":{"line":191,"column":94}},"33":{"start":{"line":192,"column":4},"end":{"line":192,"column":102}},"34":{"start":{"line":193,"column":4},"end":{"line":193,"column":123}},"35":{"start":{"line":194,"column":4},"end":{"line":194,"column":78}},"36":{"start":{"line":195,"column":4},"end":{"line":195,"column":91}},"37":{"start":{"line":196,"column":4},"end":{"line":196,"column":83}},"38":{"start":{"line":197,"column":4},"end":{"line":197,"column":67}},"39":{"start":{"line":198,"column":4},"end":{"line":198,"column":79}},"40":{"start":{"line":199,"column":4},"end":{"line":199,"column":61}},"41":{"start":{"line":201,"column":24},"end":{"line":201,"column":49}},"42":{"start":{"line":202,"column":4},"end":{"line":202,"column":80}},"43":{"start":{"line":206,"column":21},"end":{"line":206,"column":60}},"44":{"start":{"line":207,"column":17},"end":{"line":207,"column":58}},"45":{"start":{"line":208,"column":4},"end":{"line":210,"column":5}},"46":{"start":{"line":209,"column":6},"end":{"line":209,"column":56}},"47":{"start":{"line":212,"column":4},"end":{"line":212,"column":82}},"48":{"start":{"line":213,"column":24},"end":{"line":213,"column":49}},"49":{"start":{"line":214,"column":4},"end":{"line":214,"column":117}},"50":{"start":{"line":40,"column":13},"end":{"line":40,"column":38}},"51":{"start":{"line":40,"column":13},"end":{"line":216,"column":null}}},"fnMap":{"0":{"name":"(anonymous_2)","decl":{"start":{"line":41,"column":2},"end":{"line":41,"column":31}},"loc":{"start":{"line":41,"column":53},"end":{"line":41,"column":58}}},"1":{"name":"(anonymous_3)","decl":{"start":{"line":43,"column":2},"end":{"line":43,"column":7}},"loc":{"start":{"line":43,"column":17},"end":{"line":139,"column":3}}},"2":{"name":"(anonymous_4)","decl":{"start":{"line":141,"column":2},"end":{"line":141,"column":7}},"loc":{"start":{"line":141,"column":41},"end":{"line":175,"column":3}}},"3":{"name":"(anonymous_5)","decl":{"start":{"line":177,"column":2},"end":{"line":177,"column":7}},"loc":{"start":{"line":177,"column":53},"end":{"line":203,"column":3}}},"4":{"name":"(anonymous_6)","decl":{"start":{"line":205,"column":2},"end":{"line":205,"column":7}},"loc":{"start":{"line":205,"column":55},"end":{"line":215,"column":3}}}},"branchMap":{"0":{"loc":{"start":{"line":47,"column":4},"end":{"line":136,"column":5}},"type":"if","locations":[{"start":{"line":47,"column":4},"end":{"line":136,"column":5}}]},"1":{"loc":{"start":{"line":145,"column":4},"end":{"line":147,"column":5}},"type":"if","locations":[{"start":{"line":145,"column":4},"end":{"line":147,"column":5}}]},"2":{"loc":{"start":{"line":145,"column":8},"end":{"line":145,"column":22}},"type":"binary-expr","locations":[{"start":{"line":145,"column":8},"end":{"line":145,"column":13}},{"start":{"line":145,"column":17},"end":{"line":145,"column":22}}]},"3":{"loc":{"start":{"line":151,"column":4},"end":{"line":153,"column":5}},"type":"if","locations":[{"start":{"line":151,"column":4},"end":{"line":153,"column":5}}]},"4":{"loc":{"start":{"line":158,"column":19},"end":{"line":158,"column":36}},"type":"binary-expr","locations":[{"start":{"line":158,"column":19},"end":{"line":158,"column":30}},{"start":{"line":158,"column":34},"end":{"line":158,"column":36}}]},"5":{"loc":{"start":{"line":159,"column":30},"end":{"line":159,"column":50}},"type":"binary-expr","locations":[{"start":{"line":159,"column":30},"end":{"line":159,"column":45}},{"start":{"line":159,"column":49},"end":{"line":159,"column":50}}]},"6":{"loc":{"start":{"line":160,"column":29},"end":{"line":160,"column":91}},"type":"binary-expr","locations":[{"start":{"line":160,"column":29},"end":{"line":160,"column":43}},{"start":{"line":160,"column":48},"end":{"line":160,"column":90}}]},"7":{"loc":{"start":{"line":160,"column":48},"end":{"line":160,"column":90}},"type":"cond-expr","locations":[{"start":{"line":160,"column":66},"end":{"line":160,"column":86}},{"start":{"line":160,"column":89},"end":{"line":160,"column":90}}]},"8":{"loc":{"start":{"line":161,"column":24},"end":{"line":161,"column":38}},"type":"binary-expr","locations":[{"start":{"line":161,"column":24},"end":{"line":161,"column":33}},{"start":{"line":161,"column":37},"end":{"line":161,"column":38}}]},"9":{"loc":{"start":{"line":162,"column":27},"end":{"line":162,"column":47}},"type":"binary-expr","locations":[{"start":{"line":162,"column":27},"end":{"line":162,"column":39}},{"start":{"line":162,"column":43},"end":{"line":162,"column":47}}]},"10":{"loc":{"start":{"line":163,"column":29},"end":{"line":163,"column":48}},"type":"binary-expr","locations":[{"start":{"line":163,"column":29},"end":{"line":163,"column":43}},{"start":{"line":163,"column":47},"end":{"line":163,"column":48}}]},"11":{"loc":{"start":{"line":165,"column":18},"end":{"line":165,"column":34}},"type":"binary-expr","locations":[{"start":{"line":165,"column":18},"end":{"line":165,"column":28}},{"start":{"line":165,"column":32},"end":{"line":165,"column":34}}]},"12":{"loc":{"start":{"line":168,"column":23},"end":{"line":168,"column":62}},"type":"binary-expr","locations":[{"start":{"line":168,"column":23},"end":{"line":168,"column":38}},{"start":{"line":168,"column":42},"end":{"line":168,"column":62}}]},"13":{"loc":{"start":{"line":169,"column":27},"end":{"line":169,"column":52}},"type":"binary-expr","locations":[{"start":{"line":169,"column":27},"end":{"line":169,"column":46}},{"start":{"line":169,"column":50},"end":{"line":169,"column":52}}]},"14":{"loc":{"start":{"line":170,"column":21},"end":{"line":170,"column":40}},"type":"binary-expr","locations":[{"start":{"line":170,"column":21},"end":{"line":170,"column":34}},{"start":{"line":170,"column":38},"end":{"line":170,"column":40}}]},"15":{"loc":{"start":{"line":180,"column":4},"end":{"line":182,"column":5}},"type":"if","locations":[{"start":{"line":180,"column":4},"end":{"line":182,"column":5}}]},"16":{"loc":{"start":{"line":186,"column":16},"end":{"line":186,"column":33}},"type":"binary-expr","locations":[{"start":{"line":186,"column":16},"end":{"line":186,"column":20}},{"start":{"line":186,"column":24},"end":{"line":186,"column":33}}]},"17":{"loc":{"start":{"line":187,"column":23},"end":{"line":187,"column":81}},"type":"cond-expr","locations":[{"start":{"line":187,"column":51},"end":{"line":187,"column":62}},{"start":{"line":187,"column":65},"end":{"line":187,"column":81}}]},"18":{"loc":{"start":{"line":188,"column":27},"end":{"line":188,"column":105}},"type":"cond-expr","locations":[{"start":{"line":188,"column":59},"end":{"line":188,"column":82}},{"start":{"line":188,"column":85},"end":{"line":188,"column":105}}]},"19":{"loc":{"start":{"line":189,"column":26},"end":{"line":189,"column":101}},"type":"cond-expr","locations":[{"start":{"line":189,"column":57},"end":{"line":189,"column":79}},{"start":{"line":189,"column":82},"end":{"line":189,"column":101}}]},"20":{"loc":{"start":{"line":190,"column":21},"end":{"line":190,"column":81}},"type":"cond-expr","locations":[{"start":{"line":190,"column":47},"end":{"line":190,"column":64}},{"start":{"line":190,"column":67},"end":{"line":190,"column":81}}]},"21":{"loc":{"start":{"line":191,"column":24},"end":{"line":191,"column":93}},"type":"cond-expr","locations":[{"start":{"line":191,"column":53},"end":{"line":191,"column":73}},{"start":{"line":191,"column":76},"end":{"line":191,"column":93}}]},"22":{"loc":{"start":{"line":192,"column":26},"end":{"line":192,"column":101}},"type":"cond-expr","locations":[{"start":{"line":192,"column":57},"end":{"line":192,"column":79}},{"start":{"line":192,"column":82},"end":{"line":192,"column":101}}]},"23":{"loc":{"start":{"line":193,"column":31},"end":{"line":193,"column":122}},"type":"cond-expr","locations":[{"start":{"line":193,"column":67},"end":{"line":193,"column":95}},{"start":{"line":193,"column":98},"end":{"line":193,"column":122}}]},"24":{"loc":{"start":{"line":194,"column":22},"end":{"line":194,"column":77}},"type":"cond-expr","locations":[{"start":{"line":194,"column":49},"end":{"line":194,"column":59}},{"start":{"line":194,"column":62},"end":{"line":194,"column":77}}]},"25":{"loc":{"start":{"line":195,"column":23},"end":{"line":195,"column":90}},"type":"cond-expr","locations":[{"start":{"line":195,"column":51},"end":{"line":195,"column":71}},{"start":{"line":195,"column":74},"end":{"line":195,"column":90}}]},"26":{"loc":{"start":{"line":196,"column":21},"end":{"line":196,"column":82}},"type":"cond-expr","locations":[{"start":{"line":196,"column":47},"end":{"line":196,"column":65}},{"start":{"line":196,"column":68},"end":{"line":196,"column":82}}]},"27":{"loc":{"start":{"line":197,"column":27},"end":{"line":197,"column":66}},"type":"binary-expr","locations":[{"start":{"line":197,"column":27},"end":{"line":197,"column":42}},{"start":{"line":197,"column":46},"end":{"line":197,"column":66}}]},"28":{"loc":{"start":{"line":198,"column":31},"end":{"line":198,"column":78}},"type":"binary-expr","locations":[{"start":{"line":198,"column":31},"end":{"line":198,"column":50}},{"start":{"line":198,"column":54},"end":{"line":198,"column":78}}]},"29":{"loc":{"start":{"line":199,"column":25},"end":{"line":199,"column":60}},"type":"binary-expr","locations":[{"start":{"line":199,"column":25},"end":{"line":199,"column":38}},{"start":{"line":199,"column":42},"end":{"line":199,"column":60}}]},"30":{"loc":{"start":{"line":208,"column":4},"end":{"line":210,"column":5}},"type":"if","locations":[{"start":{"line":208,"column":4},"end":{"line":210,"column":5}}]},"31":{"loc":{"start":{"line":212,"column":21},"end":{"line":212,"column":81}},"type":"cond-expr","locations":[{"start":{"line":212,"column":46},"end":{"line":212,"column":63}},{"start":{"line":212,"column":66},"end":{"line":212,"column":81}}]},"32":{"loc":{"start":{"line":214,"column":30},"end":{"line":214,"column":80}},"type":"cond-expr","locations":[{"start":{"line":214,"column":54},"end":{"line":214,"column":64}},{"start":{"line":214,"column":67},"end":{"line":214,"column":80}}]}},"s":{"0":1,"1":1,"2":1,"3":1,"4":6,"5":0,"6":0,"7":0,"8":0,"9":0,"10":0,"11":4,"12":4,"13":4,"14":2,"15":2,"16":2,"17":2,"18":1,"19":1,"20":1,"21":1,"22":2,"23":2,"24":2,"25":1,"26":1,"27":1,"28":1,"29":1,"30":1,"31":1,"32":1,"33":1,"34":1,"35":1,"36":1,"37":1,"38":1,"39":1,"40":1,"41":1,"42":1,"43":1,"44":1,"45":1,"46":0,"47":1,"48":1,"49":1,"50":1,"51":1},"f":{"0":6,"1":0,"2":4,"3":2,"4":1},"b":{"0":[0],"1":[2],"2":[4,3],"3":[1],"4":[1,0],"5":[1,0],"6":[1,0],"7":[0,0],"8":[1,0],"9":[1,0],"10":[1,0],"11":[1,1],"12":[1,0],"13":[1,0],"14":[1,0],"15":[1],"16":[1,0],"17":[0,1],"18":[1,0],"19":[0,1],"20":[0,1],"21":[0,1],"22":[0,1],"23":[0,1],"24":[0,1],"25":[0,1],"26":[0,1],"27":[1,1],"28":[1,1],"29":[1,1],"30":[0],"31":[1,0],"32":[0,1]}}
,"/Users/haroldv/Projects/erp-ari-hv/erp-backend/src/application/use-cases/auth/auth.service.ts": {"path":"/Users/haroldv/Projects/erp-ari-hv/erp-backend/src/application/use-cases/auth/auth.service.ts","statementMap":{"0":{"start":{"line":1,"column":0},"end":{"line":1,"column":67}},"1":{"start":{"line":2,"column":0},"end":{"line":2,"column":41}},"2":{"start":{"line":3,"column":0},"end":{"line":3,"column":33}},"3":{"start":{"line":4,"column":0},"end":{"line":4,"column":70}},"4":{"start":{"line":7,"column":7},"end":{"line":54,"column":null}},"5":{"start":{"line":10,"column":31},"end":{"line":10,"column":43}},"6":{"start":{"line":8,"column":19},"end":{"line":8,"column":35}},"7":{"start":{"line":13,"column":4},"end":{"line":13,"column":50}},"8":{"start":{"line":17,"column":4},"end":{"line":17,"column":42}},"9":{"start":{"line":21,"column":24},"end":{"line":28,"column":39}},"10":{"start":{"line":30,"column":20},"end":{"line":37,"column":6}},"11":{"start":{"line":38,"column":4},"end":{"line":38,"column":46}},"12":{"start":{"line":42,"column":20},"end":{"line":45,"column":6}},"13":{"start":{"line":46,"column":4},"end":{"line":48,"column":7}},"14":{"start":{"line":52,"column":4},"end":{"line":52,"column":46}},"15":{"start":{"line":7,"column":13},"end":{"line":7,"column":24}},"16":{"start":{"line":7,"column":13},"end":{"line":54,"column":null}}},"fnMap":{"0":{"name":"(anonymous_11)","decl":{"start":{"line":10,"column":2},"end":{"line":10,"column":31}},"loc":{"start":{"line":10,"column":53},"end":{"line":10,"column":57}}},"1":{"name":"(anonymous_12)","decl":{"start":{"line":12,"column":2},"end":{"line":12,"column":7}},"loc":{"start":{"line":12,"column":37},"end":{"line":14,"column":3}}},"2":{"name":"(anonymous_13)","decl":{"start":{"line":16,"column":2},"end":{"line":16,"column":7}},"loc":{"start":{"line":16,"column":54},"end":{"line":18,"column":3}}},"3":{"name":"(anonymous_14)","decl":{"start":{"line":20,"column":2},"end":{"line":20,"column":7}},"loc":{"start":{"line":20,"column":101},"end":{"line":39,"column":3}}},"4":{"name":"(anonymous_15)","decl":{"start":{"line":41,"column":2},"end":{"line":41,"column":7}},"loc":{"start":{"line":41,"column":39},"end":{"line":49,"column":3}}},"5":{"name":"(anonymous_16)","decl":{"start":{"line":51,"column":2},"end":{"line":51,"column":7}},"loc":{"start":{"line":51,"column":33},"end":{"line":53,"column":3}}}},"branchMap":{"0":{"loc":{"start":{"line":20,"column":40},"end":{"line":20,"column":69}},"type":"default-arg","locations":[{"start":{"line":20,"column":67},"end":{"line":20,"column":69}}]},"1":{"loc":{"start":{"line":21,"column":24},"end":{"line":28,"column":39}},"type":"binary-expr","locations":[{"start":{"line":21,"column":24},"end":{"line":21,"column":43}},{"start":{"line":21,"column":48},"end":{"line":28,"column":38}}]},"2":{"loc":{"start":{"line":21,"column":48},"end":{"line":28,"column":38}},"type":"cond-expr","locations":[{"start":{"line":22,"column":8},"end":{"line":27,"column":null}},{"start":{"line":28,"column":8},"end":{"line":28,"column":38}}]},"3":{"loc":{"start":{"line":28,"column":8},"end":{"line":28,"column":38}},"type":"binary-expr","locations":[{"start":{"line":28,"column":8},"end":{"line":28,"column":32}},{"start":{"line":28,"column":36},"end":{"line":28,"column":38}}]}},"s":{"0":7,"1":7,"2":7,"3":7,"4":7,"5":3,"6":3,"7":0,"8":0,"9":1,"10":1,"11":1,"12":1,"13":1,"14":0,"15":7,"16":7},"f":{"0":3,"1":0,"2":0,"3":1,"4":1,"5":0},"b":{"0":[1],"1":[1,1],"2":[0,1],"3":[1,1]}}
,"/Users/haroldv/Projects/erp-ari-hv/erp-backend/src/application/use-cases/auth/forgot-password.dto.ts": {"path":"/Users/haroldv/Projects/erp-ari-hv/erp-backend/src/application/use-cases/auth/forgot-password.dto.ts","statementMap":{"0":{"start":{"line":1,"column":0},"end":{"line":1,"column":42}},"1":{"start":{"line":2,"column":0},"end":{"line":2,"column":46}},"2":{"start":{"line":4,"column":0},"end":{"line":4,"column":13}},"3":{"start":{"line":10,"column":2},"end":{"line":10,"column":null}}},"fnMap":{},"branchMap":{},"s":{"0":1,"1":1,"2":1,"3":1},"f":{},"b":{}}
,"/Users/haroldv/Projects/erp-ari-hv/erp-backend/src/application/use-cases/auth/forgot-password.use-case.ts": {"path":"/Users/haroldv/Projects/erp-ari-hv/erp-backend/src/application/use-cases/auth/forgot-password.use-case.ts","statementMap":{"0":{"start":{"line":1,"column":0},"end":{"line":1,"column":71}},"1":{"start":{"line":2,"column":0},"end":{"line":2,"column":33}},"2":{"start":{"line":4,"column":0},"end":{"line":4,"column":136}},"3":{"start":{"line":8,"column":7},"end":{"line":55,"column":null}},"4":{"start":{"line":11,"column":21},"end":{"line":11,"column":52}},"5":{"start":{"line":12,"column":21},"end":{"line":12,"column":38}},"6":{"start":{"line":16,"column":18},"end":{"line":16,"column":48}},"7":{"start":{"line":17,"column":17},"end":{"line":17,"column":61}},"8":{"start":{"line":19,"column":4},"end":{"line":21,"column":5}},"9":{"start":{"line":20,"column":6},"end":{"line":20,"column":72}},"10":{"start":{"line":24,"column":4},"end":{"line":24,"column":52}},"11":{"start":{"line":27,"column":21},"end":{"line":27,"column":40}},"12":{"start":{"line":30,"column":22},"end":{"line":30,"column":80}},"13":{"start":{"line":33,"column":22},"end":{"line":33,"column":32}},"14":{"start":{"line":34,"column":4},"end":{"line":34,"column":49}},"15":{"start":{"line":37,"column":4},"end":{"line":41,"column":7}},"16":{"start":{"line":44,"column":21},"end":{"line":44,"column":77}},"17":{"start":{"line":45,"column":4},"end":{"line":45,"column":72}},"18":{"start":{"line":46,"column":4},"end":{"line":46,"column":52}},"19":{"start":{"line":47,"column":4},"end":{"line":47,"column":35}},"20":{"start":{"line":48,"column":4},"end":{"line":48,"column":40}},"21":{"start":{"line":49,"column":4},"end":{"line":49,"column":72}},"22":{"start":{"line":51,"column":4},"end":{"line":53,"column":6}},"23":{"start":{"line":8,"column":13},"end":{"line":8,"column":34}},"24":{"start":{"line":8,"column":13},"end":{"line":55,"column":null}}},"fnMap":{"0":{"name":"(anonymous_13)","decl":{"start":{"line":9,"column":2},"end":{"line":9,"column":null}},"loc":{"start":{"line":12,"column":66},"end":{"line":13,"column":6}}},"1":{"name":"(anonymous_14)","decl":{"start":{"line":15,"column":2},"end":{"line":15,"column":7}},"loc":{"start":{"line":15,"column":38},"end":{"line":54,"column":3}}}},"branchMap":{"0":{"loc":{"start":{"line":19,"column":4},"end":{"line":21,"column":5}},"type":"if","locations":[{"sta
[...]
,"/Users/haroldv/Projects/erp-ari-hv/erp-backend/src/presentation/web/controllers/tenant-profile.controller.ts": {"path":"/Users/haroldv/Projects/erp-ari-hv/erp-backend/src/presentation/web/controllers/tenant-profile.controller.ts","statementMap":{"0":{"start":{"line":1,"column":0},"end":{"line":1,"column":126}},"1":{"start":{"line":2,"column":0},"end":{"line":2,"column":91}},"2":{"start":{"line":3,"column":0},"end":{"line":3,"column":41}},"3":{"start":{"line":4,"column":0},"end":{"line":4,"column":82}},"4":{"start":{"line":5,"column":0},"end":{"line":5,"column":110}},"5":{"start":{"line":6,"column":0},"end":{"line":6,"column":116}},"6":{"start":{"line":7,"column":0},"end":{"line":7,"column":111}},"7":{"start":{"line":13,"column":7},"end":{"line":56,"column":null}},"8":{"start":{"line":15,"column":21},"end":{"line":15,"column":47}},"9":{"start":{"line":16,"column":21},"end":{"line":16,"column":50}},"10":{"start":{"line":26,"column":4},"end":{"line":28,"column":5}},"11":{"start":{"line":27,"column":6},"end":{"line":27,"column":72}},"12":{"start":{"line":29,"column":4},"end":{"line":31,"column":5}},"13":{"start":{"line":30,"column":6},"end":{"line":30,"column":85}},"14":{"start":{"line":32,"column":4},"end":{"line":32,"column":59}},"15":{"start":{"line":44,"column":4},"end":{"line":46,"column":5}},"16":{"start":{"line":45,"column":6},"end":{"line":45,"column":72}},"17":{"start":{"line":47,"column":4},"end":{"line":49,"column":5}},"18":{"start":{"line":48,"column":6},"end":{"line":48,"column":85}},"19":{"start":{"line":50,"column":17},"end":{"line":50,"column":30}},"20":{"start":{"line":51,"column":4},"end":{"line":53,"column":5}},"21":{"start":{"line":52,"column":6},"end":{"line":52,"column":108}},"22":{"start":{"line":54,"column":4},"end":{"line":54,"column":73}},"23":{"start":{"line":13,"column":13},"end":{"line":13,"column":36}},"24":{"start":{"line":22,"column":8},"end":{"line":33,"column":null}},"25":{"start":{"line":39,"column":8},"end":{"line":55,"column":null}},"26":{"start":{"line":13,"column":13},"end":{"line":56,"column":null}}},"fnMap":{"0":{"name":"(anonymous_4)","decl":{"start":{"line":14,"column":2},"end":{"line":14,"column":null}},"loc":{"start":{"line":16,"column":77},"end":{"line":17,"column":6}}},"1":{"name":"(anonymous_5)","decl":{"start":{"line":22,"column":2},"end":{"line":22,"column":7}},"loc":{"start":{"line":24,"column":19},"end":{"line":33,"column":3}}},"2":{"name":"(anonymous_6)","decl":{"start":{"line":39,"column":2},"end":{"line":39,"column":7}},"loc":{"start":{"line":42,"column":19},"end":{"line":55,"column":3}}}},"branchMap":{"0":{"loc":{"start":{"line":26,"column":4},"end":{"line":28,"column":5}},"type":"if","locations":[{"start":{"line":26,"column":4},"end":{"line":28,"column":5}}]},"1":{"loc":{"start":{"line":26,"column":8},"end":{"line":26,"column":38}},"type":"binary-expr","locations":[{"start":{"line":26,"column":8},"end":{"line":26,"column":17}},{"start":{"line":26,"column":21},"end":{"line":26,"column":38}}]},"2":{"loc":{"start":{"line":29,"column":4},"end":{"line":31,"column":5}},"type":"if","locations":[{"start":{"line":29,"column":4},"end":{"line":31,"column":5}}]},"3":{"loc":{"start":{"line":44,"column":4},"end":{"line":46,"column":5}},"type":"if","locations":[{"start":{"line":44,"column":4},"end":{"line":46,"column":5}}]},"4":{"loc":{"start":{"line":44,"column":8},"end":{"line":44,"column":38}},"type":"binary-expr","locations":[{"start":{"line":44,"column":8},"end":{"line":44,"column":17}},{"start":{"line":44,"column":21},"end":{"line":44,"column":38}}]},"5":{"loc":{"start":{"line":47,"column":4},"end":{"line":49,"column":5}},"type":"if","locations":[{"start":{"line":47,"column":4},"end":{"line":49,"column":5}}]},"6":{"loc":{"start":{"line":51,"column":4},"end":{"line":53,"column":5}},"type":"if","locations":[{"start":{"line":51,"column":4},"end":{"line":53,"column":5}}]},"7":{"loc":{"start":{"line":51,"column":8},"end":{"line":51,"column":46}},"type":"binary-expr","locations":[{"start":{"line":51,"column":8},"end":{"line":51,"column":24}},{"start":{"line":51,"column":28},"end":{"line":51,"column":46}}]}},"s":{"0":0,"1":0,"2":0,"3":0,"4":0,"5":0,"6":0,"7":0,"8":0,"9":0,"10":0,"11":0,"12":0,"13":0,"14":0,"15":0,"16":0,"17":0,"18":0,"19":0,"20":0,"21":0,"22":0,"23":0,"24":0,"25":0,"26":0},"f":{"0":0,"1":0,"2":0},"b":{"0":[0],"1":[0,0],"2":[0],"3":[0],"4":[0,0],"5":[0],"6":[0],"7":[0,0]}}
,"/Users/haroldv/Projects/erp-ari-hv/erp-backend/src/presentation/web/controllers/users.controller.ts": {"path":"/Users/haroldv/Projects/erp-ari-hv/erp-backend/src/presentation/web/controllers/users.controller.ts","statementMap":{"0":{"start":{"line":1,"column":0},"end":{"line":1,"column":118}},"1":{"start":{"line":2,"column":0},"end":{"line":2,"column":71}},"2":{"start":{"line":3,"column":0},"end":{"line":3,"column":82}},"3":{"start":{"line":4,"column":0},"end":{"line":4,"column":89}},"4":{"start":{"line":5,"column":0},"end":{"line":5,"column":100}},"5":{"start":{"line":6,"column":0},"end":{"line":6,"column":93}},"6":{"start":{"line":7,"column":0},"end":{"line":7,"column":91}},"7":{"start":{"line":8,"column":0},"end":{"line":8,"column":93}},"8":{"start":{"line":9,"column":0},"end":{"line":9,"column":88}},"9":{"start":{"line":10,"column":0},"end":{"line":10,"column":88}},"10":{"start":{"line":16,"column":7},"end":{"line":102,"column":null}},"11":{"start":{"line":18,"column":21},"end":{"line":18,"column":40}},"12":{"start":{"line":19,"column":21},"end":{"line":19,"column":39}},"13":{"start":{"line":20,"column":21},"end":{"line":20,"column":40}},"14":{"start":{"line":28,"column":20},"end":{"line":28,"column":28}},"15":{"start":{"line":29,"column":4},"end":{"line":38,"column":6}},"16":{"start":{"line":46,"column":22},"end":{"line":46,"column":30}},"17":{"start":{"line":47,"column":4},"end":{"line":51,"column":7}},"18":{"start":{"line":63,"column":20},"end":{"line":63,"column":28}},"19":{"start":{"line":64,"column":4},"end":{"line":74,"column":6}},"20":{"start":{"line":86,"column":20},"end":{"line":86,"column":28}},"21":{"start":{"line":87,"column":4},"end":{"line":100,"column":6}},"22":{"start":{"line":16,"column":13},"end":{"line":16,"column":28}},"23":{"start":{"line":27,"column":8},"end":{"line":39,"column":null}},"24":{"start":{"line":45,"column":8},"end":{"line":52,"column":null}},"25":{"start":{"line":58,"column":8},"end":{"line":75,"column":null}},"26":{"start":{"line":81,"column":8},"end":{"line":101,"column":null}},"27":{"start":{"line":16,"column":13},"end":{"line":102,"column":null}}},"fnMap":{"0":{"name":"(anonymous_4)","decl":{"start":{"line":17,"column":2},"end":{"line":17,"column":null}},"loc":{"start":{"line":20,"column":57},"end":{"line":21,"column":6}}},"1":{"name":"(anonymous_5)","decl":{"start":{"line":27,"column":2},"end":{"line":27,"column":7}},"loc":{"start":{"line":27,"column":62},"end":{"line":39,"column":3}}},"2":{"name":"(anonymous_6)","decl":{"start":{"line":45,"column":2},"end":{"line":45,"column":7}},"loc":{"start":{"line":45,"column":33},"end":{"line":52,"column":3}}},"3":{"name":"(anonymous_7)","decl":{"start":{"line":58,"column":2},"end":{"line":58,"column":7}},"loc":{"start":{"line":61,"column":30},"end":{"line":75,"column":3}}},"4":{"name":"(anonymous_8)","decl":{"start":{"line":81,"column":2},"end":{"line":81,"column":7}},"loc":{"start":{"line":84,"column":78},"end":{"line":101,"column":3}}}},"branchMap":{"0":{"loc":{"start":{"line":34,"column":25},"end":{"line":34,"column":54}},"type":"binary-expr","locations":[{"start":{"line":34,"column":25},"end":{"line":34,"column":48}},{"start":{"line":34,"column":52},"end":{"line":34,"column":54}}]},"1":{"loc":{"start":{"line":35,"column":21},"end":{"line":35,"column":46}},"type":"binary-expr","locations":[{"start":{"line":35,"column":21},"end":{"line":35,"column":40}},{"start":{"line":35,"column":44},"end":{"line":35,"column":46}}]},"2":{"loc":{"start":{"line":69,"column":25},"end":{"line":69,"column":54}},"type":"binary-expr","locations":[{"start":{"line":69,"column":25},"end":{"line":69,"column":48}},{"start":{"line":69,"column":52},"end":{"line":69,"column":54}}]},"3":{"loc":{"start":{"line":70,"column":21},"end":{"line":70,"column":46}},"type":"binary-expr","locations":[{"start":{"line":70,"column":21},"end":{"line":70,"column":40}},{"start":{"line":70,"column":44},"end":{"line":70,"column":46}}]},"4":{"loc":{"start":{"line":92,"column":25},"end":{"line":92,"column":54}},"type":"binary-expr","locations":[{"start":{"line":92,"column":25},"end":{"line":92,"column":48}},{"start":{"line":92,"column":52},"end":{"line":92,"column":54}}]},"5":{"loc":{"start":{"line":93,"column":21},"end":{"line":93,"column":46}},"type":"binary-expr","locations":[{"start":{"line":93,"column":21},"end":{"line":93,"column":40}},{"start":{"line":93,"column":44},"end":{"line":93,"column":46}}]}},"s":{"0":0,"1":0,"2":0,"3":0,"4":0,"5":0,"6":0,"7":0,"8":0,"9":0,"10":0,"11":0,"12":0,"13":0,"14":0,"15":0,"16":0,"17":0,"18":0,"19":0,"20":0,"21":0,"22":0,"23":0,"24":0,"25":0,"26":0,"27":0},"f":{"0":0,"1":0,"2":0,"3":0,"4":0},"b":{"0":[0,0],"1":[0,0],"2":[0,0],"3":[0,0],"4":[0,0],"5":[0,0]}}
,"/Users/haroldv/Projects/erp-ari-hv/erp-backend/src/presentation/web/controllers/warehouse-locations.controller.ts": {"path":"/Users/haroldv/Projects/erp-ari-hv/erp-backend/src/presentation/web/controllers/warehouse-locations.controller.ts","statementMap":{"0":{"start":{"line":1,"column":0},"end":{"line":1,"column":161}},"1":{"start":{"line":2,"column":0},"end":{"line":2,"column":82}},"2":{"start":{"line":3,"column":0},"end":{"line":3,"column":98}},"3":{"start":{"line":4,"column":0},"end":{"line":4,"column":51}},"4":{"start":{"line":5,"column":0},"end":{"line":5,"column":37}},"5":{"start":{"line":6,"column":0},"end":{"line":6,"column":101}},"6":{"start":{"line":7,"column":0},"end":{"line":7,"column":82}},"7":{"start":{"line":8,"column":0},"end":{"line":8,"column":81}},"8":{"start":{"line":9,"column":0},"end":{"line":9,"column":103}},"9":{"start":{"line":11,"column":0},"end":{"line":11,"column":13}},"10":{"start":{"line":14,"column":2},"end":{"line":14,"column":null}},"11":{"start":{"line":18,"column":2},"end":{"line":18,"column":null}},"12":{"start":{"line":22,"column":2},"end":{"line":22,"column":null}},"13":{"start":{"line":27,"column":2},"end":{"line":27,"column":null}},"14":{"start":{"line":35,"column":7},"end":{"line":169,"column":null}},"15":{"start":{"line":38,"column":21},"end":{"line":38,"column":35}},"16":{"start":{"line":49,"column":4},"end":{"line":49,"column":39}},"17":{"start":{"line":51,"column":4},"end":{"line":61,"column":5}},"18":{"start":{"line":52,"column":6},"end":{"line":54,"column":7}},"19":{"start":{"line":53,"column":8},"end":{"line":53,"column":72}},"20":{"start":{"line":55,"column":21},"end":{"line":57,"column":8}},"21":{"start":{"line":58,"column":6},"end":{"line":60,"column":7}},"22":{"start":{"line":59,"column":8},"end":{"line":59,"column":65}},"23":{"start":{"line":63,"column":21},"end":{"line":69,"column":6}},"24":{"start":{"line":71,"column":4},"end":{"line":71,"column":44}},"25":{"start":{"line":81,"column":4},"end":{"line":81,"column":39}},"26":{"start":{"line":82,"column":4},"end":{"line":85,"column":7}},"27":{"start":{"line":95,"column":4},"end":{"line":95,"column":39}},"28":{"start":{"line":96,"column":16},"end":{"line":98,"column":6}},"29":{"start":{"line":101,"column":43},"end":{"line":101,"column":45}},"30":{"start":{"line":102,"column":24},"end":{"line":102,"column":62}},"31":{"start":{"line":104,"column":4},"end":{"line":114,"column":7}},"32":{"start":{"line":105,"column":6},"end":{"line":113,"column":7}},"33":{"start":{"line":106,"column":8},"end":{"line":106,"column":29}},"34":{"start":{"line":108,"column":25},"end":{"line":108,"column":39}},"35":{"start":{"line":109,"column":8},"end":{"line":111,"column":9}},"36":{"start":{"line":110,"column":10},"end":{"line":110,"column":40}},"37":{"start":{"line":112,"column":8},"end":{"line":112,"column":45}},"38":{"start":{"line":116,"column":29},"end":{"line":119,"column":5}},"39":{"start":{"line":117,"column":6},"end":{"line":117,"column":53}},"40":{"start":{"line":118,"column":6},"end":{"line":118,"column":46}},"41":{"start":{"line":121,"column":4},"end":{"line":121,"column":40}},"42":{"start":{"line":122,"column":4},"end":{"line":122,"column":21}},"43":{"start":{"line":133,"column":4},"end":{"line":133,"column":39}},"44":{"start":{"line":134,"column":4},"end":{"line":136,"column":5}},"45":{"start":{"line":135,"column":6},"end":{"line":135,"column":51}},"46":{"start":{"line":138,"column":21},"end":{"line":140,"column":6}},"47":{"start":{"line":141,"column":4},"end":{"line":143,"column":5}},"48":{"start":{"line":142,"column":6},"end":{"line":142,"column":61}},"49":{"start":{"line":146,"column":23},"end":{"line":148,"column":6}},"50":{"start":{"line":149,"column":4},"end":{"line":153,"column":5}},"51":{"start":{"line":150,"column":6},"end":{"line":152,"column":8}},"52":{"start":{"line":155,"column":4},"end":{"line":155,"column":39}},"53":{"start":{"line":156,"column":4},"end":{"line":156,"column":56}},"54":{"start":{"line":160,"column":29},"end":{"line":160,"column":92}},"55":{"start":{"line":161,"column":4},"end":{"line":163,"column":5}},"56":{"start":{"line":162,"column":6},"end":{"line":162,"column":72}},"57":{"start":{"line":164,"column":4},"end":{"line":166,"column":5}},"58":{"start":{"line":165,"column":6},"end":{"line":165,"column":85}},"59":{"start":{"line":167,"column":4},"end":{"line":167,"column":28}},"60":{"start":{"line":35,"column":13},"end":{"line":35,"column":41}},"61":{"start":{"line":44,"column":8},"end":{"line":72,"column":null}},"62":{"start":{"line":77,"column":8},"end":{"line":86,"column":null}},"63":{"start":{"line":91,"column":8},"end":{"line":123,"column":null}},"64":{"start":{"line":128,"column":8},"end":{"line":157,"column":null}},"65":{"start":{"line":35,"column":13},"end":{"line":169,"column":null}}},"fnMap":{"0":{"name":"(anonymous_4)","decl":{"start":{"line":36,"column":2},"end":{"line":36,"column":null}},"loc":{"start":{"line":38,"column":64},"end":{"line":39,"column":6}}},"1":{"name":"(anonymous_5)","decl":{"start":{"line":44,"column":2},"end":{"line":44,"column":7}},"loc":{"start":{"line":47,"column":19},"end":{"line":72,"column":3}}},"2":{"name":"(anonymous_6)","decl":{"start":{"line":77,"column":2},"end":{"line":77,"column":7}},"loc":{"start":{"line":79,"column":19},"end":{"line":86,"column":3}}},"3":{"name":"(anonymous_7)","decl":{"start":{"line":91,"column":2},"end":{"line":91,"column":7}},"loc":{"start":{"line":93,"column":19},"end":{"line":123,"column":3}}},"4":{"name":"(anonymous_8)","decl":{"start":{"line":104,"column":16},"end":{"line":104,"column":20}},"loc":{"start":{"line":104,"column":23},"end":{"line":114,"column":5}}},"5":{"name":"(anonymous_9)","decl":{"start":{"line":116,"column":29},"end":{"line":116,"column":30}},"loc":{"start":{"line":116,"column":57},"end":{"line":119,"column":5}}},"6":{"name":"(anonymous_10)","decl":{"start":{"line":128,"column":2},"end":{"line":128,"column":7}},"loc":{"start":{"line":131,"column":19},"end":{"line":157,"column":3}}},"7":{"name":"(anonymous_11)","decl":{"start":{"line":159,"column":10},"end":{"line":159,"column":24}},"loc":{"start":{"line":159,"column":51},"end":{"line":168,"column":3}}}},"branchMap":{"0":{"loc":{"start":{"line":51,"column":4},"end":{"line":61,"column":5}},"type":"if","locations":[{"start":{"line":51,"column":4},"end":{"line":61,"column":5}}]},"1":{"loc":{"start":{"line":52,"column":6},"end":{"line":54,"column":7}},"type":"if","locations":[{"start":{"line":52,"column":6},"end":{"line":54,"column":7}}]},"2":{"loc":{"start":{"line":58,"column":6},"end":{"line":60,"column":7}},"type":"if","locations":[{"start":{"line":58,"column":6},"end":{"line":60,"column":7}}]},"3":{"loc":{"start":{"line":67,"column":17},"end":{"line":67,"column":38}},"type":"binary-expr","locations":[{"start":{"line":67,"column":17},"end":{"line":67,"column":30}},{"start":{"line":67,"column":34},"end":{"line":67,"column":38}}]},"4":{"loc":{"start":{"line":68,"column":22},"end":{"line":68,"column":45}},"type":"binary-expr","locations":[{"start":{"line":68,"column":22},"end":{"line":68,"column":40}},{"start":{"line":68,"column":44},"end":{"line":68,"column":45}}]},"5":{"loc":{"start":{"line":105,"column":6},"end":{"line":113,"column":7}},"type":"if","locations":[{"start":{"line":105,"column":6},"end":{"line":113,"column":7}},{"start":{"line":107,"column":13},"end":{"line":113,"column":7}}]},"6":{"loc":{"start":{"line":109,"column":8},"end":{"line":111,"column":9}},"type":"if","locations":[{"start":{"line":109,"column":8},"end":{"line":111,"column":9}}]},"7":{"loc":{"start":{"line":117,"column":22},"end":{"line":117,"column":52}},"type":"binary-expr","locations":[{"start":{"line":117,"column":22},"end":{"line":117,"column":46}},{"start":{"line":117,"column":50},"end":{"line":117,"column":52}}]},"8":{"loc":{"start":{"line":134,"column":4},"end":{"line":136,"column":5}},"type":"if","locations":[{"start":{"line":134,"column":4},"end":{"line":136,"column":5}}]},"9":{"loc":{"start":{"line":134,"column":8},"end":{"line":134,"column":26}},"type":"binary-expr","locations":[{"start":{"line":134,"column":8},"end":{"line":134,"column":11}},{"start":{"line":134,"column":15},"end":{"line":134,"column":26}}]},"10":{"loc":{"start":{"line":141,"column":4},"end":{"line":143,"column":5}},"type":"if","locations":[{"start":{"line":141,"column":4},"end":{"line":143,"column":5}}]},"11":{"loc":{"start":{"line":149,"column":4},"end":{"line":153,"column":5}},"type":"if","locations":[{"start":{"line":149,"column":4},"end":{"line":153,"column":5}}]},"12":{"loc":{"start":{"line":160,"column":29},"end":{"line":160,"column":92}},"type":"binary-expr","locations":[{"start":{"line":160,"column":29},"end":{"line":160,"column":37}},{"start":{"line":160,"column":41},"end":{"line":160,"column":60}},{"start":{"line":160,"column":64},"end":{"line":160,"column":92}}]},"13":{"loc":{"start":{"line":161,"column":4},"end":{"line":163,"column":5}},"type":"if","locations":[{"start":{"line":161,"column":4},"end":{"line":163,"column":5}}]},"14":{"loc":{"start":{"line":161,"column":8},"end":{"line":161,"column":54}},"type":"binary-expr","locations":[{"start":{"line":161,"column":8},"end":{"line":161,"column":25}},{"start":{"line":161,"column":29},"end":{"line":161,"column":54}}]},"15":{"loc":{"start":{"line":164,"column":4},"end":{"line":166,"column":5}},"type":"if","locations":[{"start":{"line":164,"column":4},"end":{"line":166,"column":5}}]},"16":{"loc":{"start":{"line":164,"column":8},"end":{"line":164,"column":70}},"type":"binary-expr","locations":[{"start":{"line":164,"column":8},"end":{"line":164,"column":27}},{"start":{"line":164,"column":31},"end":{"line":164,"column":70}}]}},"s":{"0":0,"1":0,"2":0,"3":0,"4":0,"5":0,"6":0,"7":0,"8":0,"9":0,"10":0,"11":0,"12":0,"13":0,"14":0,"15":0,"16":0,"17":0,"18":0,"19":0,"20":0,"21":0,"22":0,"23":0,"24":0,"25":0,"26":0,"27":0,"28":0,"29":0,"30":0,"31":0,"32":0,"33":0,"34":0,"35":0,"36":0,"37":0,"38":0,"39":0,"40":0,"41":0,"42":0,"43":0,"44":0,"45":0,"46":0,"47":0,"48":0,"49":0,"50":0,"51":0,"52":0,"53":0,"54":0,"55":0,"56":0,"57":0,"58":0,"59":0,"60":0,"61":0,"62":0,"63":0,"64":0,"65":0},"f":{"0":0,"1":0,"2":0,"3":0,"4":0,"5":0,"6":0,"7":0},"b":{"0":[0],"1":[0],"2":[0],"3":[0,0],"4":[0,0],"5":[0,0],"6":[0],"7":[0,0],"8":[0],"9":[0,0],"10":[0],"11":[0],"12":[0,0,0],"13":[0],"14":[0,0],"15":[0],"16":[0,0]}}
}
