TN:
SF:src/app.module.ts
FN:263,(anonymous_11)
FN:265,(anonymous_12)
FN:270,(anonymous_13)
FN:271,(anonymous_14)
FN:151,(anonymous_15)
FN:166,(anonymous_16)
FNF:6
FNH:0
FNDA:0,(anonymous_11)
FNDA:0,(anonymous_12)
FNDA:0,(anonymous_13)
FNDA:0,(anonymous_14)
FNDA:0,(anonymous_15)
FNDA:0,(anonymous_16)
DA:1,0
DA:2,0
DA:3,0
DA:4,0
DA:5,0
DA:6,0
DA:7,0
DA:8,0
DA:9,0
DA:10,0
DA:11,0
DA:12,0
DA:13,0
DA:14,0
DA:15,0
DA:16,0
DA:17,0
DA:18,0
DA:19,0
DA:20,0
DA:21,0
DA:22,0
DA:23,0
DA:24,0
DA:25,0
DA:26,0
DA:27,0
DA:28,0
DA:29,0
DA:30,0
DA:31,0
DA:32,0
DA:33,0
DA:34,0
DA:35,0
DA:36,0
DA:37,0
DA:38,0
DA:39,0
DA:40,0
DA:41,0
DA:42,0
DA:43,0
DA:44,0
DA:45,0
DA:46,0
DA:47,0
DA:48,0
DA:49,0
DA:50,0
DA:51,0
DA:52,0
DA:53,0
DA:54,0
DA:55,0
DA:56,0
DA:57,0
DA:58,0
DA:59,0
DA:60,0
DA:61,0
DA:62,0
DA:63,0
DA:64,0
DA:65,0
DA:66,0
DA:67,0
DA:68,0
DA:69,0
DA:70,0
DA:71,0
DA:72,0
DA:73,0
DA:74,0
DA:75,0
DA:76,0
DA:77,0
DA:78,0
DA:79,0
DA:80,0
DA:81,0
DA:82,0
DA:83,0
DA:85,0
DA:86,0
DA:87,0
DA:89,0
DA:90,0
DA:91,0
DA:92,0
DA:94,0
DA:95,0
DA:96,0
DA:97,0
DA:98,0
DA:100,0
DA:101,0
DA:102,0
DA:103,0
DA:104,0
DA:105,0
DA:106,0
DA:107,0
DA:108,0
DA:109,0
DA:110,0
DA:112,0
DA:113,0
DA:114,0
DA:116,0
DA:117,0
DA:118,0
DA:119,0
DA:120,0
DA:121,0
DA:123,0
DA:124,0
DA:125,0
DA:126,0
DA:127,0
DA:128,0
DA:129,0
DA:130,0
DA:131,0
DA:132,0
DA:133,0
DA:134,0
DA:135,0
DA:136,0
DA:139,0
DA:140,0
DA:141,0
DA:151,0
DA:166,0
DA:262,0
DA:263,0
DA:266,0
DA:267,0
DA:268,0
DA:269,0
DA:270,0
DA:271,0
DA:273,0
DA:274,0
DA:275,0
DA:276,0
DA:277,0
DA:278,0
DA:286,0
LF:149
LH:0
BRDA:268,0,0,0
BRDA:276,1,0,0
BRDA:276,2,0,0
BRDA:276,2,1,0
BRF:4
BRH:0
end_of_record
TN:
SF:src/main.ts
FN:10,bootstrap
FNF:1
FNH:0
FNDA:0,bootstrap
DA:1,0
DA:2,0
DA:3,0
DA:4,0
DA:6,0
DA:7,0
DA:8,0
DA:11,0
DA:14,0
DA:15,0
DA:18,0
DA:23,0
DA:31,0
DA:34,0
DA:36,0
DA:37,0
DA:38,0
DA:39,0
DA:41,0
LF:19
LH:0
BRF:0
BRH:0
end_of_record
TN:
SF:src/seed.ts
FN:4,seed
FNF:1
FNH:0
FNDA:0,seed
DA:1,0
DA:2,0
DA:5,0
DA:9,0
DA:10,0
DA:11,0
DA:14,0
DA:15,0
DA:18,0
DA:21,0
DA:22,0
DA:23,0
DA:37,0
DA:38,0
DA:39,0
DA:40,0
DA:45,0
DA:50,0
DA:51,0
DA:57,0
DA:58,0
DA:59,0
DA:60,0
DA:61,0
DA:66,0
DA:71,0
DA:77,0
DA:78,0
DA:83,0
DA:88,0
DA:94,0
DA:95,0
DA:96,0
DA:109,0
DA:120,0
DA:135,0
DA:136,0
DA:137,0
DA:149,0
DA:160,0
DA:175,0
DA:177,0
DA:179,0
DA:183,0
LF:44
LH:0
BRF:0
BRH:0
end_of_record
TN:
SF:src/application/services/payroll-calculator.service.ts
FN:16,(anonymous_1)
FNF:1
FNH:1
FNDA:2,(anonymous_1)
DA:1,1
DA:15,1
DA:17,2
DA:18,2
DA:19,2
DA:22,2
DA:23,2
DA:26,2
DA:29,2
DA:30,2
DA:32,2
LF:11
LH:11
BRDA:22,0,0,1
BRDA:22,0,1,1
BRDA:29,1,0,1
BRDA:29,1,1,1
BRF:4
BRH:4
end_of_record
TN:
SF:src/application/services/pos-calculator.service.ts
FN:9,(anonymous_1)
FN:13,(anonymous_2)
FNF:2
FNH:2
FNDA:2,(anonymous_1)
FNDA:3,(anonymous_2)
DA:1,1
DA:8,1
DA:10,2
DA:11,2
DA:13,2
DA:14,3
DA:15,3
DA:17,3
DA:18,3
DA:21,2
DA:24,2
DA:25,2
DA:26,2
DA:28,2
LF:14
LH:14
BRF:0
BRH:0
end_of_record
TN:
SF:src/application/services/stock-snapshot.service.ts
FN:10,(anonymous_4)
FN:16,(anonymous_5)
FN:63,(anonymous_6)
FN:80,(anonymous_7)
FN:114,(anonymous_8)
FN:123,(anonymous_9)
FN:136,(anonymous_10)
FN:137,(anonymous_11)
FN:138,(anonymous_12)
FN:139,(anonymous_13)
FN:140,(anonymous_14)
FNF:11
FNH:0
FNDA:0,(anonymous_4)
FNDA:0,(anonymous_5)
FNDA:0,(anonymous_6)
FNDA:0,(anonymous_7)
FNDA:0,(anonymous_8)
FNDA:0,(anonymous_9)
FNDA:0,(anonymous_10)
FNDA:0,(anonymous_11)
FNDA:0,(anonymous_12)
FNDA:0,(anonymous_13)
FNDA:0,(anonymous_14)
DA:1,1
DA:2,1
DA:3,1
DA:4,1
DA:5,1
DA:6,1
DA:9,1
DA:11,0
DA:13,0
DA:21,0
DA:25,0
DA:26,0
DA:28,0
DA:29,0
DA:30,0
DA:31,0
DA:32,0
DA:34,0
DA:35,0
DA:36,0
DA:37,0
DA:39,0
DA:40,0
DA:41,0
DA:42,0
DA:43,0
DA:44,0
DA:45,0
DA:46,0
DA:47,0
DA:48,0
DA:49,0
DA:50,0
DA:51,0
DA:52,0
DA:53,0
DA:54,0
DA:55,0
DA:57,0
DA:60,0
DA:70,0
DA:73,0
DA:74,0
DA:77,0
DA:78,0
DA:80,0
DA:81,0
DA:82,0
DA:83,0
DA:85,0
DA:86,0
DA:87,0
DA:88,0
DA:90,0
DA:91,0
DA:92,0
DA:93,0
DA:94,0
DA:95,0
DA:96,0
DA:97,0
DA:98,0
DA:99,0
DA:100,0
DA:101,0
DA:102,0
DA:103,0
DA:104,0
DA:105,0
DA:106,0
DA:107,0
DA:108,0
DA:111,0
DA:112,0
DA:113,0
DA:115,0
DA:120,0
DA:122,0
DA:123,0
DA:124,0
DA:125,0
DA:126,0
DA:136,0
DA:137,0
DA:138,0
DA:139,0
DA:140,0
DA:141,0
DA:143,0
LF:89
LH:7
BRDA:18,0,0,0
BRDA:19,1,0,0
BRDA:29,2,0,0
BRDA:29,2,1,0
BRDA:30,3,0,0
BRDA:30,3,1,0
BRDA:30,3,2,0
BRDA:31,4,0,0
BRDA:31,4,1,0
BRDA:31,4,2,0
BRDA:32,5,0,0
BRDA:32,5,1,0
BRDA:46,6,0,0
BRDA:46,6,1,0
BRDA:73,7,0,0
BRDA:73,7,1,0
BRDA:73,8,0,0
BRDA:73,8,1,0
BRDA:77,9,0,0
BRDA:77,9,1,0
BRDA:81,10,0,0
BRDA:81,10,1,0
BRDA:82,11,0,0
BRDA:82,11,1,0
BRDA:82,11,2,0
BRDA:83,12,0,0
BRDA:83,12,1,0
BRDA:83,12,2,0
BRDA:98,13,0,0
BRDA:98,13,1,0
BRDA:111,14,0,0
BRDA:115,15,0,0
BRDA:115,15,1,0
BRDA:115,15,2,0
BRDA:115,15,3,0
BRDA:115,15,4,0
BRDA:120,16,0,0
BRDA:151,17,0,0
BRDA:151,17,1,0
BRDA:151,17,2,0
BRF:40
BRH:0
end_of_record
TN:
SF:src/application/services/warehouse-occupancy.service.ts
FN:9,(anonymous_1)
FN:16,(anonymous_2)
FNF:2
FNH:0
FNDA:0,(anonymous_1)
FNDA:0,(anonymous_2)
DA:1,0
DA:8,0
DA:10,0
DA:12,0
DA:13,0
DA:17,0
DA:18,0
DA:19,0
LF:8
LH:0
BRDA:10,0,0,0
BRDA:10,1,0,0
BRDA:10,1,1,0
BRDA:17,2,0,0
BRDA:18,3,0,0
BRF:5
BRH:0
end_of_record
TN:
SF:src/application/use-cases/account/bulk-import-accounts.use-case.ts
FN:9,(anonymous_2)
FN:13,(anonymous_3)
FNF:2
FNH:0
FNDA:0,(anonymous_2)
FNDA:0,(anonymous_3)
DA:1,0
DA:3,0
DA:8,0
DA:10,0
DA:17,0
DA:19,0
DA:20,0
DA:21,0
DA:22,0
DA:25,0
LF:10
LH:0
BRF:0
BRH:0
end_of_record
TN:
SF:src/application/use-cases/account/create-account.use-case.ts
FN:9,(anonymous_2)
FN:13,(anonymous_3)
FNF:2
FNH:2
FNDA:6,(anonymous_2)
FNDA:2,(anonymous_3)
DA:1,2
DA:2,2
DA:4,2
DA:5,2
DA:8,2
DA:10,6
DA:18,2
DA:19,2
DA:22,2
DA:23,2
DA:24,2
DA:26,2
DA:27,2
DA:28,2
DA:30,2
DA:31,2
DA:32,0
DA:33,2
DA:34,1
DA:37,2
DA:38,2
DA:39,0
DA:48,2
DA:49,0
DA:58,2
DA:59,1
DA:69,2
DA:70,2
DA:71,2
DA:72,2
DA:73,2
DA:74,2
DA:75,2
DA:76,2
DA:77,2
DA:78,2
DA:79,2
DA:80,2
DA:81,2
DA:82,2
DA:83,2
DA:84,2
DA:86,2
LF:43
LH:40
BRDA:18,0,0,2
BRDA:18,0,1,1
BRDA:19,1,0,2
BRDA:19,1,1,0
BRDA:22,2,0,2
BRDA:22,2,1,2
BRDA:23,3,0,2
BRDA:23,3,1,2
BRDA:24,4,0,2
BRDA:24,4,1,1
BRDA:31,5,0,0
BRDA:31,5,1,2
BRDA:31,6,0,2
BRDA:31,6,1,0
BRDA:33,7,0,1
BRDA:38,8,0,0
BRDA:48,9,0,0
BRDA:58,10,0,1
BRDA:75,11,0,2
BRDA:75,11,1,1
BRF:20
BRH:15
end_of_record
TN:
SF:src/application/use-cases/account/register-payment.use-case.ts
FN:11,(anonymous_4)
FN:17,(anonymous_5)
FNF:2
FNH:2
FNDA:2,(anonymous_4)
FNDA:1,(anonymous_5)
DA:1,1
DA:2,1
DA:4,1
DA:5,1
DA:6,1
DA:7,1
DA:10,1
DA:12,2
DA:14,2
DA:23,1
DA:24,1
DA:25,0
DA:28,1
DA:29,1
DA:30,1
DA:33,1
DA:34,1
DA:36,1
DA:37,1
DA:38,1
DA:39,1
DA:40,1
DA:41,1
DA:42,1
DA:43,1
DA:44,1
DA:45,1
DA:47,1
DA:50,1
DA:51,1
DA:52,1
DA:54,1
DA:55,1
DA:56,1
DA:59,1
DA:60,1
DA:61,1
DA:63,1
LF:38
LH:37
BRDA:24,0,0,0
BRDA:24,1,0,1
BRDA:24,1,1,1
BRDA:28,2,0,1
BRDA:28,2,1,1
BRDA:30,3,0,0
BRDA:30,3,1,1
BRDA:33,4,0,0
BRDA:33,4,1,1
BRDA:55,5,0,1
BRF:10
BRH:7
end_of_record
TN:
SF:src/application/use-cases/account/dto/bulk-import-accounts.dto.ts
FN:17,(anonymous_2)
FNF:1
FNH:0
FNDA:0,(anonymous_2)
DA:1,0
DA:2,0
DA:3,0
DA:4,0
DA:6,0
DA:9,0
DA:13,0
DA:17,0
DA:18,0
LF:9
LH:0
BRF:0
BRH:0
end_of_record
TN:
SF:src/application/use-cases/account/dto/create-account.dto.ts
FNF:0
FNH:0
DA:1,1
DA:2,1
DA:4,1
DA:7,1
DA:11,1
DA:15,1
DA:19,1
DA:23,1
DA:27,1
DA:32,1
DA:37,1
DA:42,1
DA:47,1
DA:52,1
LF:14
LH:14
BRF:0
BRH:0
end_of_record
TN:
SF:src/application/use-cases/account/dto/register-payment.dto.ts
FNF:0
FNH:0
DA:1,0
DA:2,0
DA:4,0
DA:7,0
DA:12,0
DA:17,0
DA:21,0
LF:7
LH:0
BRF:0
BRH:0
end_of_record
TN:
SF:src/application/use-cases/admin/approve-subscription-payment.use-case.ts
FN:10,(anonymous_2)
FN:12,(anonymous_3)
FNF:2
FNH:2
FNDA:2,(anonymous_2)
FNDA:2,(anonymous_3)
DA:1,2
DA:2,2
DA:3,2
DA:4,2
DA:5,2
DA:6,2
DA:9,2
DA:10,2
DA:13,2
DA:14,2
DA:15,2
DA:17,2
DA:18,2
DA:19,1
DA:22,1
DA:23,0
DA:26,1
DA:27,1
DA:28,0
DA:32,1
DA:33,1
DA:34,1
DA:35,1
DA:38,1
DA:39,1
DA:40,1
DA:42,1
DA:46,1
DA:47,1
DA:48,1
DA:50,1
DA:53,1
DA:57,1
DA:58,1
DA:59,1
DA:60,1
DA:61,1
DA:65,1
LF:38
LH:36
BRDA:18,0,0,1
BRDA:22,1,0,0
BRDA:27,2,0,0
BRDA:40,3,0,1
BRDA:40,3,1,0
BRDA:42,4,0,0
BRDA:42,4,1,1
BRDA:57,5,0,1
BRDA:57,6,0,1
BRDA:57,6,1,1
BRF:10
BRH:6
end_of_record
TN:
SF:src/application/use-cases/admin/saas-plan-management.use-case.ts
FN:41,(anonymous_2)
FN:43,(anonymous_3)
FN:141,(anonymous_4)
FN:177,(anonymous_5)
FN:205,(anonymous_6)
FNF:5
FNH:4
FNDA:6,(anonymous_2)
FNDA:0,(anonymous_3)
FNDA:4,(anonymous_4)
FNDA:2,(anonymous_5)
FNDA:1,(anonymous_6)
DA:1,1
DA:2,1
DA:3,1
DA:40,1
DA:41,6
DA:44,0
DA:45,0
DA:47,0
DA:48,0
DA:135,0
DA:138,0
DA:142,4
DA:143,4
DA:145,4
DA:146,2
DA:149,2
DA:150,2
DA:151,2
DA:152,1
DA:155,1
DA:173,1
DA:174,1
DA:178,2
DA:179,2
DA:180,2
DA:181,1
DA:184,1
DA:186,1
DA:187,1
DA:188,1
DA:189,1
DA:190,1
DA:191,1
DA:192,1
DA:193,1
DA:194,1
DA:195,1
DA:196,1
DA:197,1
DA:198,1
DA:199,1
DA:201,1
DA:202,1
DA:206,1
DA:207,1
DA:208,1
DA:209,0
DA:212,1
DA:213,1
DA:214,1
LF:50
LH:43
BRDA:47,0,0,0
BRDA:145,1,0,2
BRDA:145,2,0,4
BRDA:145,2,1,3
BRDA:151,3,0,1
BRDA:158,4,0,1
BRDA:158,4,1,0
BRDA:159,5,0,1
BRDA:159,5,1,0
BRDA:160,6,0,1
BRDA:160,6,1,0
BRDA:160,7,0,0
BRDA:160,7,1,0
BRDA:161,8,0,1
BRDA:161,8,1,0
BRDA:162,9,0,1
BRDA:162,9,1,0
BRDA:163,10,0,1
BRDA:163,10,1,0
BRDA:165,11,0,1
BRDA:165,11,1,1
BRDA:168,12,0,1
BRDA:168,12,1,0
BRDA:169,13,0,1
BRDA:169,13,1,0
BRDA:170,14,0,1
BRDA:170,14,1,0
BRDA:180,15,0,1
BRDA:186,16,0,1
BRDA:186,16,1,0
BRDA:187,17,0,0
BRDA:187,17,1,1
BRDA:188,18,0,1
BRDA:188,18,1,0
BRDA:189,19,0,0
BRDA:189,19,1,1
BRDA:190,20,0,0
BRDA:190,20,1,1
BRDA:191,21,0,0
BRDA:191,21,1,1
BRDA:192,22,0,0
BRDA:192,22,1,1
BRDA:193,23,0,0
BRDA:193,23,1,1
BRDA:194,24,0,0
BRDA:194,24,1,1
BRDA:195,25,0,0
BRDA:195,25,1,1
BRDA:196,26,0,0
BRDA:196,26,1,1
BRDA:197,27,0,1
BRDA:197,27,1,1
BRDA:198,28,0,1
BRDA:198,28,1,1
BRDA:199,29,0,1
BRDA:199,29,1,1
BRDA:208,30,0,0
BRDA:212,31,0,1
BRDA:212,31,1,0
BRDA:214,32,0,0
BRDA:214,32,1,1
BRF:61
BRH:35
end_of_record
TN:
SF:src/application/use-cases/auth/auth.service.ts
FN:10,(anonymous_11)
FN:12,(anonymous_12)
FN:16,(anonymous_13)
FN:20,(anonymous_14)
FN:41,(anonymous_15)
FN:51,(anonymous_16)
FNF:6
FNH:3
FNDA:3,(anonymous_11)
FNDA:0,(anonymous_12)
FNDA:0,(anonymous_13)
FNDA:1,(anonymous_14)
FNDA:1,(anonymous_15)
FNDA:0,(anonymous_16)
DA:1,7
DA:2,7
DA:3,7
DA:4,7
DA:7,7
DA:8,3
DA:10,3
DA:13,0
DA:17,0
DA:21,1
DA:30,1
DA:38,1
DA:42,1
DA:46,1
DA:52,0
LF:15
LH:12
BRDA:20,0,0,1
BRDA:21,1,0,1
BRDA:21,1,1,1
BRDA:21,2,0,0
BRDA:21,2,1,1
BRDA:28,3,0,1
BRDA:28,3,1,1
BRF:7
BRH:6
end_of_record
TN:
SF:src/application/use-cases/auth/forgot-password.dto.ts
FNF:0
FNH:0
DA:1,1
DA:2,1
DA:4,1
DA:10,1
LF:4
LH:4
BRF:0
BRH:0
end_of_record
TN:
SF:src/application/use-cases/auth/forgot-password.use-case.ts
FN:9,(anonymous_13)
FN:15,(anonymous_14)
FNF:2
FNH:2
FNDA:3,(anonymous_13)
FNDA:2,(anonymous_14)
DA:1,2
DA:2,2
DA:4,2
DA:8,2
DA:11,3
DA:12,3
DA:16,2
DA:17,2
DA:19,2
DA:20,1
DA:24,1
DA:27,1
DA:30,1
DA:33,1
DA:34,1
DA:37,1
DA:44,1
DA:45,1
DA:46,1
DA:47,1
DA:48,1
DA:49,1
DA:51,1
LF:23
LH:23
BRDA:19,0,0,1
BRF:1
BRH:1
end_of_record
TN:
SF:src/application/use-cases/auth/login.dto.ts
FNF:0
FNH:0
DA:1,1
DA:2,1
DA:4,1
DA:10,1
DA:19,1
LF:5
LH:5
BRF:0
BRH:0
end_of_record
TN:
SF:src/application/use-cases/auth/login.use-case.ts
FN:12,(anonymous_13)
FN:21,(anonymous_14)
FN:136,(anonymous_15)
FN:141,(anonymous_16)
FNF:4
FNH:4
FNDA:6,(anonymous_13)
FNDA:5,(anonymous_14)
FNDA:27,(anonymous_15)
FNDA:2,(anonymous_16)
DA:1,2
DA:2,2
DA:4,2
DA:5,2
DA:6,2
DA:7,2
DA:11,2
DA:14,6
DA:15,6
DA:16,6
DA:17,6
DA:18,6
DA:22,5
DA:24,5
DA:25,1
DA:28,4
DA:29,1
DA:32,3
DA:37,3
DA:38,2
DA:39,2
DA:41,2
DA:42,1
DA:43,1
DA:44,1
DA:47,1
DA:48,1
DA:49,1
DA:53,1
DA:54,0
DA:55,0
DA:59,1
DA:62,1
DA:63,1
DA:65,1
DA:68,1
DA:69,1
DA:70,1
DA:71,1
DA:74,1
DA:75,1
DA:76,0
DA:77,0
DA:78,0
DA:82,1
DA:91,1
DA:100,1
DA:131,1
DA:132,1
DA:133,0
DA:135,1
DA:136,1
DA:137,27
DA:138,27
DA:141,2
DA:142,1
DA:143,0
DA:148,1
DA:149,1
DA:152,1
DA:153,1
DA:154,1
DA:156,1
DA:163,1
DA:164,1
LF:65
LH:58
BRDA:24,0,0,1
BRDA:28,1,0,1
BRDA:37,2,0,2
BRDA:38,3,0,2
BRDA:38,3,1,1
BRDA:41,4,0,1
BRDA:49,5,0,0
BRDA:49,5,1,1
BRDA:53,6,0,0
BRDA:62,7,0,1
BRDA:62,7,1,0
BRDA:63,8,0,0
BRDA:63,8,1,1
BRDA:63,9,0,1
BRDA:63,9,1,0
BRDA:65,10,0,1
BRDA:65,10,1,0
BRDA:69,11,0,1
BRDA:69,11,1,0
BRDA:75,12,0,0
BRDA:77,13,0,0
BRDA:78,14,0,0
BRDA:78,14,1,0
BRDA:91,15,0,0
BRDA:91,15,1,1
BRDA:93,16,0,0
BRDA:93,16,1,1
BRDA:93,17,0,1
BRDA:93,17,1,0
BRDA:95,18,0,1
BRDA:95,18,1,0
BRDA:96,19,0,1
BRDA:96,19,1,1
BRDA:132,20,0,0
BRDA:132,20,1,1
BRDA:138,21,0,27
BRDA:142,22,0,0
BRDA:167,23,0,1
BRDA:167,23,1,0
BRF:39
BRH:21
end_of_record
TN:
SF:src/application/use-cases/auth/logout.use-case.ts
FN:7,(anonymous_11)
FN:11,(anonymous_12)
FNF:2
FNH:2
FNDA:4,(anonymous_11)
FNDA:3,(anonymous_12)
DA:1,2
DA:2,2
DA:3,2
DA:6,2
DA:8,4
DA:12,3
DA:14,2
DA:15,2
DA:17,2
DA:19,1
DA:23,3
LF:11
LH:11
BRDA:12,0,0,2
BRDA:17,1,0,1
BRF:2
BRH:2
end_of_record
TN:
SF:src/application/use-cases/auth/refresh-token.use-case.ts
FN:11,(anonymous_13)
FN:20,(anonymous_14)
FN:107,(anonymous_15)
FN:111,(anonymous_16)
FNF:4
FNH:2
FNDA:6,(anonymous_13)
FNDA:5,(anonymous_14)
FNDA:0,(anonymous_15)
FNDA:0,(anonymous_16)
DA:1,2
DA:2,2
DA:4,2
DA:5,2
DA:6,2
DA:7,2
DA:10,2
DA:13,6
DA:14,6
DA:15,6
DA:16,6
DA:17,6
DA:21,5
DA:22,1
DA:26,4
DA:28,4
DA:30,1
DA:34,3
DA:35,3
DA:37,3
DA:39,1
DA:43,2
DA:44,2
DA:45,1
DA:46,1
DA:50,1
DA:51,1
DA:52,0
DA:53,0
DA:57,1
DA:58,1
DA:61,1
DA:62,1
DA:63,1
DA:66,1
DA:67,1
DA:68,0
DA:69,0
DA:70,0
DA:74,1
DA:86,1
DA:104,1
DA:105,1
DA:106,0
DA:107,0
DA:108,0
DA:109,0
DA:111,0
DA:115,1
DA:116,1
DA:119,1
DA:122,1
DA:123,1
DA:124,1
DA:126,1
DA:132,1
DA:133,1
LF:57
LH:47
BRDA:21,0,0,1
BRDA:37,1,0,1
BRDA:44,2,0,1
BRDA:51,3,0,0
BRDA:51,4,0,1
BRDA:51,4,1,1
BRDA:58,5,0,1
BRDA:58,5,1,0
BRDA:61,6,0,1
BRDA:61,6,1,0
BRDA:67,7,0,0
BRDA:69,8,0,0
BRDA:70,9,0,0
BRDA:70,9,1,0
BRDA:74,10,0,1
BRDA:74,10,1,0
BRDA:81,11,0,0
BRDA:81,11,1,0
BRDA:81,12,0,0
BRDA:81,12,1,0
BRDA:105,13,0,0
BRDA:109,14,0,0
BRF:22
BRH:8
end_of_record
TN:
SF:src/application/use-cases/auth/reset-password.dto.ts
FNF:0
FNH:0
DA:1,1
DA:2,1
DA:4,1
DA:11,1
DA:21,1
LF:5
LH:5
BRF:0
BRH:0
end_of_record
TN:
SF:src/application/use-cases/auth/reset-password.use-case.ts
FN:10,(anonymous_13)
FN:17,(anonymous_14)
FNF:2
FNH:2
FNDA:5,(anonymous_13)
FNDA:4,(anonymous_14)
DA:1,2
DA:2,2
DA:4,2
DA:5,2
DA:9,2
DA:12,5
DA:13,5
DA:14,5
DA:19,4
DA:20,4
DA:22,4
DA:23,1
DA:27,3
DA:28,3
DA:30,1
DA:31,1
DA:35,2
DA:36,2
DA:37,1
DA:41,1
DA:42,1
DA:43,1
DA:46,1
DA:48,1
LF:24
LH:24
BRDA:22,0,0,1
BRDA:28,1,0,1
BRDA:36,2,0,1
BRF:3
BRH:3
end_of_record
TN:
SF:src/application/use-cases/inventory/bulk-update-prices.use-case.ts
FN:17,(anonymous_4)
FN:22,(anonymous_5)
FNF:2
FNH:0
FNDA:0,(anonymous_4)
FNDA:0,(anonymous_5)
DA:1,1
DA:2,1
DA:3,1
DA:4,1
DA:16,1
DA:19,0
DA:27,0
DA:29,0
DA:30,0
DA:31,0
DA:32,0
DA:35,0
DA:36,0
DA:38,0
DA:39,0
DA:41,0
DA:42,0
DA:43,0
DA:44,0
DA:45,0
DA:46,0
DA:47,0
DA:50,0
DA:52,0
DA:53,0
DA:54,0
DA:57,0
DA:58,0
DA:61,0
LF:29
LH:5
BRDA:29,0,0,0
BRDA:29,0,1,0
BRDA:29,1,0,0
BRDA:29,1,1,0
BRDA:31,2,0,0
BRDA:39,3,0,0
BRDA:39,3,1,0
BRDA:41,4,0,0
BRDA:41,4,1,0
BRDA:42,5,0,0
BRDA:42,5,1,0
BRDA:44,6,0,0
BRDA:44,6,1,0
BRDA:46,7,0,0
BRDA:57,8,0,0
BRF:15
BRH:0
end_of_record
TN:
SF:src/application/use-cases/inventory/bulk-upload-products.use-case.ts
FN:15,(anonymous_2)
FN:25,(anonymous_3)
FN:32,(anonymous_4)
FN:36,(anonymous_5)
FN:40,(anonymous_6)
FNF:5
FNH:5
FNDA:3,(anonymous_2)
FNDA:4,(anonymous_3)
FNDA:4,(anonymous_4)
FNDA:1,(anonymous_5)
FNDA:4,(anonymous_6)
DA:1,2
DA:2,2
DA:4,2
DA:5,2
DA:6,2
DA:7,2
DA:8,2
DA:14,2
DA:16,3
DA:17,3
DA:18,3
DA:26,4
DA:32,4
DA:35,4
DA:36,4
DA:39,4
DA:40,4
DA:41,4
DA:42,4
DA:43,4
DA:45,4
DA:46,0
DA:49,4
DA:50,1
DA:54,3
DA:55,3
DA:56,0
DA:62,0
DA:63,0
DA:67,3
DA:68,3
DA:69,3
DA:75,3
DA:76,0
DA:83,3
DA:87,3
DA:108,3
DA:116,3
DA:122,1
DA:131,0
DA:134,4
LF:41
LH:35
BRDA:32,0,0,4
BRDA:32,0,1,0
BRDA:43,1,0,4
BRDA:43,1,1,0
BRDA:45,2,0,0
BRDA:49,3,0,1
BRDA:55,4,0,0
BRDA:62,5,0,0
BRDA:67,6,0,3
BRDA:68,7,0,3
BRDA:68,7,1,3
BRDA:75,8,0,0
BRDA:91,9,0,3
BRDA:91,9,1,3
BRDA:95,10,0,3
BRDA:95,10,1,3
BRDA:96,11,0,3
BRDA:96,11,1,3
BRDA:97,12,0,3
BRDA:97,12,1,3
BRDA:98,13,0,3
BRDA:98,13,1,3
BRDA:100,14,0,3
BRDA:100,14,1,3
BRDA:101,15,0,3
BRDA:101,15,1,3
BRDA:102,16,0,3
BRDA:102,16,1,3
BRDA:102,16,2,3
BRDA:124,17,0,1
BRDA:124,17,1,0
BRF:31
BRH:24
end_of_record
TN:
SF:src/application/use-cases/inventory/create-product.dto.ts
FNF:0
FNH:0
DA:1,1
DA:2,1
DA:4,1
DA:10,1
DA:17,1
DA:25,1
DA:34,1
DA:38,1
DA:47,1
DA:56,1
DA:67,1
DA:76,1
DA:85,1
DA:94,1
DA:103,1
DA:111,1
DA:118,1
DA:127,1
DA:135,1
DA:143,1
DA:152,1
DA:161,1
DA:170,1
DA:179,1
LF:24
LH:24
BRF:0
BRH:0
end_of_record
TN:
SF:src/application/use-cases/inventory/create-stock-adjustment.use-case.ts
FN:24,(anonymous_2)
FN:29,(anonymous_3)
FN:54,(anonymous_4)
FNF:3
FNH:0
FNDA:0,(anonymous_2)
FNDA:0,(anonymous_3)
FNDA:0,(anonymous_4)
DA:1,1
DA:2,1
DA:3,1
DA:4,1
DA:23,1
DA:25,0
DA:26,0
DA:30,0
DA:31,0
DA:32,0
DA:35,0
DA:36,0
DA:37,0
DA:40,0
DA:51,0
DA:55,0
DA:56,0
DA:57,0
DA:60,0
DA:61,0
DA:65,0
DA:77,0
DA:88,0
DA:89,0
DA:91,0
LF:25
LH:5
BRDA:31,0,0,0
BRDA:36,1,0,0
BRDA:36,2,0,0
BRDA:36,2,1,0
BRDA:43,3,0,0
BRDA:43,3,1,0
BRDA:45,4,0,0
BRDA:45,4,1,0
BRDA:47,5,0,0
BRDA:47,5,1,0
BRDA:56,6,0,0
BRDA:60,7,0,0
BRDA:70,8,0,0
BRDA:70,8,1,0
BRDA:82,9,0,0
BRDA:82,9,1,0
BRF:16
BRH:0
end_of_record
TN:
SF:src/application/use-cases/inventory/delete-product.use-case.ts
FN:7,(anonymous_2)
FN:12,(anonymous_3)
FNF:2
FNH:2
FNDA:3,(anonymous_2)
FNDA:3,(anonymous_3)
DA:1,2
DA:2,2
DA:3,2
DA:6,2
DA:8,3
DA:9,3
DA:14,3
DA:15,3
DA:16,1
DA:20,2
DA:21,2
DA:22,1
DA:28,1
LF:13
LH:13
BRDA:15,0,0,1
BRDA:21,1,0,1
BRF:2
BRH:2
end_of_record
TN:
SF:src/application/use-cases/inventory/register-purchase-note.use-case.ts
FN:39,(anonymous_2)
FN:45,(anonymous_3)
FN:58,(anonymous_4)
FN:70,(anonymous_5)
FN:72,(anonymous_6)
FN:85,(anonymous_7)
FN:90,(anonymous_8)
FNF:7
FNH:7
FNDA:2,(anonymous_2)
FNDA:2,(anonymous_3)
FNDA:2,(anonymous_4)
FNDA:1,(anonymous_5)
FNDA:1,(anonymous_6)
FNDA:1,(anonymous_7)
FNDA:1,(anonymous_8)
DA:1,2
DA:2,2
DA:3,2
DA:4,2
DA:5,2
DA:6,2
DA:7,2
DA:9,2
DA:10,2
DA:11,2
DA:12,2
DA:13,2
DA:14,2
DA:38,2
DA:40,2
DA:41,2
DA:42,2
DA:47,2
DA:50,2
DA:51,0
DA:55,2
DA:58,2
DA:60,2
DA:61,2
DA:62,2
DA:63,1
DA:70,1
DA:71,1
DA:72,1
DA:75,1
DA:76,1
DA:79,1
DA:80,0
DA:85,1
DA:87,1
DA:88,1
DA:90,1
DA:91,1
DA:92,1
DA:93,1
DA:94,1
DA:95,1
DA:97,1
DA:98,1
DA:100,1
DA:101,1
DA:102,1
DA:104,1
DA:118,1
DA:119,1
DA:120,1
DA:121,1
DA:124,1
DA:145,1
DA:146,1
DA:152,1
DA:153,1
DA:156,1
DA:169,1
DA:178,1
DA:179,0
DA:180,0
DA:186,1
DA:193,1
DA:195,1
DA:205,1
LF:66
LH:62
BRDA:50,0,0,0
BRDA:61,1,0,2
BRDA:61,1,1,0
BRDA:62,2,0,1
BRDA:75,3,0,1
BRDA:75,4,0,1
BRDA:75,4,1,1
BRDA:75,4,2,1
BRDA:79,5,0,0
BRDA:92,6,0,1
BRDA:92,6,1,0
BRDA:106,7,0,1
BRDA:106,7,1,0
BRDA:106,7,2,0
BRDA:132,8,0,1
BRDA:132,8,1,0
BRDA:152,9,0,1
BRDA:152,10,0,1
BRDA:152,10,1,1
BRDA:152,10,2,1
BRDA:178,11,0,0
BRF:21
BRH:13
end_of_record
TN:
SF:src/application/use-cases/inventory/register-purchase.dto.ts
FN:100,(anonymous_2)
FNF:1
FNH:0
FNDA:0,(anonymous_2)
DA:1,1
DA:2,1
DA:3,1
DA:5,1
DA:11,1
DA:20,1
DA:29,1
DA:38,1
DA:47,1
DA:56,1
DA:65,1
DA:68,1
DA:75,1
DA:83,1
DA:92,1
DA:100,0
DA:101,1
DA:110,1
DA:121,1
DA:129,1
DA:139,1
LF:21
LH:20
BRF:0
BRH:0
end_of_record
TN:
SF:src/application/use-cases/inventory/register-purchase.use-case.ts
FN:18,(anonymous_2)
FN:24,(anonymous_3)
FN:37,(anonymous_4)
FN:42,(anonymous_5)
FN:43,(anonymous_6)
FN:48,(anonymous_7)
FN:119,(anonymous_8)
FNF:7
FNH:7
FNDA:5,(anonymous_2)
FNDA:5,(anonymous_3)
FNDA:7,(anonymous_4)
FNDA:1,(anonymous_5)
FNDA:2,(anonymous_6)
FNDA:3,(anonymous_7)
FNDA:7,(anonymous_8)
DA:1,2
DA:2,2
DA:3,2
DA:4,2
DA:5,2
DA:6,2
DA:7,2
DA:8,2
DA:10,2
DA:11,2
DA:12,2
DA:13,2
DA:14,2
DA:17,2
DA:19,5
DA:20,5
DA:21,5
DA:26,5
DA:30,5
DA:31,1
DA:37,7
DA:38,4
DA:39,4
DA:41,4
DA:42,1
DA:43,2
DA:44,1
DA:48,3
DA:50,3
DA:51,3
DA:52,5
DA:55,3
DA:56,3
DA:57,3
DA:60,3
DA:73,3
DA:74,0
DA:92,3
DA:94,5
DA:102,5
DA:114,5
DA:119,7
DA:122,5
DA:123,5
DA:124,5
DA:127,5
DA:128,5
DA:135,5
DA:139,5
DA:140,5
DA:141,0
DA:142,0
DA:149,0
DA:150,0
DA:158,0
DA:162,5
DA:171,5
DA:172,1
DA:173,1
DA:175,4
DA:185,3
LF:61
LH:55
BRDA:30,0,0,1
BRDA:41,1,0,1
BRDA:55,2,0,3
BRDA:55,2,1,2
BRDA:67,3,0,3
BRDA:67,3,1,3
BRDA:73,4,0,0
BRDA:73,5,0,3
BRDA:73,5,1,3
BRDA:73,5,2,0
BRDA:76,6,0,0
BRDA:76,6,1,0
BRDA:81,7,0,0
BRDA:81,7,1,0
BRDA:123,8,0,5
BRDA:127,9,0,5
BRDA:140,10,0,0
BRDA:140,11,0,5
BRDA:140,11,1,5
BRDA:141,12,0,0
BRDA:141,12,1,0
BRDA:149,13,0,0
BRDA:154,14,0,0
BRDA:154,14,1,0
BRDA:155,15,0,0
BRDA:155,15,1,0
BRDA:167,16,0,5
BRDA:167,16,1,5
BRDA:171,17,0,1
BRDA:171,17,1,4
BRDA:179,18,0,4
BRDA:179,18,1,4
BRF:32
BRH:18
end_of_record
TN:
SF:src/application/use-cases/inventory/transfer-stock.dto.ts
FNF:0
FNH:0
DA:1,0
DA:3,0
DA:5,0
DA:8,0
DA:11,0
DA:15,0
LF:6
LH:0
BRF:0
BRH:0
end_of_record
TN:
SF:src/application/use-cases/inventory/transfer-stock.use-case.ts
FN:10,(anonymous_1)
FNF:1
FNH:0
FNDA:0,(anonymous_1)
DA:1,0
DA:5,0
DA:12,0
DA:21,0
DA:30,0
LF:5
LH:0
BRF:0
BRH:0
end_of_record
TN:
SF:src/application/use-cases/inventory/update-product.dto.ts
FNF:0
FNH:0
DA:1,1
DA:2,1
DA:4,1
DA:11,1
DA:19,1
DA:27,1
DA:35,1
DA:39,1
DA:49,1
DA:59,1
DA:71,1
DA:79,1
DA:87,1
DA:95,1
DA:102,1
DA:108,1
DA:116,1
DA:123,1
DA:130,1
LF:19
LH:19
BRF:0
BRH:0
end_of_record
TN:
SF:src/application/use-cases/inventory/update-product.use-case.ts
FN:10,(anonymous_2)
FN:16,(anonymous_3)
FNF:2
FNH:2
FNDA:6,(anonymous_2)
FNDA:6,(anonymous_3)
DA:1,2
DA:2,2
DA:3,2
DA:4,2
DA:9,2
DA:11,6
DA:12,6
DA:13,6
DA:18,6
DA:19,6
DA:20,1
DA:23,5
DA:24,5
DA:27,5
DA:28,4
DA:29,4
DA:30,2
DA:37,3
DA:38,2
DA:39,2
DA:40,2
DA:41,1
DA:43,1
DA:47,2
DA:48,2
DA:49,2
DA:50,0
DA:52,2
DA:53,2
DA:54,2
DA:55,2
DA:56,2
DA:57,0
DA:58,2
DA:59,0
DA:60,0
DA:62,2
DA:63,2
DA:65,2
DA:66,0
DA:67,0
DA:71,2
LF:42
LH:36
BRDA:19,0,0,1
BRDA:23,1,0,5
BRDA:23,1,1,3
BRDA:24,2,0,5
BRDA:24,2,1,2
BRDA:27,3,0,4
BRDA:27,4,0,5
BRDA:27,4,1,2
BRDA:29,5,0,2
BRDA:37,6,0,2
BRDA:40,7,0,1
BRDA:40,8,0,2
BRDA:40,8,1,1
BRDA:47,9,0,1
BRDA:48,10,0,1
BRDA:49,11,0,0
BRDA:49,12,0,2
BRDA:49,12,1,2
BRDA:50,13,0,0
BRDA:50,13,1,0
BRDA:50,13,2,0
BRDA:52,14,0,0
BRDA:53,15,0,1
BRDA:54,16,0,0
BRDA:55,17,0,0
BRDA:56,18,0,0
BRDA:56,18,1,2
BRDA:57,19,0,0
BRDA:57,19,1,0
BRDA:58,20,0,0
BRDA:62,21,0,0
BRDA:63,22,0,0
BRDA:65,23,0,0
BRF:33
BRH:19
end_of_record
TN:
SF:src/application/use-cases/pos/approve-shift.use-case.ts
FN:7,(anonymous_2)
FN:11,(anonymous_3)
FNF:2
FNH:2
FNDA:3,(anonymous_2)
FNDA:3,(anonymous_3)
DA:1,2
DA:3,2
DA:6,2
DA:8,3
DA:13,3
DA:14,3
DA:15,1
DA:19,2
DA:20,1
DA:24,1
DA:25,1
DA:26,1
DA:28,1
LF:13
LH:13
BRDA:14,0,0,1
BRDA:19,1,0,1
BRF:2
BRH:2
end_of_record
TN:
SF:src/application/use-cases/pos/close-shift.use-case.ts
FN:9,(anonymous_2)
FN:14,(anonymous_3)
FNF:2
FNH:2
FNDA:2,(anonymous_2)
FNDA:2,(anonymous_3)
DA:1,2
DA:2,2
DA:4,2
DA:8,2
DA:10,2
DA:11,2
DA:16,2
DA:17,2
DA:18,1
DA:21,1
DA:22,0
DA:26,1
DA:35,1
DA:36,1
DA:37,1
DA:38,1
DA:40,1
DA:41,4
DA:42,4
DA:43,1
DA:44,3
DA:45,1
DA:46,2
DA:47,1
DA:48,1
DA:49,1
DA:53,1
DA:54,1
DA:57,1
DA:58,1
DA:61,1
DA:62,1
DA:65,1
DA:66,1
DA:67,1
DA:68,1
DA:69,1
DA:70,1
DA:71,1
DA:72,1
DA:74,1
LF:41
LH:40
BRDA:17,0,0,1
BRDA:21,1,0,0
BRDA:41,2,0,4
BRDA:41,2,1,0
BRDA:42,3,0,1
BRDA:42,3,1,3
BRDA:44,4,0,1
BRDA:44,4,1,2
BRDA:46,5,0,1
BRDA:46,5,1,1
BRDA:48,6,0,1
BRDA:53,7,0,1
BRDA:53,7,1,0
BRDA:54,8,0,1
BRDA:54,8,1,0
BRF:15
BRH:11
end_of_record
TN:
SF:src/application/use-cases/pos/create-sale.dto.ts
FN:104,(anonymous_2)
FN:144,(anonymous_3)
FN:153,(anonymous_4)
FNF:3
FNH:0
FNDA:0,(anonymous_2)
FNDA:0,(anonymous_3)
FNDA:0,(anonymous_4)
DA:1,1
DA:2,1
DA:3,1
DA:5,1
DA:11,1
DA:20,1
DA:23,1
DA:30,1
DA:39,1
DA:47,1
DA:56,1
DA:59,1
DA:67,1
DA:75,1
DA:78,1
DA:88,1
DA:96,1
DA:104,0
DA:105,1
DA:114,1
DA:125,1
DA:134,1
DA:144,0
DA:145,1
DA:153,0
DA:154,1
LF:26
LH:23
BRF:0
BRH:0
end_of_record
TN:
SF:src/application/use-cases/pos/create-sale.use-case.ts
FN:18,(anonymous_2)
FN:28,(anonymous_3)
FN:54,(anonymous_4)
FN:59,(anonymous_5)
FN:60,(anonymous_6)
FN:65,(anonymous_7)
FN:97,(anonymous_8)
FNF:7
FNH:5
FNDA:6,(anonymous_2)
FNDA:6,(anonymous_3)
FNDA:6,(anonymous_4)
FNDA:0,(anonymous_5)
FNDA:0,(anonymous_6)
FNDA:6,(anonymous_7)
FNDA:3,(anonymous_8)
DA:1,2
DA:2,2
DA:3,2
DA:4,2
DA:5,2
DA:6,2
DA:7,2
DA:8,2
DA:9,2
DA:10,2
DA:11,2
DA:12,2
DA:13,2
DA:17,2
DA:19,6
DA:20,6
DA:21,6
DA:22,6
DA:23,6
DA:24,6
DA:25,6
DA:30,6
DA:31,6
DA:32,0
DA:36,6
DA:37,2
DA:38,1
DA:42,5
DA:44,5
DA:45,5
DA:46,0
DA:50,5
DA:54,6
DA:55,5
DA:56,5
DA:58,5
DA:59,0
DA:60,0
DA:61,0
DA:65,6
DA:68,5
DA:71,5
DA:72,5
DA:74,5
DA:75,6
DA:76,6
DA:77,6
DA:79,6
DA:80,3
DA:81,1
DA:82,1
DA:86,2
DA:90,4
DA:91,1
DA:97,3
DA:99,3
DA:100,3
DA:101,4
DA:102,4
DA:105,3
DA:106,1
DA:109,3
DA:112,3
DA:115,3
DA:129,3
DA:130,0
DA:131,0
DA:135,0
DA:148,3
DA:149,3
DA:150,3
DA:154,3
DA:166,3
DA:167,0
DA:171,0
DA:183,3
DA:184,4
DA:187,4
DA:195,4
DA:196,4
DA:198,4
DA:211,3
LF:82
LH:72
BRDA:31,0,0,0
BRDA:31,1,0,6
BRDA:31,1,1,6
BRDA:36,2,0,2
BRDA:36,3,0,6
BRDA:36,3,1,2
BRDA:37,4,0,1
BRDA:37,5,0,2
BRDA:37,5,1,2
BRDA:45,6,0,0
BRDA:50,7,0,5
BRDA:50,7,1,3
BRDA:58,8,0,0
BRDA:75,9,0,6
BRDA:75,9,1,0
BRDA:79,10,0,3
BRDA:80,11,0,1
BRDA:83,12,0,1
BRDA:83,12,1,1
BRDA:90,13,0,1
BRDA:90,14,0,4
BRDA:90,14,1,2
BRDA:105,15,0,1
BRDA:105,16,0,3
BRDA:105,16,1,1
BRDA:109,17,0,3
BRDA:109,17,1,2
BRDA:121,18,0,3
BRDA:121,18,1,3
BRDA:124,19,0,3
BRDA:124,19,1,3
BRDA:125,20,0,3
BRDA:125,20,1,0
BRDA:129,21,0,0
BRDA:129,21,1,3
BRDA:129,22,0,3
BRDA:129,22,1,0
BRDA:131,23,0,0
BRDA:131,23,1,0
BRDA:143,24,0,0
BRDA:143,24,1,0
BRDA:148,25,0,3
BRDA:148,25,1,3
BRDA:149,26,0,0
BRDA:149,26,1,3
BRDA:150,27,0,3
BRDA:150,27,1,0
BRDA:166,28,0,0
BRDA:167,29,0,0
BRDA:167,29,1,0
BRDA:196,30,0,1
BRDA:196,30,1,3
BRDA:206,31,0,4
BRDA:206,31,1,3
BRF:54
BRH:38
end_of_record
TN:
SF:src/application/use-cases/pos/emit-sales-note.use-case.ts
FN:38,(anonymous_2)
FN:45,(anonymous_3)
FN:58,(anonymous_4)
FN:70,(anonymous_5)
FN:72,(anonymous_6)
FN:85,(anonymous_7)
FN:96,(anonymous_8)
FNF:7
FNH:7
FNDA:2,(anonymous_2)
FNDA:2,(anonymous_3)
FNDA:2,(anonymous_4)
FNDA:1,(anonymous_5)
FNDA:1,(anonymous_6)
FNDA:1,(anonymous_7)
FNDA:1,(anonymous_8)
DA:1,2
DA:2,2
DA:3,2
DA:4,2
DA:5,2
DA:6,2
DA:7,2
DA:9,2
DA:10,2
DA:11,2
DA:12,2
DA:13,2
DA:14,2
DA:15,2
DA:37,2
DA:39,2
DA:40,2
DA:41,2
DA:42,2
DA:47,2
DA:50,2
DA:51,0
DA:55,2
DA:58,2
DA:60,2
DA:61,2
DA:62,2
DA:63,1
DA:70,1
DA:71,1
DA:72,1
DA:75,1
DA:76,1
DA:79,1
DA:80,0
DA:85,1
DA:87,1
DA:90,1
DA:93,1
DA:94,1
DA:96,1
DA:97,1
DA:98,1
DA:99,1
DA:100,1
DA:101,1
DA:103,1
DA:104,1
DA:106,1
DA:107,1
DA:108,1
DA:110,1
DA:124,1
DA:125,1
DA:126,1
DA:127,1
DA:130,1
DA:151,1
DA:152,1
DA:158,1
DA:159,1
DA:162,1
DA:175,1
DA:184,1
DA:185,0
DA:186,0
DA:188,1
DA:200,1
DA:208,1
DA:210,1
DA:220,1
LF:71
LH:67
BRDA:50,0,0,0
BRDA:61,1,0,2
BRDA:61,1,1,0
BRDA:62,2,0,1
BRDA:75,3,0,1
BRDA:75,4,0,1
BRDA:75,4,1,1
BRDA:75,4,2,1
BRDA:79,5,0,0
BRDA:87,6,0,1
BRDA:87,6,1,0
BRDA:98,7,0,1
BRDA:98,7,1,0
BRDA:112,8,0,1
BRDA:112,8,1,0
BRDA:112,8,2,0
BRDA:138,9,0,1
BRDA:138,9,1,0
BRDA:158,10,0,1
BRDA:158,11,0,1
BRDA:158,11,1,1
BRDA:158,11,2,1
BRDA:184,12,0,0
BRDA:184,12,1,1
BRDA:221,13,0,1
BRDA:221,13,1,0
BRF:26
BRH:16
end_of_record
TN:
SF:src/application/use-cases/pos/get-active-shift.use-case.ts
FN:6,(anonymous_2)
FN:10,(anonymous_3)
FNF:2
FNH:0
FNDA:0,(anonymous_2)
FNDA:0,(anonymous_3)
DA:1,1
DA:2,1
DA:5,1
DA:7,0
DA:11,0
DA:12,0
DA:13,0
DA:17,0
DA:18,0
LF:9
LH:3
BRDA:12,0,0,0
BRDA:20,1,0,0
BRDA:20,1,1,0
BRDA:21,2,0,0
BRDA:21,2,1,0
BRF:5
BRH:0
end_of_record
TN:
SF:src/application/use-cases/pos/open-shift.use-case.ts
FN:8,(anonymous_2)
FN:12,(anonymous_3)
FNF:2
FNH:2
FNDA:2,(anonymous_2)
FNDA:2,(anonymous_3)
DA:1,2
DA:2,2
DA:3,2
DA:7,2
DA:9,2
DA:14,2
DA:15,2
DA:16,1
DA:20,1
DA:35,1
LF:10
LH:10
BRDA:15,0,0,1
BRDA:25,1,0,1
BRDA:25,1,1,0
BRDA:26,2,0,1
BRDA:26,2,1,0
BRDA:27,3,0,1
BRDA:27,3,1,0
BRDA:28,4,0,1
BRDA:28,4,1,0
BRF:9
BRH:5
end_of_record
TN:
SF:src/application/use-cases/pos/dto/close-shift.dto.ts
FNF:0
FNH:0
DA:1,1
DA:2,1
DA:4,1
DA:13,1
DA:23,1
LF:5
LH:5
BRF:0
BRH:0
end_of_record
TN:
SF:src/application/use-cases/pos/dto/open-shift.dto.ts
FNF:0
FNH:0
DA:1,1
DA:2,1
DA:4,1
DA:14,1
DA:25,1
LF:5
LH:5
BRF:0
BRH:0
end_of_record
TN:
SF:src/application/use-cases/purchases/cancel-and-replace-purchase-order.use-case.ts
FN:9,(anonymous_4)
FN:29,(anonymous_5)
FN:37,(anonymous_6)
FN:165,(anonymous_7)
FNF:4
FNH:4
FNDA:3,(anonymous_4)
FNDA:2,(anonymous_5)
FNDA:2,(anonymous_6)
FNDA:1,(anonymous_7)
DA:1,2
DA:2,2
DA:3,2
DA:4,2
DA:5,2
DA:8,2
DA:9,3
DA:28,2
DA:31,2
DA:33,2
DA:34,2
DA:44,2
DA:45,2
DA:46,2
DA:48,2
DA:50,2
DA:54,2
DA:55,1
DA:60,2
DA:61,1
DA:65,1
DA:66,1
DA:69,1
DA:70,1
DA:71,1
DA:74,1
DA:75,1
DA:77,1
DA:79,1
DA:80,1
DA:81,1
DA:82,0
DA:85,0
DA:86,0
DA:90,1
DA:91,1
DA:92,1
DA:95,1
DA:96,0
DA:97,0
DA:107,0
DA:109,1
DA:112,1
DA:113,1
DA:114,1
DA:115,1
DA:116,1
DA:117,1
DA:118,1
DA:119,1
DA:121,1
DA:122,1
DA:124,1
DA:140,1
DA:143,1
DA:162,1
DA:165,1
DA:166,1
DA:171,1
DA:173,1
DA:174,1
DA:176,1
DA:177,1
DA:179,2
LF:64
LH:58
BRDA:9,0,0,3
BRDA:9,0,1,2
BRDA:54,1,0,1
BRDA:60,2,0,1
BRDA:81,3,0,0
BRDA:85,4,0,0
BRDA:90,5,0,1
BRDA:91,6,0,1
BRDA:91,6,1,1
BRDA:91,6,2,1
BRDA:91,6,3,0
BRDA:95,7,0,0
BRDA:101,8,0,0
BRDA:101,8,1,0
BRDA:105,9,0,0
BRDA:105,9,1,0
BRDA:112,10,0,1
BRDA:112,10,1,0
BRDA:113,11,0,1
BRDA:113,11,1,0
BRDA:114,12,0,1
BRDA:114,12,1,1
BRDA:116,13,0,0
BRDA:116,13,1,1
BRDA:118,14,0,0
BRDA:118,14,1,1
BRDA:127,15,0,0
BRDA:127,15,1,1
BRDA:135,16,0,1
BRDA:135,16,1,1
BRDA:154,17,0,1
BRDA:154,17,1,0
BRDA:158,18,0,0
BRDA:158,18,1,1
BRF:34
BRH:19
end_of_record
TN:
SF:src/application/use-cases/purchases/create-purchase-order.dto.ts
FN:109,(anonymous_2)
FNF:1
FNH:0
FNDA:0,(anonymous_2)
DA:1,1
DA:2,1
DA:4,1
DA:7,1
DA:11,1
DA:15,1
DA:19,1
DA:23,1
DA:27,1
DA:31,1
DA:35,1
DA:39,1
DA:43,1
DA:47,1
DA:51,1
DA:54,1
DA:57,1
DA:61,1
DA:65,1
DA:69,1
DA:73,1
DA:77,1
DA:81,1
DA:85,1
DA:89,1
DA:93,1
DA:97,1
DA:101,1
DA:105,1
DA:109,0
DA:110,1
LF:31
LH:30
BRF:0
BRH:0
end_of_record
TN:
SF:src/application/use-cases/purchases/create-purchase-order.use-case.ts
FN:13,(anonymous_4)
FN:17,(anonymous_5)
FN:25,(anonymous_6)
FN:221,(anonymous_7)
FNF:4
FNH:4
FNDA:12,(anonymous_4)
FNDA:3,(anonymous_5)
FNDA:3,(anonymous_6)
FNDA:2,(anonymous_7)
DA:1,2
DA:2,2
DA:3,2
DA:4,2
DA:5,2
DA:6,2
DA:7,2
DA:8,2
DA:9,2
DA:12,2
DA:13,12
DA:16,2
DA:19,3
DA:21,3
DA:22,3
DA:31,3
DA:32,3
DA:33,3
DA:35,3
DA:37,3
DA:38,3
DA:39,0
DA:40,0
DA:41,0
DA:46,3
DA:47,3
DA:48,0
DA:51,0
DA:52,0
DA:56,3
DA:57,3
DA:58,3
DA:60,3
DA:64,3
DA:65,3
DA:73,3
DA:76,2
DA:80,2
DA:81,2
DA:82,2
DA:83,2
DA:85,2
DA:86,1
DA:87,1
DA:88,0
DA:90,1
DA:91,1
DA:96,2
DA:97,2
DA:98,2
DA:100,2
DA:101,2
DA:104,2
DA:105,2
DA:106,2
DA:107,2
DA:109,2
DA:110,0
DA:113,0
DA:114,0
DA:118,2
DA:119,2
DA:120,2
DA:123,2
DA:124,2
DA:125,2
DA:134,2
DA:136,2
DA:140,2
DA:141,2
DA:142,0
DA:145,0
DA:146,0
DA:150,2
DA:151,2
DA:152,2
DA:153,2
DA:155,2
DA:156,2
DA:157,2
DA:159,2
DA:160,2
DA:162,2
DA:182,2
DA:183,2
DA:185,2
DA:186,2
DA:188,2
DA:190,2
DA:191,2
DA:192,0
DA:195,2
DA:219,2
DA:221,2
DA:222,2
DA:223,2
DA:226,2
DA:228,2
DA:230,2
DA:231,2
DA:233,1
DA:234,1
DA:236,3
LF:103
LH:89
BRDA:13,0,0,12
BRDA:13,0,1,7
BRDA:37,1,0,3
BRDA:37,1,1,0
BRDA:38,2,0,0
BRDA:40,3,0,0
BRDA:47,4,0,0
BRDA:51,5,0,0
BRDA:56,6,0,3
BRDA:56,7,0,3
BRDA:56,7,1,3
BRDA:58,8,0,3
BRDA:58,8,1,0
BRDA:64,9,0,3
BRDA:81,10,0,2
BRDA:83,11,0,1
BRDA:85,12,0,1
BRDA:87,13,0,0
BRDA:87,13,1,1
BRDA:91,14,0,0
BRDA:109,15,0,0
BRDA:113,16,0,0
BRDA:118,17,0,2
BRDA:119,18,0,2
BRDA:119,18,1,0
BRDA:123,19,0,2
BRDA:129,20,0,2
BRDA:129,20,1,0
BRDA:132,21,0,2
BRDA:132,21,1,1
BRDA:141,22,0,0
BRDA:145,23,0,0
BRDA:151,24,0,2
BRDA:151,24,1,2
BRDA:152,25,0,0
BRDA:152,25,1,2
BRDA:155,26,0,1
BRDA:155,26,1,1
BRDA:157,27,0,2
BRDA:157,27,1,2
BRDA:164,28,0,2
BRDA:164,28,1,2
BRDA:173,29,0,2
BRDA:173,29,1,2
BRDA:182,30,0,2
BRDA:182,30,1,2
BRDA:183,31,0,0
BRDA:183,31,1,2
BRDA:185,32,0,2
BRDA:185,32,1,2
BRDA:186,33,0,0
BRDA:186,33,1,2
BRDA:191,34,0,0
BRDA:191,35,0,2
BRDA:191,35,1,0
BRDA:201,36,0,2
BRDA:201,36,1,1
BRDA:202,37,0,2
BRDA:202,37,1,1
BRDA:203,38,0,2
BRDA:203,38,1,2
BRDA:204,39,0,0
BRDA:204,39,1,2
BRF:63
BRH:43
end_of_record
TN:
SF:src/application/use-cases/purchases/create-purchase-reception.use-case.ts
FN:50,(anonymous_4)
FN:54,(anonymous_5)
FN:73,(anonymous_6)
FN:265,(anonymous_7)
FN:274,(anonymous_8)
FN:283,(anonymous_9)
FNF:6
FNH:6
FNDA:16,(anonymous_4)
FNDA:5,(anonymous_5)
FNDA:5,(anonymous_6)
FNDA:8,(anonymous_7)
FNDA:5,(anonymous_8)
FNDA:5,(anonymous_9)
DA:1,2
DA:2,2
DA:3,2
DA:4,2
DA:5,2
DA:6,2
DA:7,2
DA:8,2
DA:9,2
DA:10,2
DA:49,2
DA:50,16
DA:53,2
DA:56,5
DA:58,5
DA:60,5
DA:62,5
DA:64,5
DA:66,5
DA:68,5
DA:70,5
DA:79,5
DA:80,1
DA:83,4
DA:88,4
DA:89,1
DA:95,4
DA:96,1
DA:99,3
DA:100,3
DA:101,3
DA:103,3
DA:104,3
DA:105,3
DA:107,3
DA:128,3
DA:129,3
DA:131,3
DA:132,5
DA:133,5
DA:134,3
DA:137,3
DA:138,0
DA:144,5
DA:145,2
DA:146,2
DA:150,2
DA:151,0
DA:152,0
DA:162,0
DA:166,5
DA:167,5
DA:170,5
DA:171,5
DA:173,5
DA:174,5
DA:175,5
DA:178,5
DA:180,5
DA:181,3
DA:192,5
DA:193,5
DA:194,5
DA:196,5
DA:197,5
DA:198,5
DA:199,5
DA:200,5
DA:201,5
DA:203,5
DA:205,5
DA:218,5
DA:239,5
DA:241,5
DA:242,0
DA:243,0
DA:244,0
DA:253,5
DA:257,3
DA:258,3
DA:263,3
DA:264,3
DA:265,8
DA:266,5
DA:267,5
DA:268,5
DA:269,5
DA:273,3
DA:274,5
DA:276,3
DA:277,3
DA:282,3
DA:283,5
DA:286,3
DA:287,3
DA:289,3
DA:290,3
DA:293,3
DA:312,3
DA:313,3
LF:100
LH:93
BRDA:50,0,0,16
BRDA:50,0,1,14
BRDA:79,1,0,1
BRDA:88,2,0,1
BRDA:95,3,0,1
BRDA:103,4,0,3
BRDA:103,4,1,0
BRDA:104,5,0,1
BRDA:104,5,1,2
BRDA:105,6,0,0
BRDA:105,6,1,3
BRDA:112,7,0,3
BRDA:112,7,1,0
BRDA:112,7,2,0
BRDA:113,8,0,3
BRDA:113,8,1,0
BRDA:115,9,0,3
BRDA:115,9,1,0
BRDA:116,10,0,3
BRDA:116,10,1,0
BRDA:116,10,2,0
BRDA:117,11,0,3
BRDA:117,11,1,0
BRDA:117,11,2,0
BRDA:118,12,0,3
BRDA:118,12,1,0
BRDA:118,12,2,0
BRDA:119,13,0,3
BRDA:119,13,1,0
BRDA:122,14,0,3
BRDA:122,14,1,3
BRDA:123,15,0,3
BRDA:123,15,1,3
BRDA:133,16,0,3
BRDA:137,17,0,0
BRDA:144,18,0,2
BRDA:145,19,0,2
BRDA:145,19,1,2
BRDA:145,19,2,2
BRDA:145,19,3,0
BRDA:150,20,0,0
BRDA:156,21,0,0
BRDA:156,21,1,0
BRDA:160,22,0,0
BRDA:160,22,1,0
BRDA:166,23,0,5
BRDA:166,23,1,0
BRDA:167,24,0,5
BRDA:167,24,1,0
BRDA:167,24,2,0
BRDA:174,25,0,5
BRDA:180,26,0,3
BRDA:197,27,0,5
BRDA:197,27,1,5
BRDA:198,28,0,3
BRDA:198,28,1,2
BRDA:200,29,0,3
BRDA:200,29,1,2
BRDA:203,30,0,3
BRDA:203,30,1,2
BRDA:213,31,0,5
BRDA:213,31,1,0
BRDA:220,32,0,5
BRDA:220,32,1,2
BRDA:225,33,0,5
BRDA:225,33,1,2
BRDA:226,34,0,5
BRDA:226,34,1,5
BRDA:233,35,0,5
BRDA:233,35,1,5
BRDA:236,36,0,0
BRDA:236,36,1,5
BRDA:241,37,0,0
BRDA:241,38,0,5
BRDA:241,38,1,3
BRDA:243,39,0,0
BRDA:257,40,0,3
BRDA:263,41,0,3
BRDA:266,42,0,5
BRDA:267,43,0,5
BRDA:267,43,1,0
BRDA:268,44,0,5
BRDA:268,44,1,5
BRDA:274,45,0,5
BRDA:274,45,1,0
BRDA:274,46,0,5
BRDA:274,46,1,0
BRDA:276,47,0,2
BRDA:276,47,1,1
BRDA:283,48,0,5
BRDA:283,48,1,0
BRDA:283,49,0,5
BRDA:283,49,1,0
BRDA:283,50,0,5
BRDA:283,50,1,5
BRDA:286,51,0,3
BRDA:286,51,1,3
BRDA:286,52,0,3
BRDA:286,52,1,3
BRDA:289,53,0,3
BRDA:289,53,1,0
BRDA:290,54,0,3
BRDA:290,54,1,2
BRDA:290,54,2,2
BRDA:301,55,0,3
BRDA:301,55,1,0
BRDA:301,56,0,3
BRDA:301,56,1,0
BRF:108
BRH:73
end_of_record
TN:
SF:src/application/use-cases/role/create-role.use-case.ts
FN:8,(anonymous_2)
FN:10,(anonymous_3)
FN:23,(anonymous_4)
FNF:3
FNH:3
FNDA:3,(anonymous_2)
FNDA:3,(anonymous_3)
FNDA:3,(anonymous_4)
DA:1,1
DA:2,1
DA:3,1
DA:7,1
DA:8,3
DA:15,3
DA:16,3
DA:17,1
DA:21,2
DA:22,2
DA:23,3
DA:24,2
DA:25,1
DA:31,1
DA:38,1
LF:15
LH:15
BRDA:16,0,0,1
BRDA:21,1,0,2
BRDA:22,2,0,2
BRDA:22,2,1,0
BRDA:24,3,0,1
BRF:5
BRH:4
end_of_record
TN:
SF:src/application/use-cases/role/list-roles.use-case.ts
FN:6,(anonymous_2)
FN:8,(anonymous_3)
FNF:2
FNH:0
FNDA:0,(anonymous_2)
FNDA:0,(anonymous_3)
DA:1,0
DA:2,0
DA:5,0
DA:6,0
DA:9,0
LF:5
LH:0
BRF:0
BRH:0
end_of_record
TN:
SF:src/application/use-cases/role/dto/create-role.dto.ts
FNF:0
FNH:0
DA:1,0
DA:2,0
DA:4,0
DA:12,0
DA:21,0
LF:5
LH:0
BRF:0
BRH:0
end_of_record
TN:
SF:src/application/use-cases/sales/convert-commercial-document.use-case.ts
FN:11,(anonymous_4)
FN:18,(anonymous_5)
FN:51,(anonymous_6)
FNF:3
FNH:3
FNDA:1,(anonymous_4)
FNDA:1,(anonymous_5)
FNDA:1,(anonymous_6)
DA:1,1
DA:2,1
DA:3,1
DA:4,1
DA:5,1
DA:6,1
DA:7,1
DA:10,1
DA:12,1
DA:13,1
DA:15,1
DA:25,1
DA:26,1
DA:27,0
DA:30,1
DA:31,0
DA:35,1
DA:51,1
DA:63,1
DA:64,0
DA:65,0
DA:66,0
DA:76,0
DA:82,1
DA:83,1
DA:85,1
LF:26
LH:20
BRDA:26,0,0,0
BRDA:26,1,0,1
BRDA:26,1,1,1
BRDA:30,2,0,0
BRDA:47,3,0,1
BRDA:47,3,1,1
BRDA:48,4,0,1
BRDA:48,4,1,1
BRDA:49,5,0,1
BRDA:49,5,1,1
BRDA:51,6,0,1
BRDA:51,6,1,0
BRDA:63,7,0,0
BRDA:64,8,0,0
BRDA:64,8,1,0
BRDA:65,9,0,0
BRDA:71,10,0,0
BRDA:71,10,1,0
BRF:18
BRH:9
end_of_record
TN:
SF:src/application/use-cases/sales/create-commercial-document.use-case.ts
FN:14,(anonymous_2)
FN:21,(anonymous_3)
FN:36,(anonymous_4)
FNF:3
FNH:3
FNDA:4,(anonymous_2)
FNDA:1,(anonymous_3)
FNDA:1,(anonymous_4)
DA:1,2
DA:2,2
DA:4,2
DA:5,2
DA:6,2
DA:7,2
DA:8,2
DA:9,2
DA:10,2
DA:13,2
DA:15,4
DA:16,4
DA:17,4
DA:18,4
DA:26,1
DA:27,0
DA:30,1
DA:31,1
DA:33,1
DA:34,1
DA:36,1
DA:37,1
DA:38,1
DA:39,1
DA:40,1
DA:41,1
DA:42,1
DA:44,1
DA:45,1
DA:47,1
DA:48,1
DA:49,1
DA:50,1
DA:51,1
DA:52,1
DA:53,1
DA:54,1
DA:55,1
DA:56,1
DA:59,1
DA:60,1
DA:62,1
DA:63,1
DA:64,1
DA:65,1
DA:66,1
DA:67,1
DA:68,1
DA:69,1
DA:72,1
DA:73,1
DA:74,1
DA:75,1
DA:76,1
DA:77,1
DA:78,1
DA:79,1
DA:80,1
DA:81,1
DA:82,1
DA:83,1
DA:84,1
DA:85,1
DA:86,1
DA:87,1
DA:89,1
DA:92,1
DA:94,1
DA:95,1
DA:96,0
DA:107,0
DA:112,1
DA:113,1
DA:114,1
DA:115,1
DA:116,1
DA:117,1
DA:118,1
DA:119,1
DA:120,1
DA:121,1
DA:122,1
DA:123,1
DA:124,1
DA:125,1
DA:126,1
DA:128,1
DA:131,1
LF:88
LH:85
BRDA:26,0,0,0
BRDA:26,1,0,1
BRDA:26,1,1,1
BRDA:30,2,0,1
BRDA:30,2,1,1
BRDA:37,3,0,1
BRDA:37,3,1,0
BRDA:38,4,0,1
BRDA:38,4,1,0
BRDA:40,5,0,0
BRDA:40,5,1,1
BRDA:69,6,0,0
BRDA:69,6,1,1
BRDA:70,7,0,0
BRDA:70,7,1,1
BRDA:92,8,0,1
BRDA:95,9,0,0
BRDA:118,10,0,1
BRDA:118,10,1,0
BRF:19
BRH:11
end_of_record
TN:
SF:src/application/use-cases/subscription/register-subscription-payment.use-case.ts
FN:20,(anonymous_2)
FN:22,(anonymous_3)
FNF:2
FNH:2
FNDA:2,(anonymous_2)
FNDA:2,(anonymous_3)
DA:1,2
DA:2,2
DA:3,2
DA:19,2
DA:20,2
DA:23,2
DA:24,1
DA:27,1
DA:28,0
DA:31,1
DA:32,1
DA:33,1
DA:34,1
DA:35,1
DA:36,1
DA:37,1
DA:38,1
DA:39,1
DA:40,1
DA:41,1
DA:42,1
DA:44,1
DA:45,1
LF:23
LH:22
BRDA:23,0,0,1
BRDA:23,1,0,2
BRDA:23,1,1,2
BRDA:23,1,2,2
BRDA:27,2,0,0
BRDA:27,3,0,1
BRDA:27,3,1,1
BRDA:34,4,0,1
BRDA:34,4,1,0
BRDA:40,5,0,1
BRDA:40,5,1,0
BRDA:41,6,0,1
BRDA:41,6,1,1
BRF:13
BRH:10
end_of_record
TN:
SF:src/application/use-cases/tenant/configure-fiscal-range.use-case.ts
FN:9,(anonymous_2)
FN:14,(anonymous_3)
FN:19,(anonymous_4)
FNF:3
FNH:3
FNDA:4,(anonymous_2)
FNDA:3,(anonymous_3)
FNDA:2,(anonymous_4)
DA:1,1
DA:2,1
DA:3,1
DA:4,1
DA:8,1
DA:10,4
DA:11,4
DA:15,3
DA:16,1
DA:19,2
DA:21,2
DA:25,2
DA:26,1
DA:27,1
DA:28,1
DA:29,1
DA:31,1
DA:41,2
LF:18
LH:18
BRDA:15,0,0,1
BRDA:25,1,0,1
BRDA:25,1,1,1
BRF:3
BRH:3
end_of_record
TN:
SF:src/application/use-cases/tenant/get-company-profile.use-case.ts
FN:9,(anonymous_4)
FN:16,(anonymous_5)
FNF:2
FNH:2
FNDA:7,(anonymous_4)
FNDA:3,(anonymous_5)
DA:1,1
DA:2,1
DA:3,1
DA:4,1
DA:5,1
DA:8,1
DA:11,7
DA:13,7
DA:17,3
DA:18,3
DA:19,1
DA:22,2
DA:24,2
LF:13
LH:13
BRDA:18,0,0,1
BRDA:32,1,0,2
BRDA:32,1,1,2
BRDA:33,2,0,2
BRDA:33,2,1,2
BRDA:34,3,0,2
BRDA:34,3,1,2
BRDA:35,4,0,2
BRDA:35,4,1,2
BRDA:38,5,0,2
BRDA:38,5,1,2
BRDA:39,6,0,2
BRDA:39,6,1,2
BRF:13
BRH:13
end_of_record
TN:
SF:src/application/use-cases/tenant/get-fiscal-ranges.use-case.ts
FN:6,(anonymous_2)
FN:8,(anonymous_3)
FNF:2
FNH:2
FNDA:4,(anonymous_2)
FNDA:1,(anonymous_3)
DA:1,1
DA:2,1
DA:5,1
DA:6,4
DA:9,1
LF:5
LH:5
BRF:0
BRH:0
end_of_record
TN:
SF:src/application/use-cases/tenant/register-tenant.dto.ts
FNF:0
FNH:0
DA:1,1
DA:2,1
DA:4,1
DA:10,1
DA:18,1
DA:26,1
DA:36,1
DA:46,1
LF:8
LH:8
BRF:0
BRH:0
end_of_record
TN:
SF:src/application/use-cases/tenant/register-tenant.use-case.ts
FN:10,(anonymous_2)
FN:19,(anonymous_3)
FN:27,(anonymous_4)
FNF:3
FNH:0
FNDA:0,(anonymous_2)
FNDA:0,(anonymous_3)
FNDA:0,(anonymous_4)
DA:1,1
DA:2,1
DA:4,1
DA:5,1
DA:6,1
DA:9,1
DA:11,0
DA:12,0
DA:20,0
DA:21,0
DA:22,0
DA:24,0
DA:25,0
DA:27,0
DA:29,0
DA:30,0
DA:31,0
DA:34,0
DA:35,0
DA:36,0
DA:40,0
DA:41,0
DA:42,0
DA:43,0
DA:44,0
DA:45,0
DA:46,0
DA:47,0
DA:49,0
DA:52,0
DA:55,0
DA:64,0
DA:66,0
DA:68,0
LF:34
LH:6
BRDA:30,0,0,0
BRDA:35,1,0,0
BRF:2
BRH:0
end_of_record
TN:
SF:src/application/use-cases/tenant/update-company-profile.use-case.ts
FN:10,(anonymous_4)
FN:17,(anonymous_5)
FNF:2
FNH:2
FNDA:7,(anonymous_4)
FNDA:4,(anonymous_5)
DA:1,1
DA:2,1
DA:3,1
DA:4,1
DA:5,1
DA:9,1
DA:12,7
DA:14,7
DA:18,4
DA:19,4
DA:20,0
DA:23,4
DA:26,4
DA:28,2
DA:33,2
DA:34,1
DA:40,3
DA:43,3
DA:44,2
DA:45,2
DA:46,1
DA:53,2
DA:54,1
DA:55,1
DA:56,1
DA:57,1
DA:58,1
DA:62,2
DA:63,2
DA:64,2
DA:65,2
DA:66,2
DA:67,2
DA:68,0
DA:74,2
DA:76,2
LF:36
LH:34
BRDA:19,0,0,0
BRDA:26,1,0,2
BRDA:28,2,0,2
BRDA:28,2,1,1
BRDA:28,2,2,1
BRDA:28,2,3,0
BRDA:28,2,4,1
BRDA:28,2,5,0
BRDA:28,2,6,1
BRDA:28,2,7,0
BRDA:33,3,0,1
BRDA:40,4,0,3
BRDA:40,4,1,2
BRDA:40,4,2,1
BRDA:40,4,3,0
BRDA:43,5,0,2
BRDA:45,6,0,1
BRDA:53,7,0,1
BRDA:54,8,0,1
BRDA:55,9,0,1
BRDA:56,10,0,0
BRDA:57,11,0,0
BRDA:58,12,0,0
BRDA:62,13,0,2
BRDA:63,14,0,2
BRDA:64,15,0,0
BRDA:65,16,0,0
BRDA:66,17,0,0
BRDA:67,18,0,0
BRF:29
BRH:17
end_of_record
TN:
SF:src/application/use-cases/tenant/dto/configure-fiscal-range.dto.ts
FNF:0
FNH:0
DA:1,0
DA:2,0
DA:4,0
DA:6,0
DA:9,0
DA:14,0
DA:19,0
DA:24,0
DA:29,0
LF:9
LH:0
BRF:0
BRH:0
end_of_record
TN:
SF:src/application/use-cases/tenant/dto/update-company-profile.dto.ts
FNF:0
FNH:0
DA:1,0
DA:2,0
DA:4,0
DA:9,0
DA:17,0
DA:23,0
DA:28,0
DA:33,0
DA:38,0
DA:43,0
DA:48,0
DA:53,0
DA:58,0
DA:62,0
LF:14
LH:0
BRF:0
BRH:0
end_of_record
TN:
SF:src/application/use-cases/user/create-user.use-case.ts
FN:10,(anonymous_4)
FN:17,(anonymous_5)
FN:60,(anonymous_6)
FN:80,(anonymous_7)
FN:98,(anonymous_8)
FNF:5
FNH:4
FNDA:10,(anonymous_4)
FNDA:4,(anonymous_5)
FNDA:0,(anonymous_6)
FNDA:4,(anonymous_7)
FNDA:4,(anonymous_8)
DA:1,1
DA:3,1
DA:4,1
DA:6,1
DA:9,1
DA:12,10
DA:13,10
DA:14,10
DA:22,4
DA:23,1
DA:27,3
DA:28,0
DA:31,3
DA:34,3
DA:35,3
DA:36,0
DA:40,3
DA:58,3
DA:59,0
DA:60,0
DA:61,0
DA:62,0
DA:64,0
DA:67,3
DA:68,3
DA:69,0
DA:72,3
DA:75,3
DA:80,4
DA:81,3
DA:82,0
DA:88,3
DA:98,4
DA:99,3
DA:100,1
DA:106,2
DA:109,2
DA:122,2
DA:125,2
DA:126,2
LF:40
LH:31
BRDA:22,0,0,1
BRDA:22,1,0,4
BRDA:22,1,1,3
BRDA:27,2,0,0
BRDA:27,3,0,3
BRDA:27,3,1,2
BRDA:35,4,0,0
BRDA:58,5,0,0
BRDA:58,6,0,3
BRDA:58,6,1,3
BRDA:58,6,2,0
BRDA:62,7,0,0
BRDA:68,8,0,0
BRDA:72,9,0,3
BRDA:72,9,1,0
BRDA:75,10,0,1
BRDA:75,10,1,2
BRDA:77,11,0,2
BRDA:77,11,1,0
BRDA:81,12,0,0
BRDA:88,13,0,1
BRDA:88,13,1,2
BRDA:95,14,0,2
BRDA:95,14,1,0
BRDA:99,15,0,1
BRDA:115,16,0,2
BRDA:115,16,1,2
BRF:27
BRH:17
end_of_record
TN:
SF:src/application/use-cases/user/list-users.use-case.ts
FN:7,(anonymous_4)
FN:12,(anonymous_5)
FNF:2
FNH:2
FNDA:10,(anonymous_4)
FNDA:2,(anonymous_5)
DA:1,1
DA:3,1
DA:6,1
DA:9,10
DA:13,2
DA:15,1
DA:16,1
DA:18,1
DA:20,0
LF:9
LH:8
BRDA:13,0,0,1
BRDA:13,0,1,1
BRDA:16,1,0,1
BRDA:16,1,1,0
BRF:4
BRH:3
end_of_record
TN:
SF:src/application/use-cases/user/update-user.use-case.ts
FN:10,(anonymous_4)
FN:17,(anonymous_5)
FN:39,(anonymous_6)
FN:82,(anonymous_7)
FN:100,(anonymous_8)
FN:119,(anonymous_9)
FN:140,(anonymous_10)
FNF:7
FNH:4
FNDA:10,(anonymous_4)
FNDA:4,(anonymous_5)
FNDA:1,(anonymous_6)
FNDA:0,(anonymous_7)
FNDA:0,(anonymous_8)
FNDA:0,(anonymous_9)
FNDA:2,(anonymous_10)
DA:1,1
DA:3,1
DA:4,1
DA:6,1
DA:9,1
DA:12,10
DA:13,10
DA:14,10
DA:23,4
DA:24,4
DA:25,0
DA:29,4
DA:30,0
DA:34,4
DA:35,1
DA:37,1
DA:38,1
DA:39,1
DA:40,1
DA:41,1
DA:45,0
DA:46,0
DA:50,0
DA:55,3
DA:56,0
DA:57,0
DA:62,3
DA:80,3
DA:81,0
DA:82,0
DA:83,0
DA:84,0
DA:86,0
DA:89,3
DA:90,0
DA:91,0
DA:92,0
DA:94,0
DA:96,0
DA:100,0
DA:101,0
DA:102,0
DA:109,3
DA:110,0
DA:119,0
DA:120,0
DA:121,0
DA:128,3
DA:129,2
DA:130,1
DA:131,1
DA:132,0
DA:134,1
DA:135,0
DA:139,1
DA:140,2
DA:141,1
DA:142,1
DA:143,1
DA:147,1
DA:148,1
DA:149,2
DA:150,1
DA:151,1
DA:158,3
DA:159,3
DA:160,3
DA:161,3
DA:162,3
DA:163,3
DA:164,3
DA:166,3
DA:167,0
DA:171,3
DA:174,3
DA:175,3
LF:76
LH:49
BRDA:24,0,0,0
BRDA:29,1,0,0
BRDA:34,2,0,1
BRDA:35,3,0,1
BRDA:35,3,1,0
BRDA:37,4,0,1
BRDA:37,4,1,0
BRDA:40,5,0,1
BRDA:45,6,0,0
BRDA:45,7,0,0
BRDA:45,7,1,0
BRDA:45,7,2,0
BRDA:45,7,3,0
BRDA:55,8,0,0
BRDA:56,9,0,0
BRDA:56,10,0,0
BRDA:56,10,1,0
BRDA:80,11,0,0
BRDA:80,12,0,3
BRDA:80,12,1,0
BRDA:80,12,2,0
BRDA:84,13,0,0
BRDA:89,14,0,0
BRDA:91,15,0,0
BRDA:94,16,0,0
BRDA:94,16,1,0
BRDA:96,17,0,0
BRDA:96,17,1,0
BRDA:98,18,0,0
BRDA:98,18,1,0
BRDA:101,19,0,0
BRDA:109,20,0,0
BRDA:110,21,0,0
BRDA:110,21,1,0
BRDA:117,22,0,0
BRDA:117,22,1,0
BRDA:120,23,0,0
BRDA:128,24,0,2
BRDA:128,25,0,3
BRDA:128,25,1,2
BRDA:129,26,0,1
BRDA:129,26,1,1
BRDA:131,27,0,0
BRDA:134,28,0,0
BRDA:134,29,0,1
BRDA:134,29,1,1
BRDA:149,30,0,1
BRDA:158,31,0,1
BRDA:159,32,0,0
BRDA:160,33,0,0
BRDA:161,34,0,0
BRDA:161,35,0,0
BRDA:161,35,1,0
BRDA:162,36,0,0
BRDA:163,37,0,0
BRDA:164,38,0,2
BRDA:166,39,0,0
BRF:57
BRH:15
end_of_record
TN:
SF:src/application/use-cases/user/dto/create-user.dto.ts
FNF:0
FNH:0
DA:1,0
DA:2,0
DA:4,0
DA:6,0
DA:13,0
DA:20,0
DA:30,0
DA:38,0
DA:47,0
DA:57,0
DA:66,0
LF:11
LH:0
BRF:0
BRH:0
end_of_record
TN:
SF:src/application/use-cases/user/dto/update-user.dto.ts
FNF:0
FNH:0
DA:1,0
DA:2,0
DA:4,0
DA:6,0
DA:14,0
DA:23,0
DA:34,0
DA:43,0
DA:52,0
DA:64,0
DA:73,0
DA:84,0
DA:93,0
LF:13
LH:0
BRF:0
BRH:0
end_of_record
TN:
SF:src/domain/constants/domain.constants.ts
FN:5,(anonymous_0)
FN:11,(anonymous_1)
FN:19,(anonymous_2)
FNF:3
FNH:3
FNDA:4,(anonymous_0)
FNDA:4,(anonymous_1)
FNDA:4,(anonymous_2)
DA:5,4
DA:6,4
DA:7,4
DA:8,4
DA:11,4
DA:12,4
DA:13,4
DA:14,4
DA:15,4
DA:16,4
DA:19,4
DA:20,4
DA:21,4
DA:22,4
DA:25,4
LF:15
LH:15
BRDA:5,0,0,4
BRDA:5,0,1,4
BRDA:11,1,0,4
BRDA:11,1,1,4
BRDA:19,2,0,4
BRDA:19,2,1,4
BRDA:29,3,0,4
BRDA:29,3,1,4
BRF:8
BRH:8
end_of_record
TN:
SF:src/domain/entities/account-payable.entity.ts
FN:73,(anonymous_2)
FN:64,(anonymous_3)
FN:64,(anonymous_4)
FNF:3
FNH:1
FNDA:5,(anonymous_2)
FNDA:0,(anonymous_3)
FNDA:0,(anonymous_4)
DA:1,5
DA:2,5
DA:3,5
DA:6,5
DA:8,5
DA:11,5
DA:14,5
DA:17,5
DA:20,5
DA:23,5
DA:26,5
DA:29,5
DA:32,5
DA:35,5
DA:38,5
DA:41,5
DA:44,5
DA:47,5
DA:50,5
DA:53,5
DA:56,5
DA:59,5
DA:62,5
DA:64,0
DA:65,5
DA:68,5
DA:71,5
DA:74,5
LF:28
LH:27
BRDA:74,0,0,3
BRF:1
BRH:1
end_of_record
TN:
SF:src/domain/entities/account-payment.entity.ts
FN:3,(anonymous_2)
FNF:1
FNH:1
FNDA:8,(anonymous_2)
DA:1,8
DA:3,8
DA:4,8
DA:5,8
DA:6,8
DA:7,8
DA:11,8
DA:13,8
DA:16,8
DA:19,8
DA:22,8
DA:25,8
DA:28,8
DA:31,8
DA:34,8
DA:37,8
DA:40,8
DA:43,8
DA:46,8
LF:19
LH:19
BRDA:3,0,0,8
BRDA:3,0,1,8
BRF:2
BRH:2
end_of_record
TN:
SF:src/domain/entities/account-receivable-payable.entity.ts
FN:4,(anonymous_2)
FN:9,(anonymous_3)
FN:15,(anonymous_4)
FN:69,(anonymous_5)
FN:69,(anonymous_6)
FNF:5
FNH:3
FNDA:3,(anonymous_2)
FNDA:3,(anonymous_3)
FNDA:3,(anonymous_4)
FNDA:0,(anonymous_5)
FNDA:0,(anonymous_6)
DA:1,3
DA:2,3
DA:4,3
DA:5,3
DA:6,3
DA:9,3
DA:10,3
DA:11,3
DA:12,3
DA:15,3
DA:16,3
DA:17,3
DA:18,3
DA:19,3
DA:23,3
DA:25,3
DA:28,3
DA:31,3
DA:34,3
DA:37,3
DA:40,3
DA:43,3
DA:46,3
DA:49,3
DA:52,3
DA:55,3
DA:58,3
DA:61,3
DA:64,3
DA:67,3
DA:69,0
DA:70,3
DA:73,3
DA:76,3
LF:34
LH:33
BRDA:4,0,0,3
BRDA:4,0,1,3
BRDA:9,1,0,3
BRDA:9,1,1,3
BRDA:15,2,0,3
BRDA:15,2,1,3
BRF:6
BRH:6
end_of_record
TN:
SF:src/domain/entities/account-receivable.entity.ts
FN:4,(anonymous_2)
FN:58,(anonymous_3)
FN:58,(anonymous_4)
FNF:3
FNH:1
FNDA:7,(anonymous_2)
FNDA:0,(anonymous_3)
FNDA:0,(anonymous_4)
DA:1,7
DA:2,7
DA:4,7
DA:5,7
DA:6,7
DA:7,7
DA:8,7
DA:12,7
DA:14,7
DA:17,7
DA:20,7
DA:23,7
DA:26,7
DA:29,7
DA:32,7
DA:35,7
DA:38,7
DA:41,7
DA:44,7
DA:47,7
DA:50,7
DA:53,7
DA:56,7
DA:58,0
DA:59,7
DA:62,7
DA:65,7
LF:27
LH:26
BRDA:4,0,0,7
BRDA:4,0,1,7
BRF:2
BRH:2
end_of_record
TN:
SF:src/domain/entities/bank-account.entity.ts
FNF:0
FNH:0
DA:1,0
DA:4,0
DA:6,0
DA:9,0
DA:12,0
DA:15,0
DA:18,0
DA:21,0
DA:24,0
DA:27,0
DA:30,0
DA:33,0
DA:36,0
DA:39,0
DA:42,0
DA:45,0
LF:16
LH:0
BRF:0
BRH:0
end_of_record
TN:
SF:src/domain/entities/bank-movement.entity.ts
FN:32,(anonymous_2)
FNF:1
FNH:0
FNDA:0,(anonymous_2)
DA:1,0
DA:4,0
DA:6,0
DA:9,0
DA:12,0
DA:15,0
DA:18,0
DA:21,0
DA:24,0
DA:27,0
DA:30,0
DA:33,0
DA:34,0
LF:13
LH:0
BRDA:33,0,0,0
BRF:1
BRH:0
end_of_record
TN:
SF:src/domain/entities/cash-shift.entity.ts
FN:56,(anonymous_2)
FNF:1
FNH:1
FNDA:11,(anonymous_2)
DA:1,6
DA:4,6
DA:6,6
DA:9,6
DA:12,6
DA:15,6
DA:18,6
DA:21,6
DA:24,6
DA:27,6
DA:30,6
DA:33,6
DA:36,6
DA:39,6
DA:42,6
DA:45,6
DA:48,6
DA:51,6
DA:54,6
DA:57,11
LF:20
LH:20
BRF:0
BRH:0
end_of_record
TN:
SF:src/domain/entities/category.entity.ts
FN:26,(anonymous_2)
FNF:1
FNH:1
FNDA:4,(anonymous_2)
DA:1,20
DA:4,20
DA:6,20
DA:9,20
DA:12,20
DA:15,20
DA:18,20
DA:21,20
DA:24,20
DA:27,4
LF:10
LH:10
BRF:0
BRH:0
end_of_record
TN:
SF:src/domain/entities/client.entity.ts
FNF:0
FNH:0
DA:1,5
DA:5,5
DA:7,5
DA:10,5
DA:13,5
DA:16,5
DA:19,5
DA:22,5
DA:25,5
DA:28,5
DA:31,5
DA:34,5
DA:37,5
DA:40,5
DA:43,5
LF:15
LH:15
BRF:0
BRH:0
end_of_record
TN:
SF:src/domain/entities/commercial-document-item.entity.ts
FN:12,(anonymous_2)
FN:12,(anonymous_3)
FNF:2
FNH:0
FNDA:0,(anonymous_2)
FNDA:0,(anonymous_3)
DA:1,2
DA:2,2
DA:5,2
DA:7,2
DA:10,2
DA:12,0
DA:14,2
DA:17,2
DA:20,2
DA:23,2
DA:26,2
DA:29,2
DA:32,2
DA:35,2
DA:38,2
LF:15
LH:14
BRF:0
BRH:0
end_of_record
TN:
SF:src/domain/entities/commercial-document.entity.ts
FN:4,(anonymous_2)
FN:10,(anonymous_3)
FN:98,(anonymous_4)
FN:98,(anonymous_5)
FNF:4
FNH:2
FNDA:2,(anonymous_2)
FNDA:2,(anonymous_3)
FNDA:0,(anonymous_4)
FNDA:0,(anonymous_5)
DA:1,2
DA:2,2
DA:4,2
DA:5,2
DA:6,2
DA:7,2
DA:10,2
DA:11,2
DA:12,2
DA:13,2
DA:14,2
DA:15,2
DA:16,2
DA:17,2
DA:18,2
DA:19,2
DA:20,2
DA:21,2
DA:25,2
DA:27,2
DA:30,2
DA:33,2
DA:36,2
DA:39,2
DA:42,2
DA:45,2
DA:48,2
DA:51,2
DA:54,2
DA:57,2
DA:60,2
DA:63,2
DA:66,2
DA:69,2
DA:72,2
DA:75,2
DA:78,2
DA:81,2
DA:84,2
DA:87,2
DA:90,2
DA:93,2
DA:96,2
DA:98,0
DA:99,2
DA:102,2
DA:105,2
LF:47
LH:46
BRDA:4,0,0,2
BRDA:4,0,1,2
BRDA:10,1,0,2
BRDA:10,1,1,2
BRF:4
BRH:4
end_of_record
TN:
SF:src/domain/entities/fiscal-audit-log.entity.ts
FN:29,(anonymous_2)
FNF:1
FNH:1
FNDA:2,(anonymous_2)
DA:1,4
DA:4,4
DA:6,4
DA:9,4
DA:12,4
DA:15,4
DA:18,4
DA:21,4
DA:24,4
DA:27,4
DA:30,2
LF:11
LH:11
BRF:0
BRH:0
end_of_record
TN:
SF:src/domain/entities/password-reset-token.entity.ts
FNF:0
FNH:0
DA:1,3
DA:4,3
DA:6,3
DA:9,3
DA:12,3
DA:15,3
DA:18,3
LF:7
LH:7
BRF:0
BRH:0
end_of_record
TN:
SF:src/domain/entities/product-batch.entity.ts
FN:35,(anonymous_2)
FN:31,(anonymous_3)
FNF:2
FNH:0
FNDA:0,(anonymous_2)
FNDA:0,(anonymous_3)
DA:1,5
DA:2,5
DA:6,5
DA:8,5
DA:11,5
DA:14,5
DA:17,5
DA:20,5
DA:23,5
DA:26,5
DA:29,5
DA:31,0
DA:33,5
DA:36,0
LF:14
LH:12
BRF:0
BRH:0
end_of_record
TN:
SF:src/domain/entities/product-cost-history.entity.ts
FN:32,(anonymous_2)
FNF:1
FNH:1
FNDA:3,(anonymous_2)
DA:1,2
DA:4,2
DA:6,2
DA:9,2
DA:12,2
DA:15,2
DA:18,2
DA:21,2
DA:24,2
DA:27,2
DA:30,2
DA:33,3
DA:34,3
LF:13
LH:13
BRDA:33,0,0,3
BRF:1
BRH:1
end_of_record
TN:
SF:src/domain/entities/product.entity.ts
FN:97,(anonymous_2)
FN:38,(anonymous_3)
FN:63,(anonymous_4)
FN:70,(anonymous_5)
FNF:4
FNH:1
FNDA:28,(anonymous_2)
FNDA:0,(anonymous_3)
FNDA:0,(anonymous_4)
FNDA:0,(anonymous_5)
DA:1,19
DA:2,19
DA:3,19
DA:7,19
DA:9,19
DA:12,19
DA:15,19
DA:18,19
DA:21,19
DA:24,19
DA:27,19
DA:30,19
DA:33,19
DA:36,19
DA:38,0
DA:40,19
DA:43,19
DA:46,19
DA:49,19
DA:52,19
DA:55,19
DA:58,19
DA:61,19
DA:63,0
DA:65,19
DA:68,19
DA:70,0
DA:72,19
DA:89,19
DA:92,19
DA:95,19
DA:98,28
DA:99,28
DA:100,28
DA:101,28
DA:102,28
DA:103,28
DA:104,28
DA:105,28
LF:39
LH:36
BRDA:98,0,0,28
BRDA:100,1,0,11
BRDA:100,1,1,17
BRDA:101,2,0,12
BRDA:101,2,1,16
BRDA:102,3,0,5
BRDA:102,3,1,23
BRDA:103,4,0,3
BRDA:103,4,1,25
BRDA:104,5,0,4
BRDA:104,5,1,24
BRDA:105,6,0,4
BRDA:105,6,1,24
BRF:13
BRH:13
end_of_record
TN:
SF:src/domain/entities/provider.entity.ts
FNF:0
FNH:0
DA:1,5
DA:5,5
DA:7,5
DA:10,5
DA:13,5
DA:16,5
DA:19,5
DA:22,5
DA:25,5
DA:28,5
DA:31,5
DA:34,5
DA:37,5
DA:40,5
DA:43,5
DA:46,5
DA:49,5
DA:52,5
DA:55,5
LF:19
LH:19
BRF:0
BRH:0
end_of_record
TN:
SF:src/domain/entities/purchase-fiscal-note-item.entity.ts
FN:41,(anonymous_2)
FNF:1
FNH:1
FNDA:1,(anonymous_2)
DA:1,2
DA:4,2
DA:6,2
DA:9,2
DA:12,2
DA:15,2
DA:18,2
DA:21,2
DA:24,2
DA:27,2
DA:30,2
DA:33,2
DA:36,2
DA:39,2
DA:42,1
LF:15
LH:15
BRF:0
BRH:0
end_of_record
TN:
SF:src/domain/entities/purchase-fiscal-note.entity.ts
FN:62,(anonymous_2)
FNF:1
FNH:1
FNDA:1,(anonymous_2)
DA:1,2
DA:4,2
DA:6,2
DA:9,2
DA:12,2
DA:15,2
DA:18,2
DA:21,2
DA:24,2
DA:27,2
DA:30,2
DA:33,2
DA:36,2
DA:39,2
DA:42,2
DA:45,2
DA:48,2
DA:51,2
DA:54,2
DA:57,2
DA:60,2
DA:63,1
LF:22
LH:22
BRF:0
BRH:0
end_of_record
TN:
SF:src/domain/entities/purchase-invoice.entity.ts
FN:45,(anonymous_2)
FNF:1
FNH:1
FNDA:5,(anonymous_2)
DA:1,4
DA:5,4
DA:7,4
DA:10,4
DA:13,4
DA:16,4
DA:19,4
DA:22,4
DA:25,4
DA:28,4
DA:31,4
DA:34,4
DA:37,4
DA:40,4
DA:43,4
DA:46,5
LF:16
LH:16
BRF:0
BRH:0
end_of_record
TN:
SF:src/domain/entities/purchase-item.entity.ts
FN:29,(anonymous_2)
FNF:1
FNH:1
FNDA:5,(anonymous_2)
DA:1,4
DA:4,4
DA:6,4
DA:9,4
DA:12,4
DA:15,4
DA:18,4
DA:21,4
DA:24,4
DA:27,4
DA:30,5
LF:11
LH:11
BRF:0
BRH:0
end_of_record
TN:
SF:src/domain/entities/purchase-order.entity.ts
FN:82,(anonymous_2)
FN:79,(anonymous_3)
FN:79,(anonymous_4)
FN:143,(anonymous_5)
FN:97,(anonymous_6)
FN:97,(anonymous_7)
FNF:6
FNH:1
FNDA:0,(anonymous_2)
FNDA:0,(anonymous_3)
FNDA:0,(anonymous_4)
FNDA:2,(anonymous_5)
FNDA:0,(anonymous_6)
FNDA:0,(anonymous_7)
DA:1,4
DA:6,4
DA:8,4
DA:11,4
DA:14,4
DA:17,4
DA:20,4
DA:23,4
DA:26,4
DA:29,4
DA:32,4
DA:35,4
DA:38,4
DA:41,4
DA:44,4
DA:47,4
DA:50,4
DA:53,4
DA:56,4
DA:59,4
DA:62,4
DA:65,4
DA:68,4
DA:71,4
DA:74,4
DA:77,4
DA:79,0
DA:80,4
DA:83,0
DA:84,0
DA:90,4
DA:92,4
DA:95,4
DA:97,0
DA:99,4
DA:102,4
DA:105,4
DA:108,4
DA:111,4
DA:114,4
DA:117,4
DA:120,4
DA:123,4
DA:126,4
DA:129,4
DA:132,4
DA:135,4
DA:138,4
DA:141,4
DA:144,2
DA:145,2
LF:51
LH:47
BRDA:83,0,0,0
BRDA:144,1,0,2
BRF:2
BRH:1
end_of_record
TN:
SF:src/domain/entities/purchase-reception.entity.ts
FN:68,(anonymous_2)
FN:65,(anonymous_3)
FN:65,(anonymous_4)
FN:138,(anonymous_5)
FN:134,(anonymous_6)
FN:134,(anonymous_7)
FN:162,(anonymous_8)
FNF:7
FNH:1
FNDA:0,(anonymous_2)
FNDA:0,(anonymous_3)
FNDA:0,(anonymous_4)
FNDA:5,(anonymous_5)
FNDA:0,(anonymous_6)
FNDA:0,(anonymous_7)
FNDA:0,(anonymous_8)
DA:1,2
DA:4,2
DA:6,2
DA:9,2
DA:12,2
DA:15,2
DA:18,2
DA:21,2
DA:24,2
DA:27,2
DA:30,2
DA:33,2
DA:36,2
DA:39,2
DA:42,2
DA:45,2
DA:48,2
DA:51,2
DA:54,2
DA:57,2
DA:60,2
DA:63,2
DA:65,0
DA:66,2
DA:69,0
DA:70,0
DA:76,2
DA:78,2
DA:81,2
DA:84,2
DA:87,2
DA:90,2
DA:93,2
DA:96,2
DA:99,2
DA:102,2
DA:105,2
DA:108,2
DA:111,2
DA:114,2
DA:117,2
DA:120,2
DA:123,2
DA:126,2
DA:129,2
DA:132,2
DA:134,0
DA:136,2
DA:139,5
DA:140,5
DA:146,2
DA:148,2
DA:151,2
DA:154,2
DA:157,2
DA:160,2
DA:163,0
DA:164,0
LF:58
LH:52
BRDA:69,0,0,0
BRDA:139,1,0,5
BRDA:163,2,0,0
BRF:3
BRH:1
end_of_record
TN:
SF:src/domain/entities/refresh-token.entity.ts
FNF:0
FNH:0
DA:1,4
DA:4,4
DA:6,4
DA:9,4
DA:12,4
DA:15,4
DA:18,4
LF:7
LH:7
BRF:0
BRH:0
end_of_record
TN:
SF:src/domain/entities/role.entity.ts
FN:26,(anonymous_2)
FNF:1
FNH:1
FNDA:2,(anonymous_2)
DA:1,4
DA:4,4
DA:6,4
DA:9,4
DA:12,4
DA:15,4
DA:18,4
DA:21,4
DA:24,4
DA:27,2
LF:10
LH:10
BRF:0
BRH:0
end_of_record
TN:
SF:src/domain/entities/saas-plan.entity.ts
FN:59,(anonymous_2)
FNF:1
FNH:1
FNDA:4,(anonymous_2)
DA:1,2
DA:4,2
DA:6,2
DA:9,2
DA:12,2
DA:15,2
DA:18,2
DA:21,2
DA:24,2
DA:27,2
DA:30,2
DA:33,2
DA:36,2
DA:39,2
DA:42,2
DA:45,2
DA:48,2
DA:51,2
DA:54,2
DA:57,2
DA:60,4
DA:61,4
LF:22
LH:22
BRDA:60,0,0,4
BRF:1
BRH:1
end_of_record
TN:
SF:src/domain/entities/sale-item.entity.ts
FN:29,(anonymous_2)
FNF:1
FNH:1
FNDA:4,(anonymous_2)
DA:1,4
DA:4,4
DA:6,4
DA:9,4
DA:12,4
DA:15,4
DA:18,4
DA:21,4
DA:24,4
DA:27,4
DA:30,4
LF:11
LH:11
BRF:0
BRH:0
end_of_record
TN:
SF:src/domain/entities/sale-payment.entity.ts
FN:35,(anonymous_2)
FNF:1
FNH:1
FNDA:3,(anonymous_2)
DA:1,2
DA:4,2
DA:6,2
DA:9,2
DA:12,2
DA:15,2
DA:18,2
DA:21,2
DA:24,2
DA:27,2
DA:30,2
DA:33,2
DA:36,3
LF:13
LH:13
BRF:0
BRH:0
end_of_record
TN:
SF:src/domain/entities/sale.entity.ts
FN:41,(anonymous_2)
FNF:1
FNH:1
FNDA:5,(anonymous_2)
DA:1,6
DA:4,6
DA:6,6
DA:9,6
DA:12,6
DA:15,6
DA:18,6
DA:21,6
DA:24,6
DA:27,6
DA:30,6
DA:33,6
DA:36,6
DA:39,6
DA:42,5
LF:15
LH:15
BRF:0
BRH:0
end_of_record
TN:
SF:src/domain/entities/sales-fiscal-note-item.entity.ts
FN:41,(anonymous_2)
FNF:1
FNH:1
FNDA:1,(anonymous_2)
DA:1,2
DA:4,2
DA:6,2
DA:9,2
DA:12,2
DA:15,2
DA:18,2
DA:21,2
DA:24,2
DA:27,2
DA:30,2
DA:33,2
DA:36,2
DA:39,2
DA:42,1
LF:15
LH:15
BRF:0
BRH:0
end_of_record
TN:
SF:src/domain/entities/sales-fiscal-note.entity.ts
FN:67,(anonymous_2)
FNF:1
FNH:1
FNDA:1,(anonymous_2)
DA:1,4
DA:3,4
DA:9,4
DA:11,4
DA:14,4
DA:17,4
DA:20,4
DA:23,4
DA:26,4
DA:29,4
DA:32,4
DA:35,4
DA:38,4
DA:41,4
DA:44,4
DA:47,4
DA:50,4
DA:53,4
DA:56,4
DA:59,4
DA:62,4
DA:65,4
DA:68,1
LF:23
LH:23
BRF:0
BRH:0
end_of_record
TN:
SF:src/domain/entities/stock-balance.entity.ts
FN:45,(anonymous_2)
FN:33,(anonymous_3)
FN:37,(anonymous_4)
FN:41,(anonymous_5)
FNF:4
FNH:1
FNDA:5,(anonymous_2)
FNDA:0,(anonymous_3)
FNDA:0,(anonymous_4)
FNDA:0,(anonymous_5)
DA:1,5
DA:2,5
DA:3,5
DA:4,5
DA:8,5
DA:10,5
DA:13,5
DA:16,5
DA:19,5
DA:22,5
DA:25,5
DA:28,5
DA:31,5
DA:33,0
DA:35,5
DA:37,0
DA:39,5
DA:41,0
DA:43,5
DA:46,5
LF:20
LH:17
BRF:0
BRH:0
end_of_record
TN:
SF:src/domain/entities/stock-move.entity.ts
FN:3,(anonymous_2)
FN:52,(anonymous_3)
FNF:2
FNH:2
FNDA:17,(anonymous_2)
FNDA:23,(anonymous_3)
DA:1,17
DA:3,17
DA:4,17
DA:5,17
DA:6,17
DA:7,17
DA:8,17
DA:12,17
DA:14,17
DA:17,17
DA:20,17
DA:26,17
DA:29,17
DA:32,17
DA:35,17
DA:38,17
DA:41,17
DA:44,17
DA:47,17
DA:50,17
DA:53,23
LF:21
LH:21
BRDA:3,0,0,17
BRDA:3,0,1,17
BRF:2
BRH:2
end_of_record
TN:
SF:src/domain/entities/stock-snapshot.entity.ts
FN:3,(anonymous_2)
FNF:1
FNH:1
FNDA:1,(anonymous_2)
DA:1,1
DA:3,1
DA:4,1
DA:5,1
DA:6,1
DA:7,1
DA:11,1
DA:13,1
DA:16,1
DA:19,1
DA:22,1
DA:25,1
DA:28,1
DA:31,1
DA:34,1
DA:37,1
DA:40,1
DA:43,1
DA:46,1
DA:49,1
DA:52,1
DA:55,1
DA:58,1
DA:61,1
DA:64,1
LF:25
LH:25
BRDA:3,0,0,1
BRDA:3,0,1,1
BRF:2
BRH:2
end_of_record
TN:
SF:src/domain/entities/subscription-payment-receipt.entity.ts
FN:3,(anonymous_2)
FN:9,(anonymous_3)
FNF:2
FNH:2
FNDA:4,(anonymous_2)
FNDA:4,(anonymous_3)
DA:1,4
DA:3,4
DA:4,4
DA:5,4
DA:6,4
DA:9,4
DA:10,4
DA:11,4
DA:12,4
DA:16,4
DA:18,4
DA:21,4
DA:24,4
DA:27,4
DA:30,4
DA:33,4
DA:36,4
DA:39,4
DA:42,4
DA:45,4
DA:48,4
DA:51,4
DA:54,4
DA:57,4
DA:60,4
DA:63,4
DA:66,4
LF:27
LH:27
BRDA:3,0,0,4
BRDA:3,0,1,4
BRDA:9,1,0,4
BRDA:9,1,1,4
BRF:4
BRH:4
end_of_record
TN:
SF:src/domain/entities/tenant-fiscal-range.entity.ts
FN:35,(anonymous_2)
FNF:1
FNH:1
FNDA:4,(anonymous_2)
DA:1,4
DA:3,4
DA:10,4
DA:12,4
DA:15,4
DA:18,4
DA:21,4
DA:24,4
DA:27,4
DA:30,4
DA:33,4
DA:36,4
LF:12
LH:12
BRF:0
BRH:0
end_of_record
TN:
SF:src/domain/entities/tenant.entity.ts
FN:59,(anonymous_2)
FNF:1
FNH:1
FNDA:11,(anonymous_2)
DA:1,11
DA:4,11
DA:6,11
DA:9,11
DA:12,11
DA:15,11
DA:18,11
DA:21,11
DA:24,11
DA:27,11
DA:30,11
DA:33,11
DA:36,11
DA:39,11
DA:42,11
DA:45,11
DA:48,11
DA:51,11
DA:54,11
DA:57,11
DA:60,11
DA:61,6
LF:22
LH:22
BRDA:60,0,0,6
BRF:1
BRH:1
end_of_record
TN:
SF:src/domain/entities/user.entity.ts
FN:3,(anonymous_2)
FN:66,(anonymous_3)
FN:44,(anonymous_4)
FNF:3
FNH:2
FNDA:31,(anonymous_2)
FNDA:46,(anonymous_3)
FNDA:0,(anonymous_4)
DA:1,31
DA:3,31
DA:4,31
DA:5,31
DA:6,31
DA:7,31
DA:12,31
DA:14,31
DA:17,31
DA:20,31
DA:23,31
DA:26,31
DA:32,31
DA:35,31
DA:39,31
DA:42,31
DA:44,0
DA:46,31
DA:49,31
DA:52,31
DA:55,31
DA:58,31
DA:61,31
DA:64,31
DA:67,46
LF:25
LH:24
BRDA:3,0,0,31
BRDA:3,0,1,31
BRF:2
BRH:2
end_of_record
TN:
SF:src/domain/entities/warehouse-location.entity.ts
FN:3,(anonymous_2)
FN:43,(anonymous_3)
FN:36,(anonymous_4)
FN:36,(anonymous_5)
FN:40,(anonymous_6)
FN:40,(anonymous_7)
FNF:6
FNH:2
FNDA:7,(anonymous_2)
FNDA:5,(anonymous_3)
FNDA:0,(anonymous_4)
FNDA:0,(anonymous_5)
FNDA:0,(anonymous_6)
FNDA:0,(anonymous_7)
DA:1,7
DA:3,7
DA:4,7
DA:5,7
DA:6,7
DA:7,7
DA:11,7
DA:13,7
DA:16,7
DA:19,7
DA:22,7
DA:25,7
DA:28,7
DA:31,7
DA:34,7
DA:36,0
DA:38,7
DA:40,0
DA:41,7
DA:44,5
LF:20
LH:18
BRDA:3,0,0,7
BRDA:3,0,1,7
BRF:2
BRH:2
end_of_record
TN:
SF:src/domain/utils/email-validator.util.ts
FN:19,(anonymous_9)
FNF:1
FNH:0
FNDA:0,(anonymous_9)
DA:1,1
DA:2,1
DA:4,1
DA:13,1
DA:14,1
DA:20,0
DA:21,0
DA:24,0
DA:25,0
DA:27,0
DA:28,0
DA:31,0
DA:33,0
DA:34,0
DA:35,0
DA:37,0
DA:44,0
LF:17
LH:5
BRDA:20,0,0,0
BRDA:20,1,0,0
BRDA:20,1,1,0
BRDA:27,2,0,0
BRDA:35,3,0,0
BRDA:35,3,1,0
BRDA:41,4,0,0
BRDA:41,4,1,0
BRF:8
BRH:0
end_of_record
TN:
SF:src/domain/utils/rif-validator.util.ts
FN:25,(anonymous_0)
FNF:1
FNH:1
FNDA:4,(anonymous_0)
DA:1,2
DA:10,2
DA:11,2
DA:19,2
DA:26,4
DA:27,0
DA:31,4
DA:33,4
DA:34,0
DA:41,4
DA:42,4
DA:43,1
DA:51,3
DA:52,3
DA:54,3
DA:55,0
DA:63,3
DA:65,3
DA:66,24
DA:67,24
DA:68,0
DA:70,24
DA:73,3
DA:74,3
DA:76,3
DA:77,0
DA:80,3
DA:81,3
DA:83,3
DA:91,3
LF:30
LH:25
BRDA:26,0,0,0
BRDA:26,1,0,4
BRDA:26,1,1,4
BRDA:33,2,0,0
BRDA:33,3,0,4
BRDA:33,3,1,4
BRDA:42,4,0,1
BRDA:54,5,0,0
BRDA:67,6,0,0
BRDA:76,7,0,0
BRDA:95,8,0,2
BRDA:95,8,1,1
BRF:12
BRH:7
end_of_record
TN:
SF:src/infrastructure/auth/decorators/modules.decorator.ts
FN:3,(anonymous_0)
FN:14,(anonymous_1)
FNF:2
FNH:2
FNDA:7,(anonymous_0)
FNDA:42,(anonymous_1)
DA:1,7
DA:3,7
DA:4,7
DA:5,7
DA:6,7
DA:7,7
DA:8,7
DA:9,7
DA:10,7
DA:13,7
DA:14,42
LF:11
LH:11
BRDA:3,0,0,7
BRDA:3,0,1,7
BRF:2
BRH:2
end_of_record
TN:
SF:src/infrastructure/auth/decorators/permissions.decorator.ts
FN:4,(anonymous_0)
FNF:1
FNH:1
FNDA:36,(anonymous_0)
DA:1,5
DA:3,5
DA:4,36
LF:3
LH:3
BRF:0
BRH:0
end_of_record
TN:
SF:src/infrastructure/auth/decorators/roles.decorator.ts
FN:5,(anonymous_0)
FNF:1
FNH:1
FNDA:1,(anonymous_0)
DA:1,2
DA:4,2
DA:5,2
LF:3
LH:3
BRF:0
BRH:0
end_of_record
TN:
SF:src/infrastructure/auth/guards/jwt-auth.guard.ts
FNF:0
FNH:0
DA:1,9
DA:2,9
DA:5,9
LF:3
LH:3
BRF:0
BRH:0
end_of_record
TN:
SF:src/infrastructure/auth/guards/modules.guard.ts
FN:7,(anonymous_2)
FN:9,(anonymous_3)
FN:25,(anonymous_4)
FNF:3
FNH:1
FNDA:26,(anonymous_2)
FNDA:0,(anonymous_3)
FNDA:0,(anonymous_4)
DA:1,6
DA:2,6
DA:3,6
DA:6,6
DA:7,26
DA:10,0
DA:15,0
DA:16,0
DA:19,0
DA:21,0
DA:22,0
DA:25,0
DA:26,0
DA:29,0
DA:30,0
DA:33,0
LF:16
LH:5
BRDA:15,0,0,0
BRDA:15,1,0,0
BRDA:15,1,1,0
BRDA:21,2,0,0
BRDA:21,3,0,0
BRDA:21,3,1,0
BRDA:29,4,0,0
BRF:7
BRH:0
end_of_record
TN:
SF:src/infrastructure/auth/guards/permissions.guard.ts
FN:8,(anonymous_2)
FN:10,(anonymous_3)
FN:35,(anonymous_4)
FNF:3
FNH:1
FNDA:18,(anonymous_2)
FNDA:0,(anonymous_3)
FNDA:0,(anonymous_4)
DA:1,5
DA:2,5
DA:3,5
DA:4,5
DA:7,5
DA:8,18
DA:11,0
DA:16,0
DA:17,0
DA:20,0
DA:22,0
DA:23,0
DA:27,0
DA:28,0
DA:31,0
DA:32,0
DA:35,0
DA:36,0
DA:39,0
DA:40,0
DA:43,0
LF:21
LH:6
BRDA:16,0,0,0
BRDA:16,1,0,0
BRDA:16,1,1,0
BRDA:22,2,0,0
BRDA:27,3,0,0
BRDA:31,4,0,0
BRDA:31,5,0,0
BRDA:31,5,1,0
BRDA:39,6,0,0
BRF:9
BRH:0
end_of_record
TN:
SF:src/infrastructure/auth/guards/roles.guard.ts
FN:8,(anonymous_2)
FN:10,(anonymous_3)
FNF:2
FNH:2
FNDA:8,(anonymous_2)
FNDA:2,(anonymous_3)
DA:1,2
DA:2,2
DA:4,2
DA:7,2
DA:8,8
DA:11,2
DA:16,2
DA:17,0
DA:20,2
DA:22,2
DA:23,1
DA:26,1
LF:12
LH:11
BRDA:16,0,0,0
BRDA:22,1,0,1
BRDA:22,2,0,2
BRDA:22,2,1,2
BRF:4
BRH:3
end_of_record
TN:
SF:src/infrastructure/auth/guards/tenant-active.guard.ts
FN:5,(anonymous_1)
FN:12,(anonymous_2)
FN:22,(anonymous_3)
FNF:3
FNH:3
FNDA:4,(anonymous_1)
FNDA:5,(anonymous_2)
FNDA:9,(anonymous_3)
DA:1,1
DA:2,1
DA:5,1
DA:6,4
DA:13,5
DA:14,5
DA:17,5
DA:18,1
DA:21,4
DA:22,9
DA:24,4
DA:25,2
DA:28,2
DA:30,2
DA:31,1
DA:36,1
LF:16
LH:16
BRDA:17,0,0,1
BRDA:21,1,0,4
BRDA:21,1,1,0
BRDA:24,2,0,2
BRDA:28,3,0,2
BRDA:28,3,1,0
BRDA:30,4,0,1
BRF:7
BRH:5
end_of_record
TN:
SF:src/infrastructure/auth/strategies/jwt.strategy.ts
FN:11,(anonymous_4)
FN:30,(anonymous_5)
FNF:2
FNH:0
FNDA:0,(anonymous_4)
FNDA:0,(anonymous_5)
DA:1,0
DA:2,0
DA:3,0
DA:4,0
DA:5,0
DA:8,0
DA:9,0
DA:13,0
DA:15,0
DA:17,0
DA:18,0
DA:19,0
DA:20,0
DA:23,0
DA:32,0
DA:36,0
DA:37,0
DA:41,0
LF:18
LH:0
BRDA:17,0,0,0
BRDA:36,1,0,0
BRDA:36,2,0,0
BRDA:36,2,1,0
BRDA:48,3,0,0
BRDA:48,3,1,0
BRF:6
BRH:0
end_of_record
TN:
SF:src/infrastructure/common/interceptors/tenant.interceptor.ts
FN:17,(anonymous_1)
FNF:1
FNH:0
FNDA:0,(anonymous_1)
DA:1,0
DA:16,0
DA:18,0
DA:19,0
DA:21,0
DA:22,0
DA:26,0
DA:28,0
LF:8
LH:0
BRDA:21,0,0,0
BRDA:21,1,0,0
BRDA:21,1,1,0
BRF:3
BRH:0
end_of_record
TN:
SF:src/infrastructure/common/swagger/swagger.config.ts
FN:10,setupSwagger
FNF:1
FNH:0
FNDA:0,setupSwagger
DA:1,0
DA:10,0
DA:11,0
DA:32,0
DA:33,0
LF:5
LH:0
BRF:0
BRH:0
end_of_record
TN:
SF:src/infrastructure/common/utils/qr-generator.util.ts
FN:9,(anonymous_9)
FNF:1
FNH:0
FNDA:0,(anonymous_9)
DA:1,0
DA:8,0
DA:10,0
DA:12,0
DA:13,0
DA:15,0
DA:16,0
LF:7
LH:0
BRF:0
BRH:0
end_of_record
TN:
SF:src/infrastructure/common/utils/txt-generator.util.ts
FN:6,(anonymous_0)
FN:9,(anonymous_1)
FNF:2
FNH:0
FNDA:0,(anonymous_0)
FNDA:0,(anonymous_1)
DA:5,0
DA:7,0
DA:9,0
DA:10,0
DA:12,0
DA:16,0
LF:6
LH:0
BRDA:10,0,0,0
BRF:1
BRH:0
end_of_record
TN:
SF:src/infrastructure/finance/exchange-rate.service.ts
FN:4,(anonymous_1)
FN:11,(anonymous_2)
FN:27,(anonymous_3)
FNF:3
FNH:0
FNDA:0,(anonymous_1)
FNDA:0,(anonymous_2)
FNDA:0,(anonymous_3)
DA:1,1
DA:4,1
DA:5,0
DA:12,0
DA:14,0
DA:15,0
DA:16,0
DA:18,0
DA:19,0
DA:28,0
LF:10
LH:2
BRF:0
BRH:0
end_of_record
TN:
SF:src/infrastructure/persistence/typeorm/database.service.ts
FN:9,(anonymous_2)
FN:19,(anonymous_3)
FN:28,(anonymous_4)
FN:32,(anonymous_5)
FNF:4
FNH:0
FNDA:0,(anonymous_2)
FNDA:0,(anonymous_3)
FNDA:0,(anonymous_4)
FNDA:0,(anonymous_5)
DA:1,0
DA:2,0
DA:3,0
DA:6,0
DA:9,0
DA:10,0
DA:20,0
DA:21,0
DA:22,0
DA:24,0
DA:29,0
DA:33,0
LF:12
LH:0
BRF:0
BRH:0
end_of_record
TN:
SF:src/infrastructure/persistence/typeorm/repositories/account-payable.repository.ts
FN:8,(anonymous_4)
FN:13,(anonymous_5)
FN:17,(anonymous_6)
FN:21,(anonymous_7)
FN:28,(anonymous_8)
FN:35,(anonymous_9)
FN:49,(anonymous_10)
FN:71,(anonymous_11)
FNF:8
FNH:0
FNDA:0,(anonymous_4)
FNDA:0,(anonymous_5)
FNDA:0,(anonymous_6)
FNDA:0,(anonymous_7)
FNDA:0,(anonymous_8)
FNDA:0,(anonymous_9)
FNDA:0,(anonymous_10)
FNDA:0,(anonymous_11)
DA:1,1
DA:2,1
DA:3,1
DA:4,1
DA:7,1
DA:10,0
DA:14,0
DA:18,0
DA:22,0
DA:29,0
DA:36,0
DA:40,0
DA:41,0
DA:46,0
DA:55,0
DA:63,0
DA:72,0
LF:17
LH:5
BRDA:40,0,0,0
BRDA:64,1,0,0
BRDA:64,1,1,0
BRDA:65,2,0,0
BRDA:65,2,1,0
BRDA:66,3,0,0
BRDA:66,3,1,0
BRDA:67,4,0,0
BRDA:67,4,1,0
BRF:9
BRH:0
end_of_record
TN:
SF:src/infrastructure/persistence/typeorm/repositories/account-receivable-payable.repository.ts
FN:8,(anonymous_4)
FN:13,(anonymous_5)
FN:17,(anonymous_6)
FN:21,(anonymous_7)
FN:28,(anonymous_8)
FN:35,(anonymous_9)
FN:56,(anonymous_10)
FN:79,(anonymous_11)
FNF:8
FNH:0
FNDA:0,(anonymous_4)
FNDA:0,(anonymous_5)
FNDA:0,(anonymous_6)
FNDA:0,(anonymous_7)
FNDA:0,(anonymous_8)
FNDA:0,(anonymous_9)
FNDA:0,(anonymous_10)
FNDA:0,(anonymous_11)
DA:1,2
DA:2,2
DA:3,2
DA:4,2
DA:7,2
DA:10,0
DA:14,0
DA:18,0
DA:22,0
DA:29,0
DA:40,0
DA:47,0
DA:48,0
DA:53,0
DA:62,0
DA:71,0
DA:80,0
LF:17
LH:5
BRDA:47,0,0,0
BRDA:72,1,0,0
BRDA:72,1,1,0
BRDA:73,2,0,0
BRDA:73,2,1,0
BRDA:74,3,0,0
BRDA:74,3,1,0
BRDA:75,4,0,0
BRDA:75,4,1,0
BRF:9
BRH:0
end_of_record
TN:
SF:src/infrastructure/persistence/typeorm/repositories/account-receivable.repository.ts
FN:8,(anonymous_4)
FN:13,(anonymous_5)
FN:17,(anonymous_6)
FN:21,(anonymous_7)
FN:28,(anonymous_8)
FN:35,(anonymous_9)
FN:49,(anonymous_10)
FN:71,(anonymous_11)
FNF:8
FNH:0
FNDA:0,(anonymous_4)
FNDA:0,(anonymous_5)
FNDA:0,(anonymous_6)
FNDA:0,(anonymous_7)
FNDA:0,(anonymous_8)
FNDA:0,(anonymous_9)
FNDA:0,(anonymous_10)
FNDA:0,(anonymous_11)
DA:1,3
DA:2,3
DA:3,3
DA:4,3
DA:7,3
DA:10,0
DA:14,0
DA:18,0
DA:22,0
DA:29,0
DA:36,0
DA:40,0
DA:41,0
DA:46,0
DA:55,0
DA:63,0
DA:72,0
LF:17
LH:5
BRDA:40,0,0,0
BRDA:64,1,0,0
BRDA:64,1,1,0
BRDA:65,2,0,0
BRDA:65,2,1,0
BRDA:66,3,0,0
BRDA:66,3,1,0
BRDA:67,4,0,0
BRDA:67,4,1,0
BRF:9
BRH:0
end_of_record
TN:
SF:src/infrastructure/persistence/typeorm/repositories/bank-account.repository.ts
FN:10,(anonymous_4)
FN:24,(anonymous_5)
FN:29,(anonymous_6)
FN:34,(anonymous_7)
FN:39,(anonymous_8)
FNF:5
FNH:0
FNDA:0,(anonymous_4)
FNDA:0,(anonymous_5)
FNDA:0,(anonymous_6)
FNDA:0,(anonymous_7)
FNDA:0,(anonymous_8)
DA:1,0
DA:2,0
DA:3,0
DA:4,0
DA:5,0
DA:6,0
DA:9,0
DA:12,0
DA:16,0
DA:21,0
DA:25,0
DA:26,0
DA:30,0
DA:31,0
DA:35,0
DA:36,0
DA:40,0
DA:41,0
LF:18
LH:0
BRDA:16,0,0,0
BRDA:16,0,1,0
BRDA:16,0,2,0
BRDA:16,0,3,0
BRDA:16,0,4,0
BRF:5
BRH:0
end_of_record
TN:
SF:src/infrastructure/persistence/typeorm/repositories/base-tenant.repository.ts
FN:9,(anonymous_0)
FN:22,(anonymous_1)
FN:30,(anonymous_2)
FN:38,(anonymous_3)
FNF:4
FNH:2
FNDA:21,(anonymous_0)
FNDA:6,(anonymous_1)
FNDA:0,(anonymous_2)
FNDA:0,(anonymous_3)
DA:6,24
DA:10,21
DA:11,0
DA:12,21
DA:13,1
DA:15,20
DA:23,6
DA:31,0
DA:32,0
DA:34,0
DA:39,0
DA:41,0
LF:12
LH:6
BRDA:10,0,0,0
BRDA:10,0,1,21
BRDA:10,1,0,21
BRDA:10,1,1,1
BRDA:12,2,0,1
BRDA:12,2,1,20
BRDA:30,3,0,0
BRF:7
BRH:5
end_of_record
TN:
SF:src/infrastructure/persistence/typeorm/repositories/cash-shift.repository.ts
FN:10,(anonymous_4)
FN:24,(anonymous_5)
FN:29,(anonymous_6)
FN:34,(anonymous_7)
FN:39,(anonymous_8)
FN:47,(anonymous_9)
FNF:6
FNH:0
FNDA:0,(anonymous_4)
FNDA:0,(anonymous_5)
FNDA:0,(anonymous_6)
FNDA:0,(anonymous_7)
FNDA:0,(anonymous_8)
FNDA:0,(anonymous_9)
DA:1,6
DA:2,6
DA:3,6
DA:4,6
DA:5,6
DA:6,6
DA:9,6
DA:12,0
DA:16,0
DA:21,0
DA:25,0
DA:26,0
DA:30,0
DA:31,0
DA:35,0
DA:36,0
DA:40,0
DA:41,0
DA:48,0
DA:49,0
LF:20
LH:7
BRDA:16,0,0,0
BRDA:16,0,1,0
BRDA:16,0,2,0
BRDA:16,0,3,0
BRDA:16,0,4,0
BRF:5
BRH:0
end_of_record
TN:
SF:src/infrastructure/persistence/typeorm/repositories/category.repository.ts
FN:10,(anonymous_4)
FN:24,(anonymous_5)
FN:34,(anonymous_6)
FN:45,(anonymous_7)
FN:56,(anonymous_8)
FN:67,(anonymous_9)
FN:76,(anonymous_10)
FN:100,(anonymous_11)
FN:115,(anonymous_12)
FN:123,(anonymous_13)
FNF:10
FNH:5
FNDA:4,(anonymous_4)
FNDA:1,(anonymous_5)
FNDA:2,(anonymous_6)
FNDA:0,(anonymous_7)
FNDA:0,(anonymous_8)
FNDA:0,(anonymous_9)
FNDA:2,(anonymous_10)
FNDA:1,(anonymous_11)
FNDA:0,(anonymous_12)
FNDA:0,(anonymous_13)
DA:1,3
DA:2,3
DA:3,3
DA:4,3
DA:5,3
DA:6,3
DA:9,3
DA:12,4
DA:16,4
DA:21,4
DA:25,1
DA:34,2
DA:47,0
DA:56,0
DA:68,0
DA:77,2
DA:78,2
DA:87,2
DA:88,1
DA:89,1
DA:101,1
DA:102,1
DA:103,0
DA:106,1
DA:112,1
DA:117,0
DA:118,0
DA:120,0
DA:125,0
LF:29
LH:21
BRDA:16,0,0,4
BRDA:16,0,1,4
BRDA:16,0,2,0
BRDA:16,0,3,0
BRDA:16,0,4,0
BRDA:87,1,0,1
BRDA:102,2,0,0
BRDA:117,3,0,0
BRF:8
BRH:3
end_of_record
TN:
SF:src/infrastructure/persistence/typeorm/repositories/client.repository.ts
FN:10,(anonymous_4)
FN:24,(anonymous_5)
FN:40,(anonymous_6)
FN:45,(anonymous_7)
FN:50,(anonymous_8)
FN:55,(anonymous_9)
FNF:6
FNH:0
FNDA:0,(anonymous_4)
FNDA:0,(anonymous_5)
FNDA:0,(anonymous_6)
FNDA:0,(anonymous_7)
FNDA:0,(anonymous_8)
FNDA:0,(anonymous_9)
DA:1,1
DA:2,1
DA:3,1
DA:4,1
DA:5,1
DA:6,1
DA:9,1
DA:12,0
DA:16,0
DA:21,0
DA:25,0
DA:29,0
DA:30,0
DA:33,0
DA:34,0
DA:37,0
DA:41,0
DA:42,0
DA:46,0
DA:47,0
DA:51,0
DA:52,0
DA:56,0
DA:57,0
LF:24
LH:7
BRDA:16,0,0,0
BRDA:16,0,1,0
BRDA:16,0,2,0
BRDA:16,0,3,0
BRDA:16,0,4,0
BRDA:24,1,0,0
BRDA:29,2,0,0
BRDA:33,3,0,0
BRF:8
BRH:0
end_of_record
TN:
SF:src/infrastructure/persistence/typeorm/repositories/commercial-document.repository.ts
FN:8,(anonymous_4)
FN:13,(anonymous_5)
FN:17,(anonymous_6)
FN:24,(anonymous_7)
FN:46,(anonymous_8)
FNF:5
FNH:0
FNDA:0,(anonymous_4)
FNDA:0,(anonymous_5)
FNDA:0,(anonymous_6)
FNDA:0,(anonymous_7)
FNDA:0,(anonymous_8)
DA:1,2
DA:2,2
DA:3,2
DA:4,2
DA:7,2
DA:10,0
DA:14,0
DA:18,0
DA:29,0
DA:34,0
DA:35,0
DA:41,0
DA:43,0
DA:47,0
DA:51,0
DA:55,0
DA:56,0
DA:58,0
LF:18
LH:5
BRDA:34,0,0,0
BRDA:47,1,0,0
BRDA:47,1,1,0
BRDA:48,2,0,0
BRDA:48,2,1,0
BRF:5
BRH:0
end_of_record
TN:
SF:src/infrastructure/persistence/typeorm/repositories/password-reset-token.repository.ts
FN:8,(anonymous_4)
FN:13,(anonymous_5)
FN:17,(anonymous_6)
FN:21,(anonymous_7)
FN:25,(anonymous_8)
FNF:5
FNH:0
FNDA:0,(anonymous_4)
FNDA:0,(anonymous_5)
FNDA:0,(anonymous_6)
FNDA:0,(anonymous_7)
FNDA:0,(anonymous_8)
DA:1,3
DA:2,3
DA:3,3
DA:4,3
DA:7,3
DA:10,0
DA:14,0
DA:18,0
DA:22,0
DA:26,0
LF:10
LH:5
BRF:0
BRH:0
end_of_record
TN:
SF:src/infrastructure/persistence/typeorm/repositories/product.repository.ts
FN:12,(anonymous_4)
FN:26,(anonymous_5)
FN:37,(anonymous_6)
FN:42,(anonymous_7)
FN:53,(anonymous_8)
FN:58,(anonymous_9)
FN:63,(anonymous_10)
FN:70,(anonymous_11)
FN:75,(anonymous_12)
FN:123,(anonymous_13)
FNF:10
FNH:5
FNDA:5,(anonymous_4)
FNDA:0,(anonymous_5)
FNDA:0,(anonymous_6)
FNDA:0,(anonymous_7)
FNDA:1,(anonymous_8)
FNDA:1,(anonymous_9)
FNDA:0,(anonymous_10)
FNDA:0,(anonymous_11)
FNDA:2,(anonymous_12)
FNDA:2,(anonymous_13)
DA:1,12
DA:2,12
DA:3,12
DA:4,12
DA:5,12
DA:6,12
DA:7,12
DA:8,12
DA:11,12
DA:14,5
DA:18,5
DA:23,5
DA:27,0
DA:28,0
DA:29,0
DA:38,0
DA:39,0
DA:43,0
DA:44,0
DA:45,0
DA:54,1
DA:55,1
DA:59,1
DA:60,1
DA:64,0
DA:65,0
DA:67,0
DA:71,0
DA:72,0
DA:76,2
DA:109,2
DA:110,1
DA:113,2
DA:114,1
DA:117,2
DA:121,2
DA:123,2
LF:37
LH:24
BRDA:18,0,0,5
BRDA:18,0,1,5
BRDA:18,0,2,0
BRDA:18,0,3,0
BRDA:18,0,4,0
BRDA:27,1,0,0
BRDA:43,2,0,0
BRDA:75,3,0,0
BRDA:109,4,0,1
BRDA:113,5,0,1
BRF:10
BRH:4
end_of_record
TN:
SF:src/infrastructure/persistence/typeorm/repositories/provider.repository.ts
FN:10,(anonymous_4)
FN:24,(anonymous_5)
FN:42,(anonymous_6)
FN:47,(anonymous_7)
FN:52,(anonymous_8)
FN:57,(anonymous_9)
FNF:6
FNH:0
FNDA:0,(anonymous_4)
FNDA:0,(anonymous_5)
FNDA:0,(anonymous_6)
FNDA:0,(anonymous_7)
FNDA:0,(anonymous_8)
FNDA:0,(anonymous_9)
DA:1,1
DA:2,1
DA:3,1
DA:4,1
DA:5,1
DA:6,1
DA:9,1
DA:12,0
DA:16,0
DA:21,0
DA:25,0
DA:27,0
DA:31,0
DA:32,0
DA:35,0
DA:36,0
DA:39,0
DA:43,0
DA:44,0
DA:48,0
DA:49,0
DA:53,0
DA:54,0
DA:58,0
DA:59,0
LF:25
LH:7
BRDA:16,0,0,0
BRDA:16,0,1,0
BRDA:16,0,2,0
BRDA:16,0,3,0
BRDA:16,0,4,0
BRDA:24,1,0,0
BRDA:31,2,0,0
BRDA:35,3,0,0
BRF:8
BRH:0
end_of_record
TN:
SF:src/infrastructure/persistence/typeorm/repositories/purchase-fiscal-note.repository.ts
FN:13,(anonymous_4)
FN:27,(anonymous_5)
FN:40,(anonymous_6)
FN:44,(anonymous_7)
FN:49,(anonymous_8)
FN:56,(anonymous_9)
FN:123,(anonymous_10)
FNF:7
FNH:0
FNDA:0,(anonymous_4)
FNDA:0,(anonymous_5)
FNDA:0,(anonymous_6)
FNDA:0,(anonymous_7)
FNDA:0,(anonymous_8)
FNDA:0,(anonymous_9)
FNDA:0,(anonymous_10)
DA:1,2
DA:2,2
DA:3,2
DA:4,2
DA:5,2
DA:6,2
DA:7,2
DA:8,2
DA:9,2
DA:12,2
DA:15,0
DA:19,0
DA:24,0
DA:28,0
DA:30,0
DA:31,0
DA:32,0
DA:33,0
DA:37,0
DA:41,0
DA:45,0
DA:46,0
DA:50,0
DA:57,0
DA:61,0
DA:64,0
DA:69,0
DA:70,0
DA:71,0
DA:72,0
DA:73,0
DA:79,0
DA:100,0
DA:123,0
LF:34
LH:10
BRDA:19,0,0,0
BRDA:19,0,1,0
BRDA:19,0,2,0
BRDA:19,0,3,0
BRDA:19,0,4,0
BRDA:30,1,0,0
BRDA:32,2,0,0
BRDA:32,3,0,0
BRDA:32,3,1,0
BRDA:61,4,0,0
BRDA:70,5,0,0
BRDA:70,6,0,0
BRDA:70,6,1,0
BRDA:72,7,0,0
BRDA:118,8,0,0
BRDA:118,8,1,0
BRDA:135,9,0,0
BRDA:135,9,1,0
BRDA:136,10,0,0
BRDA:136,10,1,0
BRF:20
BRH:0
end_of_record
TN:
SF:src/infrastructure/persistence/typeorm/repositories/purchase-invoice.repository.ts
FN:13,(anonymous_4)
FN:27,(anonymous_5)
FN:35,(anonymous_6)
FN:40,(anonymous_7)
FN:68,(anonymous_8)
FN:100,(anonymous_9)
FN:140,(anonymous_10)
FNF:7
FNH:5
FNDA:3,(anonymous_4)
FNDA:0,(anonymous_5)
FNDA:0,(anonymous_6)
FNDA:1,(anonymous_7)
FNDA:1,(anonymous_8)
FNDA:1,(anonymous_9)
FNDA:1,(anonymous_10)
DA:1,3
DA:2,3
DA:3,3
DA:4,3
DA:5,3
DA:6,3
DA:7,3
DA:8,3
DA:9,3
DA:12,3
DA:15,3
DA:19,3
DA:24,3
DA:28,0
DA:32,0
DA:36,0
DA:37,0
DA:41,1
DA:68,1
DA:69,1
DA:70,1
DA:71,1
DA:73,1
DA:74,0
DA:75,1
DA:76,0
DA:79,1
DA:101,1
DA:105,1
DA:107,1
DA:111,1
DA:126,1
DA:140,1
LF:33
LH:27
BRDA:19,0,0,3
BRDA:19,0,1,3
BRDA:19,0,2,0
BRDA:19,0,3,0
BRDA:19,0,4,0
BRDA:70,1,0,1
BRDA:70,1,1,1
BRDA:73,2,0,0
BRDA:73,2,1,1
BRDA:73,3,0,1
BRDA:73,3,1,0
BRDA:75,4,0,0
BRDA:75,5,0,1
BRDA:75,5,1,1
BRDA:84,6,0,0
BRDA:84,6,1,1
BRDA:85,7,0,0
BRDA:85,7,1,1
BRDA:89,8,0,1
BRDA:89,8,1,1
BRDA:90,9,0,1
BRDA:90,9,1,1
BRDA:93,10,0,1
BRDA:93,10,1,0
BRDA:94,11,0,1
BRDA:94,11,1,0
BRDA:105,12,0,0
BRDA:131,13,0,0
BRDA:131,13,1,1
BRDA:132,14,0,0
BRDA:132,14,1,1
BRDA:137,15,0,1
BRDA:137,15,1,0
BRDA:138,16,0,1
BRDA:138,16,1,0
BRDA:145,17,0,1
BRDA:145,17,1,0
BRDA:146,18,0,1
BRDA:146,18,1,0
BRF:39
BRH:22
end_of_record
TN:
SF:src/infrastructure/persistence/typeorm/repositories/refresh-token.repository.ts
FN:8,(anonymous_4)
FN:13,(anonymous_5)
FN:17,(anonymous_6)
FN:21,(anonymous_7)
FN:25,(anonymous_8)
FNF:5
FNH:0
FNDA:0,(anonymous_4)
FNDA:0,(anonymous_5)
FNDA:0,(anonymous_6)
FNDA:0,(anonymous_7)
FNDA:0,(anonymous_8)
DA:1,4
DA:2,4
DA:3,4
DA:4,4
DA:7,4
DA:10,0
DA:14,0
DA:18,0
DA:22,0
DA:26,0
LF:10
LH:5
BRF:0
BRH:0
end_of_record
TN:
SF:src/infrastructure/persistence/typeorm/repositories/role.repository.ts
FN:8,(anonymous_4)
FN:13,(anonymous_5)
FN:17,(anonymous_6)
FN:21,(anonymous_7)
FN:28,(anonymous_8)
FN:32,(anonymous_9)
FNF:6
FNH:0
FNDA:0,(anonymous_4)
FNDA:0,(anonymous_5)
FNDA:0,(anonymous_6)
FNDA:0,(anonymous_7)
FNDA:0,(anonymous_8)
FNDA:0,(anonymous_9)
DA:1,4
DA:2,4
DA:3,4
DA:4,4
DA:7,4
DA:10,0
DA:14,0
DA:18,0
DA:22,0
DA:29,0
DA:33,0
LF:11
LH:5
BRF:0
BRH:0
end_of_record
TN:
SF:src/infrastructure/persistence/typeorm/repositories/sale-payment.repository.ts
FN:10,(anonymous_4)
FN:24,(anonymous_5)
FN:29,(anonymous_6)
FNF:3
FNH:0
FNDA:0,(anonymous_4)
FNDA:0,(anonymous_5)
FNDA:0,(anonymous_6)
DA:1,0
DA:2,0
DA:3,0
DA:4,0
DA:5,0
DA:6,0
DA:9,0
DA:12,0
DA:16,0
DA:21,0
DA:25,0
DA:26,0
DA:30,0
DA:31,0
LF:14
LH:0
BRDA:16,0,0,0
BRDA:16,0,1,0
BRDA:16,0,2,0
BRDA:16,0,3,0
BRDA:16,0,4,0
BRF:5
BRH:0
end_of_record
TN:
SF:src/infrastructure/persistence/typeorm/repositories/sale.repository.ts
FN:15,(anonymous_4)
FN:29,(anonymous_5)
FN:34,(anonymous_6)
FN:39,(anonymous_7)
FN:66,(anonymous_8)
FN:97,(anonymous_9)
FN:155,(anonymous_10)
FNF:7
FNH:5
FNDA:3,(anonymous_4)
FNDA:0,(anonymous_5)
FNDA:0,(anonymous_6)
FNDA:1,(anonymous_7)
FNDA:1,(anonymous_8)
FNDA:1,(anonymous_9)
FNDA:1,(anonymous_10)
DA:1,3
DA:2,3
DA:3,3
DA:4,3
DA:5,3
DA:6,3
DA:7,3
DA:8,3
DA:9,3
DA:10,3
DA:11,3
DA:14,3
DA:17,3
DA:21,3
DA:26,3
DA:30,0
DA:31,0
DA:35,0
DA:36,0
DA:40,1
DA:66,1
DA:67,1
DA:68,1
DA:69,1
DA:71,1
DA:72,0
DA:73,1
DA:74,0
DA:77,1
DA:98,1
DA:102,1
DA:104,1
DA:108,1
DA:109,1
DA:110,0
DA:115,1
DA:136,1
DA:155,1
LF:38
LH:31
BRDA:21,0,0,3
BRDA:21,0,1,3
BRDA:21,0,2,0
BRDA:21,0,3,0
BRDA:21,0,4,0
BRDA:68,1,0,1
BRDA:68,1,1,1
BRDA:71,2,0,0
BRDA:71,2,1,1
BRDA:71,3,0,1
BRDA:71,3,1,0
BRDA:73,4,0,0
BRDA:73,5,0,1
BRDA:73,5,1,1
BRDA:82,6,0,1
BRDA:82,6,1,1
BRDA:83,7,0,1
BRDA:83,7,1,1
BRDA:84,8,0,1
BRDA:84,8,1,1
BRDA:86,9,0,1
BRDA:86,9,1,1
BRDA:87,10,0,1
BRDA:87,10,1,1
BRDA:90,11,0,1
BRDA:90,11,1,0
BRDA:91,12,0,1
BRDA:91,12,1,0
BRDA:102,13,0,0
BRDA:109,14,0,0
BRDA:141,15,0,1
BRDA:141,15,1,1
BRDA:142,16,0,1
BRDA:142,16,1,1
BRDA:143,17,0,1
BRDA:143,17,1,1
BRDA:147,18,0,1
BRDA:147,18,1,0
BRDA:148,19,0,1
BRDA:148,19,1,0
BRDA:150,20,0,0
BRDA:150,20,1,1
BRDA:160,21,0,1
BRDA:160,21,1,0
BRDA:161,22,0,1
BRDA:161,22,1,0
BRDA:162,23,0,1
BRDA:162,23,1,0
BRF:48
BRH:32
end_of_record
TN:
SF:src/infrastructure/persistence/typeorm/repositories/sales-fiscal-note.repository.ts
FN:14,(anonymous_4)
FN:28,(anonymous_5)
FN:41,(anonymous_6)
FN:45,(anonymous_7)
FN:50,(anonymous_8)
FN:57,(anonymous_9)
FN:137,(anonymous_10)
FNF:7
FNH:0
FNDA:0,(anonymous_4)
FNDA:0,(anonymous_5)
FNDA:0,(anonymous_6)
FNDA:0,(anonymous_7)
FNDA:0,(anonymous_8)
FNDA:0,(anonymous_9)
FNDA:0,(anonymous_10)
DA:1,2
DA:2,2
DA:3,2
DA:4,2
DA:5,2
DA:6,2
DA:7,2
DA:8,2
DA:9,2
DA:10,2
DA:13,2
DA:16,0
DA:20,0
DA:25,0
DA:29,0
DA:31,0
DA:32,0
DA:33,0
DA:34,0
DA:38,0
DA:42,0
DA:46,0
DA:47,0
DA:51,0
DA:58,0
DA:62,0
DA:66,0
DA:71,0
DA:72,0
DA:74,0
DA:75,0
DA:76,0
DA:77,0
DA:81,0
DA:82,0
DA:88,0
DA:109,0
DA:137,0
LF:38
LH:11
BRDA:20,0,0,0
BRDA:20,0,1,0
BRDA:20,0,2,0
BRDA:20,0,3,0
BRDA:20,0,4,0
BRDA:31,1,0,0
BRDA:33,2,0,0
BRDA:33,3,0,0
BRDA:33,3,1,0
BRDA:62,4,0,0
BRDA:74,5,0,0
BRDA:74,6,0,0
BRDA:74,6,1,0
BRDA:76,7,0,0
BRDA:81,8,0,0
BRDA:127,9,0,0
BRDA:127,9,1,0
BRDA:132,10,0,0
BRDA:132,10,1,0
BRDA:149,11,0,0
BRDA:149,11,1,0
BRDA:150,12,0,0
BRDA:150,12,1,0
BRF:23
BRH:0
end_of_record
TN:
SF:src/infrastructure/persistence/typeorm/repositories/stock-move.repository.ts
FN:10,(anonymous_4)
FN:24,(anonymous_5)
FN:29,(anonymous_6)
FN:37,(anonymous_7)
FN:48,(anonymous_8)
FN:66,(anonymous_9)
FN:77,(anonymous_10)
FNF:7
FNH:3
FNDA:3,(anonymous_4)
FNDA:1,(anonymous_5)
FNDA:1,(anonymous_6)
FNDA:0,(anonymous_7)
FNDA:0,(anonymous_8)
FNDA:0,(anonymous_9)
FNDA:0,(anonymous_10)
DA:1,9
DA:2,9
DA:3,9
DA:4,9
DA:5,9
DA:6,9
DA:9,9
DA:12,3
DA:16,3
DA:21,3
DA:25,1
DA:26,1
DA:30,1
DA:31,1
DA:38,0
DA:39,0
DA:45,0
DA:49,0
DA:50,0
DA:59,0
DA:60,0
DA:61,0
DA:63,0
DA:67,0
DA:71,0
DA:74,0
DA:83,0
DA:87,0
DA:88,0
DA:90,0
DA:91,0
DA:93,0
DA:94,0
DA:96,0
DA:97,0
DA:100,0
LF:36
LH:14
BRDA:16,0,0,3
BRDA:16,0,1,3
BRDA:16,0,2,0
BRDA:16,0,3,0
BRDA:16,0,4,0
BRDA:45,1,0,0
BRDA:45,1,1,0
BRDA:49,2,0,0
BRDA:61,3,0,0
BRDA:61,3,1,0
BRDA:87,4,0,0
BRDA:90,5,0,0
[...]
TN:
SF:src/presentation/web/controllers/clients.controller.ts
FN:85,(anonymous_4)
FN:92,(anonymous_5)
FN:124,(anonymous_6)
FN:137,(anonymous_7)
FN:176,(anonymous_8)
FN:195,(anonymous_9)
FNF:6
FNH:6
FNDA:8,(anonymous_4)
FNDA:2,(anonymous_5)
FNDA:3,(anonymous_6)
FNDA:1,(anonymous_7)
FNDA:1,(anonymous_8)
FNDA:7,(anonymous_9)
DA:1,1
DA:2,1
DA:3,1
DA:4,1
DA:5,1
DA:6,1
DA:7,1
DA:8,1
DA:9,1
DA:10,1
DA:12,1
DA:15,1
DA:19,1
DA:23,1
DA:27,1
DA:31,1
DA:35,1
DA:39,1
DA:43,1
DA:46,1
DA:49,1
DA:53,1
DA:57,1
DA:61,1
DA:65,1
DA:69,1
DA:73,1
DA:77,1
DA:84,1
DA:85,8
DA:92,1
DA:97,2
DA:100,2
DA:101,2
DA:102,1
DA:105,1
DA:106,1
DA:107,1
DA:108,1
DA:109,1
DA:110,1
DA:111,1
DA:112,1
DA:113,1
DA:114,1
DA:116,1
DA:124,1
DA:128,3
DA:129,1
DA:137,1
DA:143,1
DA:144,1
DA:145,0
DA:148,1
DA:149,1
DA:150,0
DA:153,1
DA:154,1
DA:155,0
DA:156,0
DA:157,0
DA:159,0
DA:161,1
DA:162,1
DA:163,1
DA:164,1
DA:165,1
DA:166,1
DA:168,1
DA:176,1
DA:181,1
DA:182,1
DA:183,0
DA:186,1
DA:187,1
DA:188,0
DA:191,1
DA:192,1
DA:196,7
DA:197,1
DA:199,6
DA:200,6
DA:201,1
LF:83
LH:75
BRDA:101,0,0,1
BRDA:113,1,0,1
BRDA:113,1,1,1
BRDA:114,2,0,1
BRDA:114,2,1,1
BRDA:144,3,0,0
BRDA:144,4,0,1
BRDA:144,4,1,1
BRDA:149,5,0,0
BRDA:153,6,0,1
BRDA:154,7,0,0
BRDA:156,8,0,0
BRDA:156,9,0,0
BRDA:156,9,1,0
BRDA:161,10,0,0
BRDA:162,11,0,0
BRDA:163,12,0,0
BRDA:164,13,0,0
BRDA:165,14,0,0
BRDA:166,15,0,0
BRDA:182,16,0,0
BRDA:182,17,0,1
BRDA:182,17,1,1
BRDA:187,18,0,0
BRDA:196,19,0,1
BRDA:196,20,0,7
BRDA:196,20,1,7
BRDA:199,21,0,6
BRDA:199,21,1,0
BRDA:200,22,0,1
BRDA:200,23,0,6
BRDA:200,23,1,6
BRF:32
BRH:17
end_of_record
TN:
SF:src/presentation/web/controllers/commercial-documents.controller.ts
FN:20,(anonymous_4)
FN:31,(anonymous_5)
FN:47,(anonymous_6)
FN:68,(anonymous_7)
FN:83,(anonymous_8)
FN:112,(anonymous_9)
FN:133,(anonymous_10)
FNF:7
FNH:0
FNDA:0,(anonymous_4)
FNDA:0,(anonymous_5)
FNDA:0,(anonymous_6)
FNDA:0,(anonymous_7)
FNDA:0,(anonymous_8)
FNDA:0,(anonymous_9)
FNDA:0,(anonymous_10)
DA:1,0
DA:2,0
DA:3,0
DA:4,0
DA:5,0
DA:6,0
DA:8,0
DA:9,0
DA:10,0
DA:11,0
DA:12,0
DA:13,0
DA:19,0
DA:21,0
DA:22,0
DA:23,0
DA:31,0
DA:37,0
DA:38,0
DA:39,0
DA:47,0
DA:52,0
DA:53,0
DA:54,0
DA:56,0
DA:57,0
DA:58,0
DA:60,0
DA:68,0
DA:73,0
DA:74,0
DA:75,0
DA:83,0
DA:89,0
DA:90,0
DA:91,0
DA:93,0
DA:94,0
DA:112,0
DA:118,0
DA:119,0
DA:120,0
DA:122,0
DA:123,0
DA:124,0
DA:126,0
DA:127,0
DA:128,0
DA:130,0
DA:134,0
DA:135,0
DA:136,0
DA:138,0
DA:139,0
DA:141,0
LF:55
LH:0
BRDA:38,0,0,0
BRDA:38,0,1,0
BRDA:53,1,0,0
BRDA:53,2,0,0
BRDA:53,2,1,0
BRDA:57,3,0,0
BRDA:57,4,0,0
BRDA:57,4,1,0
BRDA:74,5,0,0
BRDA:74,5,1,0
BRDA:90,6,0,0
BRDA:90,7,0,0
BRDA:90,7,1,0
BRDA:93,8,0,0
BRDA:93,8,1,0
BRDA:119,9,0,0
BRDA:119,10,0,0
BRDA:119,10,1,0
BRDA:123,11,0,0
BRDA:123,12,0,0
BRDA:123,12,1,0
BRDA:127,13,0,0
BRDA:134,14,0,0
BRDA:134,14,1,0
BRDA:134,14,2,0
BRDA:135,15,0,0
BRDA:135,16,0,0
BRDA:135,16,1,0
BRDA:138,17,0,0
BRDA:138,18,0,0
BRDA:138,18,1,0
BRF:31
BRH:0
end_of_record
TN:
SF:src/presentation/web/controllers/fiscal-ranges.controller.ts
FN:14,(anonymous_4)
FN:22,(anonymous_5)
FN:33,(anonymous_6)
FN:42,(anonymous_7)
FNF:4
FNH:0
FNDA:0,(anonymous_4)
FNDA:0,(anonymous_5)
FNDA:0,(anonymous_6)
FNDA:0,(anonymous_7)
DA:1,0
DA:2,0
DA:3,0
DA:4,0
DA:5,0
DA:6,0
DA:7,0
DA:13,0
DA:15,0
DA:16,0
DA:22,0
DA:26,0
DA:27,0
DA:33,0
DA:38,0
DA:39,0
DA:43,0
DA:44,0
DA:45,0
DA:47,0
DA:48,0
DA:50,0
LF:22
LH:0
BRDA:43,0,0,0
BRDA:43,0,1,0
BRDA:43,0,2,0
BRDA:44,1,0,0
BRDA:44,2,0,0
BRDA:44,2,1,0
BRDA:47,3,0,0
BRDA:47,4,0,0
BRDA:47,4,1,0
BRF:9
BRH:0
end_of_record
TN:
SF:src/presentation/web/controllers/inventory.controller.ts
FN:34,(anonymous_13)
FN:53,(anonymous_14)
FN:102,(anonymous_15)
FN:124,(anonymous_16)
FN:146,(anonymous_17)
FN:161,(anonymous_18)
FN:179,(anonymous_19)
FN:206,(anonymous_20)
FN:227,(anonymous_21)
FN:248,(anonymous_22)
FN:271,(anonymous_23)
FN:294,(anonymous_24)
FN:312,(anonymous_25)
FN:338,(anonymous_26)
FN:359,(anonymous_27)
FN:381,(anonymous_28)
FN:410,(anonymous_29)
FN:432,(anonymous_30)
FNF:18
FNH:7
FNDA:7,(anonymous_13)
FNDA:0,(anonymous_14)
FNDA:0,(anonymous_15)
FNDA:0,(anonymous_16)
FNDA:1,(anonymous_17)
FNDA:1,(anonymous_18)
FNDA:2,(anonymous_19)
FNDA:1,(anonymous_20)
FNDA:1,(anonymous_21)
FNDA:0,(anonymous_22)
FNDA:0,(anonymous_23)
FNDA:0,(anonymous_24)
FNDA:0,(anonymous_25)
FNDA:0,(anonymous_26)
FNDA:0,(anonymous_27)
FNDA:0,(anonymous_28)
FNDA:0,(anonymous_29)
FNDA:1,(anonymous_30)
DA:1,1
DA:2,1
DA:3,1
DA:4,1
DA:5,1
DA:6,1
DA:7,1
DA:8,1
DA:9,1
DA:10,1
DA:11,1
DA:12,1
DA:13,1
DA:14,1
DA:15,1
DA:16,1
DA:17,1
DA:18,1
DA:19,1
DA:21,1
DA:23,1
DA:24,1
DA:26,1
DA:27,1
DA:33,1
DA:35,7
DA:36,7
DA:37,7
DA:38,7
DA:39,7
DA:40,7
DA:41,7
DA:42,7
DA:43,7
DA:44,7
DA:45,7
DA:53,1
DA:58,0
DA:59,0
DA:61,0
DA:62,0
DA:65,0
DA:71,0
DA:72,0
DA:73,0
DA:77,0
DA:78,0
DA:79,0
DA:81,0
DA:82,0
DA:83,0
DA:85,0
DA:87,0
DA:89,0
DA:102,1
DA:110,0
DA:111,0
DA:113,0
DA:114,0
DA:116,0
DA:124,1
DA:129,0
DA:130,0
DA:132,0
DA:133,0
DA:135,0
DA:136,0
DA:146,1
DA:152,1
DA:153,1
DA:161,1
DA:165,1
DA:166,0
DA:168,1
DA:169,0
DA:171,1
DA:179,1
DA:184,2
DA:185,0
DA:187,2
DA:188,0
DA:190,2
DA:191,0
DA:193,2
DA:194,2
DA:195,1
DA:197,1
DA:206,1
DA:211,1
DA:212,0
DA:214,1
DA:215,0
DA:217,1
DA:218,1
DA:227,1
DA:232,1
DA:233,0
DA:235,1
DA:236,0
DA:238,1
DA:239,1
DA:248,1
DA:254,0
DA:255,0
DA:257,0
DA:258,0
DA:260,0
DA:261,0
DA:263,0
DA:271,1
DA:276,0
DA:277,0
DA:279,0
DA:280,0
DA:282,0
DA:283,0
DA:285,0
DA:286,0
DA:294,1
DA:298,0
DA:299,0
DA:301,0
DA:302,0
DA:304,0
DA:312,1
DA:317,0
DA:318,0
DA:320,0
DA:321,0
DA:323,0
DA:324,0
DA:326,0
DA:327,0
DA:328,0
DA:330,0
DA:338,1
DA:343,0
DA:344,0
DA:346,0
DA:347,0
DA:349,0
DA:350,0
DA:351,0
DA:359,1
DA:367,0
DA:368,0
DA:381,1
DA:386,0
DA:387,0
DA:388,0
DA:389,0
DA:391,0
DA:392,0
DA:394,0
DA:395,0
DA:396,0
DA:397,0
DA:398,0
DA:399,0
DA:401,0
DA:410,1
DA:415,0
DA:416,0
DA:417,0
DA:418,0
DA:420,0
DA:421,0
DA:423,0
DA:424,0
DA:425,0
DA:426,0
DA:428,0
DA:433,1
DA:434,1
DA:435,0
DA:437,1
DA:438,0
DA:440,1
LF:178
LH:76
BRDA:58,0,0,0
BRDA:58,1,0,0
BRDA:58,1,1,0
BRDA:61,2,0,0
BRDA:65,3,0,0
BRDA:65,3,1,0
BRDA:72,4,0,0
BRDA:78,5,0,0
BRDA:78,5,1,0
BRDA:79,6,0,0
BRDA:79,6,1,0
BRDA:79,7,0,0
BRDA:79,7,1,0
BRDA:110,8,0,0
BRDA:110,9,0,0
BRDA:110,9,1,0
BRDA:113,10,0,0
BRDA:129,11,0,0
BRDA:129,12,0,0
BRDA:129,12,1,0
BRDA:132,13,0,0
BRDA:135,14,0,0
BRDA:135,14,1,0
BRDA:135,14,2,0
BRDA:136,15,0,0
BRDA:136,15,1,0
BRDA:165,16,0,0
BRDA:165,17,0,1
BRDA:165,17,1,1
BRDA:168,18,0,0
BRDA:184,19,0,0
BRDA:184,20,0,2
BRDA:184,20,1,2
BRDA:187,21,0,0
BRDA:190,22,0,0
BRDA:190,23,0,2
BRDA:190,23,1,2
BRDA:194,24,0,1
BRDA:211,25,0,0
BRDA:211,26,0,1
BRDA:211,26,1,1
BRDA:214,27,0,0
BRDA:217,28,0,1
BRDA:217,28,1,1
BRDA:217,29,0,1
BRDA:217,29,1,1
BRDA:232,30,0,0
BRDA:232,31,0,1
BRDA:232,31,1,1
BRDA:235,32,0,0
BRDA:254,33,0,0
BRDA:254,34,0,0
BRDA:254,34,1,0
BRDA:257,35,0,0
BRDA:260,36,0,0
BRDA:260,37,0,0
BRDA:260,37,1,0
BRDA:276,38,0,0
BRDA:276,39,0,0
BRDA:276,39,1,0
BRDA:279,40,0,0
BRDA:282,41,0,0
BRDA:282,42,0,0
BRDA:282,42,1,0
BRDA:298,43,0,0
BRDA:298,44,0,0
BRDA:298,44,1,0
BRDA:301,45,0,0
BRDA:317,46,0,0
BRDA:317,47,0,0
BRDA:317,47,1,0
BRDA:320,48,0,0
BRDA:323,49,0,0
BRDA:323,50,0,0
BRDA:323,50,1,0
BRDA:327,51,0,0
BRDA:343,52,0,0
BRDA:343,53,0,0
BRDA:343,53,1,0
BRDA:346,54,0,0
BRDA:350,55,0,0
BRDA:350,55,1,0
BRDA:388,56,0,0
BRDA:388,56,1,0
BRDA:388,56,2,0
BRDA:391,57,0,0
BRDA:391,58,0,0
BRDA:391,58,1,0
BRDA:391,58,2,0
BRDA:396,59,0,0
BRDA:396,59,1,0
BRDA:396,60,0,0
BRDA:396,60,1,0
BRDA:398,61,0,0
BRDA:398,62,0,0
BRDA:398,62,1,0
BRDA:398,62,2,0
BRDA:417,63,0,0
BRDA:417,63,1,0
BRDA:417,63,2,0
BRDA:420,64,0,0
BRDA:420,65,0,0
BRDA:420,65,1,0
BRDA:420,65,2,0
BRDA:425,66,0,0
BRDA:425,67,0,0
BRDA:425,67,1,0
BRDA:433,68,0,1
BRDA:433,68,1,0
BRDA:433,68,2,0
BRDA:434,69,0,0
BRDA:434,70,0,1
BRDA:434,70,1,1
BRDA:437,71,0,0
BRDA:437,72,0,1
BRDA:437,72,1,1
BRF:116
BRH:20
end_of_record
TN:
SF:src/presentation/web/controllers/providers.controller.ts
FN:109,(anonymous_4)
FN:115,(anonymous_5)
FN:150,(anonymous_6)
FN:162,(anonymous_7)
FN:204,(anonymous_8)
FN:223,(anonymous_9)
FNF:6
FNH:6
FNDA:8,(anonymous_4)
FNDA:2,(anonymous_5)
FNDA:3,(anonymous_6)
FNDA:1,(anonymous_7)
FNDA:1,(anonymous_8)
FNDA:7,(anonymous_9)
DA:1,1
DA:2,1
DA:3,1
DA:4,1
DA:5,1
DA:6,1
DA:7,1
DA:8,1
DA:10,1
DA:13,1
DA:17,1
DA:21,1
DA:25,1
DA:29,1
DA:33,1
DA:37,1
DA:41,1
DA:44,1
DA:47,1
DA:50,1
DA:54,1
DA:57,1
DA:60,1
DA:64,1
DA:68,1
DA:72,1
DA:76,1
DA:80,1
DA:84,1
DA:88,1
DA:91,1
DA:94,1
DA:97,1
DA:101,1
DA:108,1
DA:109,8
DA:115,1
DA:120,2
DA:123,2
DA:124,2
DA:125,1
DA:128,1
DA:129,1
DA:130,1
DA:131,1
DA:132,1
DA:133,1
DA:134,1
DA:135,1
DA:136,1
DA:137,1
DA:138,1
DA:139,1
DA:140,1
DA:141,1
DA:143,1
DA:150,1
DA:154,3
DA:155,1
DA:162,1
DA:168,1
DA:169,1
DA:170,0
DA:173,1
DA:174,1
DA:175,0
DA:178,1
DA:179,1
DA:180,0
DA:181,0
DA:182,0
DA:184,0
DA:186,1
DA:187,1
DA:188,1
DA:189,1
DA:190,1
DA:191,1
DA:192,1
DA:193,1
DA:194,1
DA:195,1
DA:197,1
DA:204,1
DA:209,1
DA:210,1
DA:211,0
DA:214,1
DA:215,1
DA:216,0
DA:219,1
DA:220,1
DA:224,7
DA:225,7
DA:226,1
DA:228,6
DA:229,1
DA:231,5
LF:98
LH:90
BRDA:124,0,0,1
BRDA:136,1,0,1
BRDA:136,1,1,1
BRDA:137,2,0,1
BRDA:137,2,1,1
BRDA:138,3,0,0
BRDA:138,3,1,1
BRDA:139,4,0,0
BRDA:139,4,1,1
BRDA:140,5,0,0
BRDA:140,5,1,1
BRDA:141,6,0,1
BRDA:141,6,1,1
BRDA:169,7,0,0
BRDA:169,8,0,1
BRDA:169,8,1,1
BRDA:174,9,0,0
BRDA:178,10,0,1
BRDA:179,11,0,0
BRDA:181,12,0,0
BRDA:181,13,0,0
BRDA:181,13,1,0
BRDA:186,14,0,0
BRDA:187,15,0,0
BRDA:188,16,0,0
BRDA:189,17,0,0
BRDA:190,18,0,0
BRDA:191,19,0,0
BRDA:192,20,0,0
BRDA:193,21,0,0
BRDA:194,22,0,0
BRDA:195,23,0,0
BRDA:210,24,0,0
BRDA:210,25,0,1
BRDA:210,25,1,1
BRDA:215,26,0,0
BRDA:224,27,0,7
BRDA:224,27,1,0
BRDA:224,27,2,0
BRDA:225,28,0,1
BRDA:225,29,0,7
BRDA:225,29,1,7
BRDA:228,30,0,1
BRDA:228,31,0,6
BRDA:228,31,1,6
BRF:45
BRH:22
end_of_record
TN:
SF:src/presentation/web/controllers/purchases.controller.ts
FN:17,(anonymous_4)
FN:31,(anonymous_5)
FN:49,(anonymous_6)
FN:62,(anonymous_7)
FN:79,(anonymous_8)
FN:89,(anonymous_9)
FN:102,(anonymous_10)
FN:109,(anonymous_11)
FNF:8
FNH:2
FNDA:3,(anonymous_4)
FNDA:0,(anonymous_5)
FNDA:3,(anonymous_6)
FNDA:0,(anonymous_7)
FNDA:0,(anonymous_8)
FNDA:0,(anonymous_9)
FNDA:0,(anonymous_10)
FNDA:0,(anonymous_11)
DA:1,1
DA:2,1
DA:3,1
DA:4,1
DA:5,1
DA:6,1
DA:7,1
DA:8,1
DA:9,1
DA:10,1
DA:11,1
DA:12,1
DA:16,1
DA:19,3
DA:21,3
DA:23,3
DA:24,3
DA:25,3
DA:26,3
DA:27,3
DA:31,1
DA:32,0
DA:33,0
DA:34,0
DA:35,0
DA:37,0
DA:43,0
DA:44,0
DA:49,1
DA:50,3
DA:51,3
DA:52,3
DA:53,3
DA:54,3
DA:56,1
DA:57,1
DA:62,1
DA:67,0
DA:68,0
DA:69,0
DA:70,0
DA:71,0
DA:73,0
DA:74,0
DA:79,1
DA:80,0
DA:81,0
DA:89,1
DA:90,0
DA:91,0
DA:92,0
DA:93,0
DA:94,0
DA:96,0
DA:97,0
DA:102,1
DA:103,0
DA:104,0
DA:105,0
DA:109,1
DA:110,0
DA:111,0
DA:112,0
DA:113,0
LF:64
LH:34
BRDA:33,0,0,0
BRDA:33,0,1,0
BRDA:34,1,0,0
BRDA:51,2,0,3
BRDA:51,2,1,0
BRDA:51,2,2,0
BRDA:51,2,3,0
BRDA:52,3,0,3
BRDA:52,3,1,2
BRDA:52,3,2,1
BRDA:53,4,0,3
BRDA:53,4,1,1
BRDA:53,4,2,1
BRDA:68,5,0,0
BRDA:68,5,1,0
BRDA:68,5,2,0
BRDA:68,5,3,0
BRDA:69,6,0,0
BRDA:69,6,1,0
BRDA:69,6,2,0
BRDA:70,7,0,0
BRDA:70,7,1,0
BRDA:70,7,2,0
BRDA:80,8,0,0
BRDA:80,8,1,0
BRDA:80,8,2,0
BRDA:80,8,3,0
BRDA:91,9,0,0
BRDA:91,9,1,0
BRDA:91,9,2,0
BRDA:91,9,3,0
BRDA:92,10,0,0
BRDA:92,10,1,0
BRDA:92,10,2,0
BRDA:93,11,0,0
BRDA:93,11,1,0
BRDA:93,11,2,0
BRDA:103,12,0,0
BRDA:103,12,1,0
BRDA:104,13,0,0
BRDA:104,13,1,0
BRDA:104,13,2,0
BRDA:110,14,0,0
BRDA:110,14,1,0
BRDA:112,15,0,0
BRF:45
BRH:7
end_of_record
TN:
SF:src/presentation/web/controllers/roles.controller.ts
FN:15,(anonymous_4)
FN:24,(anonymous_5)
FN:40,(anonymous_6)
FNF:3
FNH:0
FNDA:0,(anonymous_4)
FNDA:0,(anonymous_5)
FNDA:0,(anonymous_6)
DA:1,0
DA:2,0
DA:3,0
DA:4,0
DA:5,0
DA:6,0
DA:7,0
DA:8,0
DA:14,0
DA:16,0
DA:17,0
DA:24,0
DA:25,0
DA:26,0
DA:40,0
DA:41,0
DA:42,0
LF:17
LH:0
BRDA:30,0,0,0
BRDA:30,0,1,0
BRF:2
BRH:0
end_of_record
TN:
SF:src/presentation/web/controllers/sales.controller.ts
FN:20,(anonymous_4)
FN:32,(anonymous_5)
FN:50,(anonymous_6)
FN:68,(anonymous_7)
FN:94,(anonymous_8)
FN:124,(anonymous_9)
FN:148,(anonymous_10)
FNF:7
FNH:4
FNDA:5,(anonymous_4)
FNDA:1,(anonymous_5)
FNDA:0,(anonymous_6)
FNDA:0,(anonymous_7)
FNDA:2,(anonymous_8)
FNDA:1,(anonymous_9)
FNDA:0,(anonymous_10)
DA:1,1
DA:2,1
DA:3,1
DA:4,1
DA:5,1
DA:6,1
DA:7,1
DA:8,1
DA:9,1
DA:10,1
DA:11,1
DA:12,1
DA:13,1
DA:19,1
DA:21,5
DA:22,5
DA:23,5
DA:24,5
DA:32,1
DA:36,1
DA:37,0
DA:39,1
DA:40,0
DA:42,1
DA:50,1
DA:54,0
DA:55,0
DA:57,0
DA:58,0
DA:60,0
DA:68,1
DA:73,0
DA:74,0
DA:76,0
DA:77,0
DA:79,0
DA:80,0
DA:82,0
DA:83,0
DA:84,0
DA:86,0
DA:94,1
DA:99,2
DA:100,0
DA:102,2
DA:103,0
DA:105,2
DA:106,0
DA:108,2
DA:109,0
DA:111,2
DA:112,2
DA:113,1
DA:115,1
DA:124,1
DA:129,1
DA:130,0
DA:132,1
DA:133,0
DA:135,1
DA:140,1
DA:148,1
DA:153,0
DA:154,0
DA:156,0
DA:157,0
DA:159,0
DA:160,0
DA:161,0
LF:69
LH:39
BRDA:36,0,0,0
BRDA:36,1,0,1
BRDA:36,1,1,1
BRDA:39,2,0,0
BRDA:54,3,0,0
BRDA:54,4,0,0
BRDA:54,4,1,0
BRDA:57,5,0,0
BRDA:73,6,0,0
BRDA:73,7,0,0
BRDA:73,7,1,0
BRDA:76,8,0,0
BRDA:79,9,0,0
BRDA:79,10,0,0
BRDA:79,10,1,0
BRDA:83,11,0,0
BRDA:99,12,0,0
BRDA:99,13,0,2
BRDA:99,13,1,2
BRDA:102,14,0,0
BRDA:102,15,0,2
BRDA:102,15,1,2
BRDA:105,16,0,0
BRDA:108,17,0,0
BRDA:108,18,0,2
BRDA:108,18,1,2
BRDA:112,19,0,1
BRDA:129,20,0,0
BRDA:129,21,0,1
BRDA:129,21,1,1
BRDA:132,22,0,0
BRDA:138,23,0,1
BRDA:138,23,1,1
BRDA:153,24,0,0
BRDA:153,25,0,0
BRDA:153,25,1,0
BRDA:156,26,0,0
BRDA:160,27,0,0
BRDA:160,27,1,0
BRF:39
BRH:13
end_of_record
TN:
SF:src/presentation/web/controllers/subscription.controller.ts
FN:14,(anonymous_4)
FN:21,(anonymous_5)
FN:27,(anonymous_6)
FNF:3
FNH:3
FNDA:4,(anonymous_4)
FNDA:1,(anonymous_5)
FNDA:2,(anonymous_6)
DA:1,1
DA:2,1
DA:3,1
DA:4,1
DA:5,1
DA:7,1
DA:13,1
DA:15,4
DA:16,4
DA:21,1
DA:22,1
DA:27,1
DA:28,2
DA:29,2
DA:30,1
DA:43,1
DA:45,1
LF:17
LH:17
BRDA:29,0,0,1
BRF:1
BRH:1
end_of_record
TN:
SF:src/presentation/web/controllers/super-admin.controller.ts
FN:42,(anonymous_4)
FN:54,(anonymous_5)
FN:60,(anonymous_6)
FN:66,(anonymous_7)
FN:72,(anonymous_8)
FN:78,(anonymous_9)
FN:134,(anonymous_10)
FN:169,(anonymous_11)
FN:238,(anonymous_12)
FN:276,(anonymous_13)
FN:350,(anonymous_14)
FN:403,(anonymous_15)
FN:413,(anonymous_16)
FN:421,(anonymous_17)
FNF:14
FNH:4
FNDA:6,(anonymous_4)
FNDA:0,(anonymous_5)
FNDA:4,(anonymous_6)
FNDA:2,(anonymous_7)
FNDA:1,(anonymous_8)
FNDA:0,(anonymous_9)
FNDA:0,(anonymous_10)
FNDA:0,(anonymous_11)
FNDA:0,(anonymous_12)
FNDA:0,(anonymous_13)
FNDA:0,(anonymous_14)
FNDA:0,(anonymous_15)
FNDA:0,(anonymous_16)
FNDA:0,(anonymous_17)
DA:1,1
DA:15,1
DA:16,1
DA:17,1
DA:18,1
DA:19,1
DA:20,1
DA:21,1
DA:22,1
DA:23,1
DA:24,1
DA:25,1
DA:28,1
DA:29,1
DA:30,1
DA:31,1
DA:33,1
DA:34,1
DA:41,1
DA:43,6
DA:44,6
DA:45,6
DA:46,6
DA:47,6
DA:54,1
DA:55,0
DA:60,1
DA:61,4
DA:66,1
DA:67,2
DA:72,1
DA:73,1
DA:78,1
DA:79,0
DA:83,0
DA:84,0
DA:85,0
DA:88,0
DA:91,0
DA:94,0
DA:98,0
DA:129,0
DA:134,1
DA:148,0
DA:150,0
DA:151,0
DA:155,0
DA:156,0
DA:157,0
DA:161,0
DA:162,0
DA:163,0
DA:166,0
DA:167,0
DA:169,0
DA:170,0
DA:171,0
DA:172,0
DA:175,0
DA:176,0
DA:177,0
DA:181,0
DA:182,0
DA:183,0
DA:184,0
DA:186,0
DA:187,0
DA:188,0
DA:189,0
DA:190,0
DA:192,0
DA:210,0
DA:213,0
DA:214,0
DA:216,0
DA:226,0
DA:228,0
DA:238,1
DA:239,0
DA:240,0
DA:243,0
DA:244,0
DA:245,0
DA:248,0
DA:249,0
DA:250,0
DA:253,0
DA:257,0
DA:258,0
DA:263,0
DA:264,0
DA:267,0
DA:268,0
DA:269,0
DA:271,0
DA:276,1
DA:277,0
DA:278,0
DA:281,0
DA:282,0
DA:283,0
DA:299,0
DA:301,0
DA:302,0
DA:303,0
DA:304,0
DA:306,0
DA:307,0
DA:308,0
DA:309,0
DA:312,0
DA:324,0
DA:326,0
DA:329,0
DA:330,0
DA:331,0
DA:332,0
DA:333,0
DA:336,0
DA:337,0
DA:339,0
DA:340,0
DA:342,0
DA:345,0
DA:350,1
DA:351,0
DA:352,0
DA:355,0
DA:356,0
DA:357,0
DA:360,0
DA:364,0
DA:365,0
DA:370,0
DA:371,0
DA:374,0
DA:382,0
DA:384,0
DA:385,0
DA:387,0
DA:389,0
DA:403,1
DA:404,0
DA:405,0
DA:413,1
DA:414,0
DA:421,1
DA:422,0
DA:423,0
LF:149
LH:39
BRDA:102,0,0,0
BRDA:102,0,1,0
BRDA:103,1,0,0
BRDA:103,1,1,0
BRDA:104,2,0,0
BRDA:104,2,1,0
BRDA:107,3,0,0
BRDA:107,3,1,0
BRDA:109,4,0,0
BRDA:109,4,1,0
BRDA:110,5,0,0
BRDA:110,5,1,0
BRDA:111,6,0,0
BRDA:111,6,1,0
BRDA:112,7,0,0
BRDA:112,7,1,0
BRDA:113,8,0,0
BRDA:113,8,1,0
BRDA:114,9,0,0
BRDA:114,9,1,0
BRDA:122,10,0,0
BRDA:122,10,1,0
BRDA:122,10,2,0
BRDA:123,11,0,0
BRDA:123,11,1,0
BRDA:123,11,2,0
BRDA:124,12,0,0
BRDA:124,12,1,0
BRDA:125,13,0,0
BRDA:125,13,1,0
BRDA:150,14,0,0
BRDA:150,15,0,0
BRDA:150,15,1,0
BRDA:150,15,2,0
BRDA:156,16,0,0
BRDA:162,17,0,0
BRDA:162,18,0,0
BRDA:162,18,1,0
BRDA:171,19,0,0
BRDA:176,20,0,0
BRDA:184,21,0,0
BRDA:184,21,1,0
BRDA:186,22,0,0
BRDA:186,22,1,0
BRDA:193,23,0,0
BRDA:193,23,1,0
BRDA:194,24,0,0
BRDA:194,24,1,0
BRDA:195,25,0,0
BRDA:195,25,1,0
BRDA:196,26,0,0
BRDA:196,26,1,0
BRDA:197,27,0,0
BRDA:197,27,1,0
BRDA:198,28,0,0
BRDA:198,28,1,0
BRDA:207,29,0,0
BRDA:207,29,1,0
BRDA:218,30,0,0
BRDA:218,30,1,0
BRDA:239,31,0,0
BRDA:244,32,0,0
BRDA:248,33,0,0
BRDA:257,34,0,0
BRDA:263,35,0,0
BRDA:277,36,0,0
BRDA:282,37,0,0
BRDA:301,38,0,0
BRDA:301,38,1,0
BRDA:302,39,0,0
BRDA:302,39,1,0
BRDA:303,40,0,0
BRDA:303,40,1,0
BRDA:306,41,0,0
BRDA:306,42,0,0
BRDA:306,42,1,0
BRDA:313,43,0,0
BRDA:313,43,1,0
BRDA:314,44,0,0
BRDA:314,44,1,0
BRDA:315,45,0,0
BRDA:315,45,1,0
BRDA:316,46,0,0
BRDA:316,46,1,0
BRDA:317,47,0,0
BRDA:317,47,1,0
BRDA:318,48,0,0
BRDA:318,48,1,0
BRDA:319,49,0,0
BRDA:319,49,1,0
BRDA:320,50,0,0
BRDA:320,50,1,0
BRDA:321,51,0,0
BRDA:321,51,1,0
BRDA:329,52,0,0
BRDA:330,53,0,0
BRDA:331,54,0,0
BRDA:332,55,0,0
BRDA:332,56,0,0
BRDA:332,56,1,0
BRDA:336,57,0,0
BRDA:336,57,1,0
BRDA:351,58,0,0
BRDA:356,59,0,0
BRDA:364,60,0,0
BRDA:370,61,0,0
BRDA:382,62,0,0
BRDA:382,62,1,0
BRF:108
BRH:0
end_of_record
TN:
SF:src/presentation/web/controllers/tenant-profile.controller.ts
FN:14,(anonymous_4)
FN:22,(anonymous_5)
FN:39,(anonymous_6)
FNF:3
FNH:0
FNDA:0,(anonymous_4)
FNDA:0,(anonymous_5)
FNDA:0,(anonymous_6)
DA:1,0
DA:2,0
DA:3,0
DA:4,0
DA:5,0
DA:6,0
DA:7,0
DA:13,0
DA:15,0
DA:16,0
DA:22,0
DA:26,0
DA:27,0
DA:29,0
DA:30,0
DA:32,0
DA:39,0
DA:44,0
DA:45,0
DA:47,0
DA:48,0
DA:50,0
DA:51,0
DA:52,0
DA:54,0
LF:25
LH:0
BRDA:26,0,0,0
BRDA:26,1,0,0
BRDA:26,1,1,0
BRDA:29,2,0,0
BRDA:44,3,0,0
BRDA:44,4,0,0
BRDA:44,4,1,0
BRDA:47,5,0,0
BRDA:51,6,0,0
BRDA:51,7,0,0
BRDA:51,7,1,0
BRF:11
BRH:0
end_of_record
TN:
SF:src/presentation/web/controllers/users.controller.ts
FN:17,(anonymous_4)
FN:27,(anonymous_5)
FN:45,(anonymous_6)
FN:58,(anonymous_7)
FN:81,(anonymous_8)
FNF:5
FNH:0
FNDA:0,(anonymous_4)
FNDA:0,(anonymous_5)
FNDA:0,(anonymous_6)
FNDA:0,(anonymous_7)
FNDA:0,(anonymous_8)
DA:1,0
DA:2,0
DA:3,0
DA:4,0
DA:5,0
DA:6,0
DA:7,0
DA:8,0
DA:9,0
DA:10,0
DA:16,0
DA:18,0
DA:19,0
DA:20,0
DA:27,0
DA:28,0
DA:29,0
DA:45,0
DA:46,0
DA:47,0
DA:58,0
DA:63,0
DA:64,0
DA:81,0
DA:86,0
DA:87,0
LF:26
LH:0
BRDA:34,0,0,0
BRDA:34,0,1,0
BRDA:35,1,0,0
BRDA:35,1,1,0
BRDA:69,2,0,0
BRDA:69,2,1,0
BRDA:70,3,0,0
BRDA:70,3,1,0
BRDA:92,4,0,0
BRDA:92,4,1,0
BRDA:93,5,0,0
BRDA:93,5,1,0
BRF:12
BRH:0
end_of_record
TN:
SF:src/presentation/web/controllers/warehouse-locations.controller.ts
FN:36,(anonymous_4)
FN:44,(anonymous_5)
FN:77,(anonymous_6)
FN:91,(anonymous_7)
FN:104,(anonymous_8)
FN:116,(anonymous_9)
FN:128,(anonymous_10)
FN:159,(anonymous_11)
FNF:8
FNH:0
FNDA:0,(anonymous_4)
FNDA:0,(anonymous_5)
FNDA:0,(anonymous_6)
FNDA:0,(anonymous_7)
FNDA:0,(anonymous_8)
FNDA:0,(anonymous_9)
FNDA:0,(anonymous_10)
FNDA:0,(anonymous_11)
DA:1,0
DA:2,0
DA:3,0
DA:4,0
DA:5,0
DA:6,0
DA:7,0
DA:8,0
DA:9,0
DA:11,0
DA:14,0
DA:18,0
DA:22,0
DA:27,0
DA:35,0
DA:38,0
DA:44,0
DA:49,0
DA:51,0
DA:52,0
DA:53,0
DA:55,0
DA:58,0
DA:59,0
DA:63,0
DA:71,0
DA:77,0
DA:81,0
DA:82,0
DA:91,0
DA:95,0
DA:96,0
DA:101,0
DA:102,0
DA:104,0
DA:105,0
DA:106,0
DA:108,0
DA:109,0
DA:110,0
DA:112,0
DA:116,0
DA:117,0
DA:118,0
DA:121,0
DA:122,0
DA:128,0
DA:133,0
DA:134,0
DA:135,0
DA:138,0
DA:141,0
DA:142,0
DA:146,0
DA:149,0
DA:150,0
DA:155,0
DA:156,0
DA:160,0
DA:161,0
DA:162,0
DA:164,0
DA:165,0
DA:167,0
LF:64
LH:0
BRDA:51,0,0,0
BRDA:52,1,0,0
BRDA:58,2,0,0
BRDA:67,3,0,0
BRDA:67,3,1,0
BRDA:68,4,0,0
BRDA:68,4,1,0
BRDA:105,5,0,0
BRDA:105,5,1,0
BRDA:109,6,0,0
BRDA:117,7,0,0
BRDA:117,7,1,0
BRDA:134,8,0,0
BRDA:134,9,0,0
BRDA:134,9,1,0
BRDA:141,10,0,0
BRDA:149,11,0,0
BRDA:160,12,0,0
BRDA:160,12,1,0
BRDA:160,12,2,0
BRDA:161,13,0,0
BRDA:161,14,0,0
BRDA:161,14,1,0
BRDA:164,15,0,0
BRDA:164,16,0,0
BRDA:164,16,1,0
BRF:26
BRH:0
end_of_record
